ARM GAS  /tmp/cc5FBFtN.s 			page 1


   1              		.cpu cortex-m4
   2              		.eabi_attribute 27, 1
   3              		.eabi_attribute 28, 1
   4              		.eabi_attribute 20, 1
   5              		.eabi_attribute 21, 1
   6              		.eabi_attribute 23, 3
   7              		.eabi_attribute 24, 1
   8              		.eabi_attribute 25, 1
   9              		.eabi_attribute 26, 1
  10              		.eabi_attribute 30, 1
  11              		.eabi_attribute 34, 1
  12              		.eabi_attribute 18, 4
  13              		.file	"stm32f3xx_hal_msp.c"
  14              		.text
  15              	.Ltext0:
  16              		.cfi_sections	.debug_frame
  17              		.section	.text.HAL_MspInit,"ax",%progbits
  18              		.align	1
  19              		.global	HAL_MspInit
  20              		.arch armv7e-m
  21              		.syntax unified
  22              		.thumb
  23              		.thumb_func
  24              		.fpu fpv4-sp-d16
  26              	HAL_MspInit:
  27              	.LFB123:
  28              		.file 1 "Src/stm32f3xx_hal_msp.c"
   1:Src/stm32f3xx_hal_msp.c **** /* USER CODE BEGIN Header */
   2:Src/stm32f3xx_hal_msp.c **** /**
   3:Src/stm32f3xx_hal_msp.c ****   ******************************************************************************
   4:Src/stm32f3xx_hal_msp.c ****   * File Name          : stm32f3xx_hal_msp.c
   5:Src/stm32f3xx_hal_msp.c ****   * Description        : This file provides code for the MSP Initialization 
   6:Src/stm32f3xx_hal_msp.c ****   *                      and de-Initialization codes.
   7:Src/stm32f3xx_hal_msp.c ****   ******************************************************************************
   8:Src/stm32f3xx_hal_msp.c ****   * @attention
   9:Src/stm32f3xx_hal_msp.c ****   *
  10:Src/stm32f3xx_hal_msp.c ****   * <h2><center>&copy; Copyright (c) 2020 STMicroelectronics.
  11:Src/stm32f3xx_hal_msp.c ****   * All rights reserved.</center></h2>
  12:Src/stm32f3xx_hal_msp.c ****   *
  13:Src/stm32f3xx_hal_msp.c ****   * This software component is licensed by ST under BSD 3-Clause license,
  14:Src/stm32f3xx_hal_msp.c ****   * the "License"; You may not use this file except in compliance with the
  15:Src/stm32f3xx_hal_msp.c ****   * License. You may obtain a copy of the License at:
  16:Src/stm32f3xx_hal_msp.c ****   *                        opensource.org/licenses/BSD-3-Clause
  17:Src/stm32f3xx_hal_msp.c ****   *
  18:Src/stm32f3xx_hal_msp.c ****   ******************************************************************************
  19:Src/stm32f3xx_hal_msp.c ****   */
  20:Src/stm32f3xx_hal_msp.c **** /* USER CODE END Header */
  21:Src/stm32f3xx_hal_msp.c **** 
  22:Src/stm32f3xx_hal_msp.c **** /* Includes ------------------------------------------------------------------*/
  23:Src/stm32f3xx_hal_msp.c **** #include "main.h"
  24:Src/stm32f3xx_hal_msp.c **** /* USER CODE BEGIN Includes */
  25:Src/stm32f3xx_hal_msp.c **** 
  26:Src/stm32f3xx_hal_msp.c **** /* USER CODE END Includes */
  27:Src/stm32f3xx_hal_msp.c **** 
  28:Src/stm32f3xx_hal_msp.c **** /* Private typedef -----------------------------------------------------------*/
  29:Src/stm32f3xx_hal_msp.c **** /* USER CODE BEGIN TD */
  30:Src/stm32f3xx_hal_msp.c **** 
ARM GAS  /tmp/cc5FBFtN.s 			page 2


  31:Src/stm32f3xx_hal_msp.c **** /* USER CODE END TD */
  32:Src/stm32f3xx_hal_msp.c **** 
  33:Src/stm32f3xx_hal_msp.c **** /* Private define ------------------------------------------------------------*/
  34:Src/stm32f3xx_hal_msp.c **** /* USER CODE BEGIN Define */
  35:Src/stm32f3xx_hal_msp.c ****  
  36:Src/stm32f3xx_hal_msp.c **** /* USER CODE END Define */
  37:Src/stm32f3xx_hal_msp.c **** 
  38:Src/stm32f3xx_hal_msp.c **** /* Private macro -------------------------------------------------------------*/
  39:Src/stm32f3xx_hal_msp.c **** /* USER CODE BEGIN Macro */
  40:Src/stm32f3xx_hal_msp.c **** 
  41:Src/stm32f3xx_hal_msp.c **** /* USER CODE END Macro */
  42:Src/stm32f3xx_hal_msp.c **** 
  43:Src/stm32f3xx_hal_msp.c **** /* Private variables ---------------------------------------------------------*/
  44:Src/stm32f3xx_hal_msp.c **** /* USER CODE BEGIN PV */
  45:Src/stm32f3xx_hal_msp.c **** 
  46:Src/stm32f3xx_hal_msp.c **** /* USER CODE END PV */
  47:Src/stm32f3xx_hal_msp.c **** 
  48:Src/stm32f3xx_hal_msp.c **** /* Private function prototypes -----------------------------------------------*/
  49:Src/stm32f3xx_hal_msp.c **** /* USER CODE BEGIN PFP */
  50:Src/stm32f3xx_hal_msp.c **** 
  51:Src/stm32f3xx_hal_msp.c **** /* USER CODE END PFP */
  52:Src/stm32f3xx_hal_msp.c **** 
  53:Src/stm32f3xx_hal_msp.c **** /* External functions --------------------------------------------------------*/
  54:Src/stm32f3xx_hal_msp.c **** /* USER CODE BEGIN ExternalFunctions */
  55:Src/stm32f3xx_hal_msp.c **** 
  56:Src/stm32f3xx_hal_msp.c **** /* USER CODE END ExternalFunctions */
  57:Src/stm32f3xx_hal_msp.c **** 
  58:Src/stm32f3xx_hal_msp.c **** /* USER CODE BEGIN 0 */
  59:Src/stm32f3xx_hal_msp.c **** 
  60:Src/stm32f3xx_hal_msp.c **** /* USER CODE END 0 */
  61:Src/stm32f3xx_hal_msp.c **** /**
  62:Src/stm32f3xx_hal_msp.c ****   * Initializes the Global MSP.
  63:Src/stm32f3xx_hal_msp.c ****   */
  64:Src/stm32f3xx_hal_msp.c **** void HAL_MspInit(void)
  65:Src/stm32f3xx_hal_msp.c **** {
  29              		.loc 1 65 1 view -0
  30              		.cfi_startproc
  31              		@ args = 0, pretend = 0, frame = 8
  32              		@ frame_needed = 0, uses_anonymous_args = 0
  33              		@ link register save eliminated.
  34 0000 82B0     		sub	sp, sp, #8
  35              	.LCFI0:
  36              		.cfi_def_cfa_offset 8
  66:Src/stm32f3xx_hal_msp.c ****   /* USER CODE BEGIN MspInit 0 */
  67:Src/stm32f3xx_hal_msp.c **** 
  68:Src/stm32f3xx_hal_msp.c ****   /* USER CODE END MspInit 0 */
  69:Src/stm32f3xx_hal_msp.c **** 
  70:Src/stm32f3xx_hal_msp.c ****   __HAL_RCC_SYSCFG_CLK_ENABLE();
  37              		.loc 1 70 3 view .LVU1
  38              	.LBB2:
  39              		.loc 1 70 3 view .LVU2
  40              		.loc 1 70 3 view .LVU3
  41 0002 0A4B     		ldr	r3, .L3
  42 0004 9A69     		ldr	r2, [r3, #24]
  43 0006 42F00102 		orr	r2, r2, #1
  44 000a 9A61     		str	r2, [r3, #24]
  45              		.loc 1 70 3 view .LVU4
ARM GAS  /tmp/cc5FBFtN.s 			page 3


  46 000c 9A69     		ldr	r2, [r3, #24]
  47 000e 02F00102 		and	r2, r2, #1
  48 0012 0092     		str	r2, [sp]
  49              		.loc 1 70 3 view .LVU5
  50 0014 009A     		ldr	r2, [sp]
  51              	.LBE2:
  52              		.loc 1 70 3 view .LVU6
  71:Src/stm32f3xx_hal_msp.c ****   __HAL_RCC_PWR_CLK_ENABLE();
  53              		.loc 1 71 3 view .LVU7
  54              	.LBB3:
  55              		.loc 1 71 3 view .LVU8
  56              		.loc 1 71 3 view .LVU9
  57 0016 DA69     		ldr	r2, [r3, #28]
  58 0018 42F08052 		orr	r2, r2, #268435456
  59 001c DA61     		str	r2, [r3, #28]
  60              		.loc 1 71 3 view .LVU10
  61 001e DB69     		ldr	r3, [r3, #28]
  62 0020 03F08053 		and	r3, r3, #268435456
  63 0024 0193     		str	r3, [sp, #4]
  64              		.loc 1 71 3 view .LVU11
  65 0026 019B     		ldr	r3, [sp, #4]
  66              	.LBE3:
  67              		.loc 1 71 3 view .LVU12
  72:Src/stm32f3xx_hal_msp.c **** 
  73:Src/stm32f3xx_hal_msp.c ****   /* System interrupt init*/
  74:Src/stm32f3xx_hal_msp.c **** 
  75:Src/stm32f3xx_hal_msp.c ****   /* USER CODE BEGIN MspInit 1 */
  76:Src/stm32f3xx_hal_msp.c **** 
  77:Src/stm32f3xx_hal_msp.c ****   /* USER CODE END MspInit 1 */
  78:Src/stm32f3xx_hal_msp.c **** }
  68              		.loc 1 78 1 is_stmt 0 view .LVU13
  69 0028 02B0     		add	sp, sp, #8
  70              	.LCFI1:
  71              		.cfi_def_cfa_offset 0
  72              		@ sp needed
  73 002a 7047     		bx	lr
  74              	.L4:
  75              		.align	2
  76              	.L3:
  77 002c 00100240 		.word	1073876992
  78              		.cfi_endproc
  79              	.LFE123:
  81              		.section	.text.HAL_ADC_MspInit,"ax",%progbits
  82              		.align	1
  83              		.global	HAL_ADC_MspInit
  84              		.syntax unified
  85              		.thumb
  86              		.thumb_func
  87              		.fpu fpv4-sp-d16
  89              	HAL_ADC_MspInit:
  90              	.LVL0:
  91              	.LFB124:
  79:Src/stm32f3xx_hal_msp.c **** 
  80:Src/stm32f3xx_hal_msp.c **** /**
  81:Src/stm32f3xx_hal_msp.c **** * @brief ADC MSP Initialization
  82:Src/stm32f3xx_hal_msp.c **** * This function configures the hardware resources used in this example
  83:Src/stm32f3xx_hal_msp.c **** * @param hadc: ADC handle pointer
ARM GAS  /tmp/cc5FBFtN.s 			page 4


  84:Src/stm32f3xx_hal_msp.c **** * @retval None
  85:Src/stm32f3xx_hal_msp.c **** */
  86:Src/stm32f3xx_hal_msp.c **** void HAL_ADC_MspInit(ADC_HandleTypeDef* hadc)
  87:Src/stm32f3xx_hal_msp.c **** {
  92              		.loc 1 87 1 is_stmt 1 view -0
  93              		.cfi_startproc
  94              		@ args = 0, pretend = 0, frame = 32
  95              		@ frame_needed = 0, uses_anonymous_args = 0
  96              		.loc 1 87 1 is_stmt 0 view .LVU15
  97 0000 30B5     		push	{r4, r5, lr}
  98              	.LCFI2:
  99              		.cfi_def_cfa_offset 12
 100              		.cfi_offset 4, -12
 101              		.cfi_offset 5, -8
 102              		.cfi_offset 14, -4
 103 0002 89B0     		sub	sp, sp, #36
 104              	.LCFI3:
 105              		.cfi_def_cfa_offset 48
  88:Src/stm32f3xx_hal_msp.c ****   GPIO_InitTypeDef GPIO_InitStruct = {0};
 106              		.loc 1 88 3 is_stmt 1 view .LVU16
 107              		.loc 1 88 20 is_stmt 0 view .LVU17
 108 0004 0023     		movs	r3, #0
 109 0006 0393     		str	r3, [sp, #12]
 110 0008 0493     		str	r3, [sp, #16]
 111 000a 0593     		str	r3, [sp, #20]
 112 000c 0693     		str	r3, [sp, #24]
 113 000e 0793     		str	r3, [sp, #28]
  89:Src/stm32f3xx_hal_msp.c ****   if(hadc->Instance==ADC1)
 114              		.loc 1 89 3 is_stmt 1 view .LVU18
 115              		.loc 1 89 10 is_stmt 0 view .LVU19
 116 0010 0368     		ldr	r3, [r0]
 117              		.loc 1 89 5 view .LVU20
 118 0012 B3F1A04F 		cmp	r3, #1342177280
 119 0016 01D0     		beq	.L8
 120              	.LVL1:
 121              	.L5:
  90:Src/stm32f3xx_hal_msp.c ****   {
  91:Src/stm32f3xx_hal_msp.c ****   /* USER CODE BEGIN ADC1_MspInit 0 */
  92:Src/stm32f3xx_hal_msp.c **** 
  93:Src/stm32f3xx_hal_msp.c ****   /* USER CODE END ADC1_MspInit 0 */
  94:Src/stm32f3xx_hal_msp.c ****     /* Peripheral clock enable */
  95:Src/stm32f3xx_hal_msp.c ****     __HAL_RCC_ADC1_CLK_ENABLE();
  96:Src/stm32f3xx_hal_msp.c ****   
  97:Src/stm32f3xx_hal_msp.c ****     __HAL_RCC_GPIOC_CLK_ENABLE();
  98:Src/stm32f3xx_hal_msp.c ****     __HAL_RCC_GPIOA_CLK_ENABLE();
  99:Src/stm32f3xx_hal_msp.c ****     /**ADC1 GPIO Configuration    
 100:Src/stm32f3xx_hal_msp.c ****     PC3     ------> ADC1_IN9
 101:Src/stm32f3xx_hal_msp.c ****     PA0     ------> ADC1_IN1 
 102:Src/stm32f3xx_hal_msp.c ****     */
 103:Src/stm32f3xx_hal_msp.c ****     GPIO_InitStruct.Pin = GPIO_PIN_3;
 104:Src/stm32f3xx_hal_msp.c ****     GPIO_InitStruct.Mode = GPIO_MODE_ANALOG;
 105:Src/stm32f3xx_hal_msp.c ****     GPIO_InitStruct.Pull = GPIO_NOPULL;
 106:Src/stm32f3xx_hal_msp.c ****     HAL_GPIO_Init(GPIOC, &GPIO_InitStruct);
 107:Src/stm32f3xx_hal_msp.c **** 
 108:Src/stm32f3xx_hal_msp.c ****     GPIO_InitStruct.Pin = GPIO_PIN_0;
 109:Src/stm32f3xx_hal_msp.c ****     GPIO_InitStruct.Mode = GPIO_MODE_ANALOG;
 110:Src/stm32f3xx_hal_msp.c ****     GPIO_InitStruct.Pull = GPIO_NOPULL;
ARM GAS  /tmp/cc5FBFtN.s 			page 5


 111:Src/stm32f3xx_hal_msp.c ****     HAL_GPIO_Init(GPIOA, &GPIO_InitStruct);
 112:Src/stm32f3xx_hal_msp.c **** 
 113:Src/stm32f3xx_hal_msp.c ****     /* ADC1 interrupt Init */
 114:Src/stm32f3xx_hal_msp.c ****     HAL_NVIC_SetPriority(ADC1_IRQn, 0, 0);
 115:Src/stm32f3xx_hal_msp.c ****     HAL_NVIC_EnableIRQ(ADC1_IRQn);
 116:Src/stm32f3xx_hal_msp.c ****   /* USER CODE BEGIN ADC1_MspInit 1 */
 117:Src/stm32f3xx_hal_msp.c **** 
 118:Src/stm32f3xx_hal_msp.c ****   /* USER CODE END ADC1_MspInit 1 */
 119:Src/stm32f3xx_hal_msp.c ****   }
 120:Src/stm32f3xx_hal_msp.c **** 
 121:Src/stm32f3xx_hal_msp.c **** }
 122              		.loc 1 121 1 view .LVU21
 123 0018 09B0     		add	sp, sp, #36
 124              	.LCFI4:
 125              		.cfi_remember_state
 126              		.cfi_def_cfa_offset 12
 127              		@ sp needed
 128 001a 30BD     		pop	{r4, r5, pc}
 129              	.LVL2:
 130              	.L8:
 131              	.LCFI5:
 132              		.cfi_restore_state
  95:Src/stm32f3xx_hal_msp.c ****   
 133              		.loc 1 95 5 is_stmt 1 view .LVU22
 134              	.LBB4:
  95:Src/stm32f3xx_hal_msp.c ****   
 135              		.loc 1 95 5 view .LVU23
  95:Src/stm32f3xx_hal_msp.c ****   
 136              		.loc 1 95 5 view .LVU24
 137 001c 03F17043 		add	r3, r3, #-268435456
 138 0020 03F50433 		add	r3, r3, #135168
 139 0024 5A69     		ldr	r2, [r3, #20]
 140 0026 42F08052 		orr	r2, r2, #268435456
 141 002a 5A61     		str	r2, [r3, #20]
  95:Src/stm32f3xx_hal_msp.c ****   
 142              		.loc 1 95 5 view .LVU25
 143 002c 5A69     		ldr	r2, [r3, #20]
 144 002e 02F08052 		and	r2, r2, #268435456
 145 0032 0092     		str	r2, [sp]
  95:Src/stm32f3xx_hal_msp.c ****   
 146              		.loc 1 95 5 view .LVU26
 147 0034 009A     		ldr	r2, [sp]
 148              	.LBE4:
  95:Src/stm32f3xx_hal_msp.c ****   
 149              		.loc 1 95 5 view .LVU27
  97:Src/stm32f3xx_hal_msp.c ****     __HAL_RCC_GPIOA_CLK_ENABLE();
 150              		.loc 1 97 5 view .LVU28
 151              	.LBB5:
  97:Src/stm32f3xx_hal_msp.c ****     __HAL_RCC_GPIOA_CLK_ENABLE();
 152              		.loc 1 97 5 view .LVU29
  97:Src/stm32f3xx_hal_msp.c ****     __HAL_RCC_GPIOA_CLK_ENABLE();
 153              		.loc 1 97 5 view .LVU30
 154 0036 5A69     		ldr	r2, [r3, #20]
 155 0038 42F40022 		orr	r2, r2, #524288
 156 003c 5A61     		str	r2, [r3, #20]
  97:Src/stm32f3xx_hal_msp.c ****     __HAL_RCC_GPIOA_CLK_ENABLE();
 157              		.loc 1 97 5 view .LVU31
ARM GAS  /tmp/cc5FBFtN.s 			page 6


 158 003e 5A69     		ldr	r2, [r3, #20]
 159 0040 02F40022 		and	r2, r2, #524288
 160 0044 0192     		str	r2, [sp, #4]
  97:Src/stm32f3xx_hal_msp.c ****     __HAL_RCC_GPIOA_CLK_ENABLE();
 161              		.loc 1 97 5 view .LVU32
 162 0046 019A     		ldr	r2, [sp, #4]
 163              	.LBE5:
  97:Src/stm32f3xx_hal_msp.c ****     __HAL_RCC_GPIOA_CLK_ENABLE();
 164              		.loc 1 97 5 view .LVU33
  98:Src/stm32f3xx_hal_msp.c ****     /**ADC1 GPIO Configuration    
 165              		.loc 1 98 5 view .LVU34
 166              	.LBB6:
  98:Src/stm32f3xx_hal_msp.c ****     /**ADC1 GPIO Configuration    
 167              		.loc 1 98 5 view .LVU35
  98:Src/stm32f3xx_hal_msp.c ****     /**ADC1 GPIO Configuration    
 168              		.loc 1 98 5 view .LVU36
 169 0048 5A69     		ldr	r2, [r3, #20]
 170 004a 42F40032 		orr	r2, r2, #131072
 171 004e 5A61     		str	r2, [r3, #20]
  98:Src/stm32f3xx_hal_msp.c ****     /**ADC1 GPIO Configuration    
 172              		.loc 1 98 5 view .LVU37
 173 0050 5B69     		ldr	r3, [r3, #20]
 174 0052 03F40033 		and	r3, r3, #131072
 175 0056 0293     		str	r3, [sp, #8]
  98:Src/stm32f3xx_hal_msp.c ****     /**ADC1 GPIO Configuration    
 176              		.loc 1 98 5 view .LVU38
 177 0058 029B     		ldr	r3, [sp, #8]
 178              	.LBE6:
  98:Src/stm32f3xx_hal_msp.c ****     /**ADC1 GPIO Configuration    
 179              		.loc 1 98 5 view .LVU39
 103:Src/stm32f3xx_hal_msp.c ****     GPIO_InitStruct.Mode = GPIO_MODE_ANALOG;
 180              		.loc 1 103 5 view .LVU40
 103:Src/stm32f3xx_hal_msp.c ****     GPIO_InitStruct.Mode = GPIO_MODE_ANALOG;
 181              		.loc 1 103 25 is_stmt 0 view .LVU41
 182 005a 0823     		movs	r3, #8
 183 005c 0393     		str	r3, [sp, #12]
 104:Src/stm32f3xx_hal_msp.c ****     GPIO_InitStruct.Pull = GPIO_NOPULL;
 184              		.loc 1 104 5 is_stmt 1 view .LVU42
 104:Src/stm32f3xx_hal_msp.c ****     GPIO_InitStruct.Pull = GPIO_NOPULL;
 185              		.loc 1 104 26 is_stmt 0 view .LVU43
 186 005e 0325     		movs	r5, #3
 187 0060 0495     		str	r5, [sp, #16]
 105:Src/stm32f3xx_hal_msp.c ****     HAL_GPIO_Init(GPIOC, &GPIO_InitStruct);
 188              		.loc 1 105 5 is_stmt 1 view .LVU44
 105:Src/stm32f3xx_hal_msp.c ****     HAL_GPIO_Init(GPIOC, &GPIO_InitStruct);
 189              		.loc 1 105 26 is_stmt 0 view .LVU45
 190 0062 0024     		movs	r4, #0
 191 0064 0594     		str	r4, [sp, #20]
 106:Src/stm32f3xx_hal_msp.c **** 
 192              		.loc 1 106 5 is_stmt 1 view .LVU46
 193 0066 03A9     		add	r1, sp, #12
 194 0068 0A48     		ldr	r0, .L9
 195              	.LVL3:
 106:Src/stm32f3xx_hal_msp.c **** 
 196              		.loc 1 106 5 is_stmt 0 view .LVU47
 197 006a FFF7FEFF 		bl	HAL_GPIO_Init
 198              	.LVL4:
ARM GAS  /tmp/cc5FBFtN.s 			page 7


 108:Src/stm32f3xx_hal_msp.c ****     GPIO_InitStruct.Mode = GPIO_MODE_ANALOG;
 199              		.loc 1 108 5 is_stmt 1 view .LVU48
 108:Src/stm32f3xx_hal_msp.c ****     GPIO_InitStruct.Mode = GPIO_MODE_ANALOG;
 200              		.loc 1 108 25 is_stmt 0 view .LVU49
 201 006e 0123     		movs	r3, #1
 202 0070 0393     		str	r3, [sp, #12]
 109:Src/stm32f3xx_hal_msp.c ****     GPIO_InitStruct.Pull = GPIO_NOPULL;
 203              		.loc 1 109 5 is_stmt 1 view .LVU50
 109:Src/stm32f3xx_hal_msp.c ****     GPIO_InitStruct.Pull = GPIO_NOPULL;
 204              		.loc 1 109 26 is_stmt 0 view .LVU51
 205 0072 0495     		str	r5, [sp, #16]
 110:Src/stm32f3xx_hal_msp.c ****     HAL_GPIO_Init(GPIOA, &GPIO_InitStruct);
 206              		.loc 1 110 5 is_stmt 1 view .LVU52
 110:Src/stm32f3xx_hal_msp.c ****     HAL_GPIO_Init(GPIOA, &GPIO_InitStruct);
 207              		.loc 1 110 26 is_stmt 0 view .LVU53
 208 0074 0594     		str	r4, [sp, #20]
 111:Src/stm32f3xx_hal_msp.c **** 
 209              		.loc 1 111 5 is_stmt 1 view .LVU54
 210 0076 03A9     		add	r1, sp, #12
 211 0078 4FF09040 		mov	r0, #1207959552
 212 007c FFF7FEFF 		bl	HAL_GPIO_Init
 213              	.LVL5:
 114:Src/stm32f3xx_hal_msp.c ****     HAL_NVIC_EnableIRQ(ADC1_IRQn);
 214              		.loc 1 114 5 view .LVU55
 215 0080 2246     		mov	r2, r4
 216 0082 2146     		mov	r1, r4
 217 0084 1220     		movs	r0, #18
 218 0086 FFF7FEFF 		bl	HAL_NVIC_SetPriority
 219              	.LVL6:
 115:Src/stm32f3xx_hal_msp.c ****   /* USER CODE BEGIN ADC1_MspInit 1 */
 220              		.loc 1 115 5 view .LVU56
 221 008a 1220     		movs	r0, #18
 222 008c FFF7FEFF 		bl	HAL_NVIC_EnableIRQ
 223              	.LVL7:
 224              		.loc 1 121 1 is_stmt 0 view .LVU57
 225 0090 C2E7     		b	.L5
 226              	.L10:
 227 0092 00BF     		.align	2
 228              	.L9:
 229 0094 00080048 		.word	1207961600
 230              		.cfi_endproc
 231              	.LFE124:
 233              		.section	.text.HAL_ADC_MspDeInit,"ax",%progbits
 234              		.align	1
 235              		.global	HAL_ADC_MspDeInit
 236              		.syntax unified
 237              		.thumb
 238              		.thumb_func
 239              		.fpu fpv4-sp-d16
 241              	HAL_ADC_MspDeInit:
 242              	.LVL8:
 243              	.LFB125:
 122:Src/stm32f3xx_hal_msp.c **** 
 123:Src/stm32f3xx_hal_msp.c **** /**
 124:Src/stm32f3xx_hal_msp.c **** * @brief ADC MSP De-Initialization
 125:Src/stm32f3xx_hal_msp.c **** * This function freeze the hardware resources used in this example
 126:Src/stm32f3xx_hal_msp.c **** * @param hadc: ADC handle pointer
ARM GAS  /tmp/cc5FBFtN.s 			page 8


 127:Src/stm32f3xx_hal_msp.c **** * @retval None
 128:Src/stm32f3xx_hal_msp.c **** */
 129:Src/stm32f3xx_hal_msp.c **** void HAL_ADC_MspDeInit(ADC_HandleTypeDef* hadc)
 130:Src/stm32f3xx_hal_msp.c **** {
 244              		.loc 1 130 1 is_stmt 1 view -0
 245              		.cfi_startproc
 246              		@ args = 0, pretend = 0, frame = 0
 247              		@ frame_needed = 0, uses_anonymous_args = 0
 248              		.loc 1 130 1 is_stmt 0 view .LVU59
 249 0000 08B5     		push	{r3, lr}
 250              	.LCFI6:
 251              		.cfi_def_cfa_offset 8
 252              		.cfi_offset 3, -8
 253              		.cfi_offset 14, -4
 131:Src/stm32f3xx_hal_msp.c ****   if(hadc->Instance==ADC1)
 254              		.loc 1 131 3 is_stmt 1 view .LVU60
 255              		.loc 1 131 10 is_stmt 0 view .LVU61
 256 0002 0368     		ldr	r3, [r0]
 257              		.loc 1 131 5 view .LVU62
 258 0004 B3F1A04F 		cmp	r3, #1342177280
 259 0008 00D0     		beq	.L14
 260              	.LVL9:
 261              	.L11:
 132:Src/stm32f3xx_hal_msp.c ****   {
 133:Src/stm32f3xx_hal_msp.c ****   /* USER CODE BEGIN ADC1_MspDeInit 0 */
 134:Src/stm32f3xx_hal_msp.c **** 
 135:Src/stm32f3xx_hal_msp.c ****   /* USER CODE END ADC1_MspDeInit 0 */
 136:Src/stm32f3xx_hal_msp.c ****     /* Peripheral clock disable */
 137:Src/stm32f3xx_hal_msp.c ****     __HAL_RCC_ADC1_CLK_DISABLE();
 138:Src/stm32f3xx_hal_msp.c ****   
 139:Src/stm32f3xx_hal_msp.c ****     /**ADC1 GPIO Configuration    
 140:Src/stm32f3xx_hal_msp.c ****     PC3     ------> ADC1_IN9
 141:Src/stm32f3xx_hal_msp.c ****     PA0     ------> ADC1_IN1 
 142:Src/stm32f3xx_hal_msp.c ****     */
 143:Src/stm32f3xx_hal_msp.c ****     HAL_GPIO_DeInit(GPIOC, GPIO_PIN_3);
 144:Src/stm32f3xx_hal_msp.c **** 
 145:Src/stm32f3xx_hal_msp.c ****     HAL_GPIO_DeInit(GPIOA, GPIO_PIN_0);
 146:Src/stm32f3xx_hal_msp.c **** 
 147:Src/stm32f3xx_hal_msp.c ****     /* ADC1 interrupt DeInit */
 148:Src/stm32f3xx_hal_msp.c ****     HAL_NVIC_DisableIRQ(ADC1_IRQn);
 149:Src/stm32f3xx_hal_msp.c ****   /* USER CODE BEGIN ADC1_MspDeInit 1 */
 150:Src/stm32f3xx_hal_msp.c **** 
 151:Src/stm32f3xx_hal_msp.c ****   /* USER CODE END ADC1_MspDeInit 1 */
 152:Src/stm32f3xx_hal_msp.c ****   }
 153:Src/stm32f3xx_hal_msp.c **** 
 154:Src/stm32f3xx_hal_msp.c **** }
 262              		.loc 1 154 1 view .LVU63
 263 000a 08BD     		pop	{r3, pc}
 264              	.LVL10:
 265              	.L14:
 137:Src/stm32f3xx_hal_msp.c ****   
 266              		.loc 1 137 5 is_stmt 1 view .LVU64
 267 000c 084A     		ldr	r2, .L15
 268 000e 5369     		ldr	r3, [r2, #20]
 269 0010 23F08053 		bic	r3, r3, #268435456
 270 0014 5361     		str	r3, [r2, #20]
 143:Src/stm32f3xx_hal_msp.c **** 
ARM GAS  /tmp/cc5FBFtN.s 			page 9


 271              		.loc 1 143 5 view .LVU65
 272 0016 0821     		movs	r1, #8
 273 0018 0648     		ldr	r0, .L15+4
 274              	.LVL11:
 143:Src/stm32f3xx_hal_msp.c **** 
 275              		.loc 1 143 5 is_stmt 0 view .LVU66
 276 001a FFF7FEFF 		bl	HAL_GPIO_DeInit
 277              	.LVL12:
 145:Src/stm32f3xx_hal_msp.c **** 
 278              		.loc 1 145 5 is_stmt 1 view .LVU67
 279 001e 0121     		movs	r1, #1
 280 0020 4FF09040 		mov	r0, #1207959552
 281 0024 FFF7FEFF 		bl	HAL_GPIO_DeInit
 282              	.LVL13:
 148:Src/stm32f3xx_hal_msp.c ****   /* USER CODE BEGIN ADC1_MspDeInit 1 */
 283              		.loc 1 148 5 view .LVU68
 284 0028 1220     		movs	r0, #18
 285 002a FFF7FEFF 		bl	HAL_NVIC_DisableIRQ
 286              	.LVL14:
 287              		.loc 1 154 1 is_stmt 0 view .LVU69
 288 002e ECE7     		b	.L11
 289              	.L16:
 290              		.align	2
 291              	.L15:
 292 0030 00100240 		.word	1073876992
 293 0034 00080048 		.word	1207961600
 294              		.cfi_endproc
 295              	.LFE125:
 297              		.section	.text.HAL_DAC_MspInit,"ax",%progbits
 298              		.align	1
 299              		.global	HAL_DAC_MspInit
 300              		.syntax unified
 301              		.thumb
 302              		.thumb_func
 303              		.fpu fpv4-sp-d16
 305              	HAL_DAC_MspInit:
 306              	.LVL15:
 307              	.LFB126:
 155:Src/stm32f3xx_hal_msp.c **** 
 156:Src/stm32f3xx_hal_msp.c **** /**
 157:Src/stm32f3xx_hal_msp.c **** * @brief DAC MSP Initialization
 158:Src/stm32f3xx_hal_msp.c **** * This function configures the hardware resources used in this example
 159:Src/stm32f3xx_hal_msp.c **** * @param hdac: DAC handle pointer
 160:Src/stm32f3xx_hal_msp.c **** * @retval None
 161:Src/stm32f3xx_hal_msp.c **** */
 162:Src/stm32f3xx_hal_msp.c **** void HAL_DAC_MspInit(DAC_HandleTypeDef* hdac)
 163:Src/stm32f3xx_hal_msp.c **** {
 308              		.loc 1 163 1 is_stmt 1 view -0
 309              		.cfi_startproc
 310              		@ args = 0, pretend = 0, frame = 32
 311              		@ frame_needed = 0, uses_anonymous_args = 0
 312              		.loc 1 163 1 is_stmt 0 view .LVU71
 313 0000 00B5     		push	{lr}
 314              	.LCFI7:
 315              		.cfi_def_cfa_offset 4
 316              		.cfi_offset 14, -4
 317 0002 89B0     		sub	sp, sp, #36
ARM GAS  /tmp/cc5FBFtN.s 			page 10


 318              	.LCFI8:
 319              		.cfi_def_cfa_offset 40
 164:Src/stm32f3xx_hal_msp.c ****   GPIO_InitTypeDef GPIO_InitStruct = {0};
 320              		.loc 1 164 3 is_stmt 1 view .LVU72
 321              		.loc 1 164 20 is_stmt 0 view .LVU73
 322 0004 0023     		movs	r3, #0
 323 0006 0393     		str	r3, [sp, #12]
 324 0008 0493     		str	r3, [sp, #16]
 325 000a 0593     		str	r3, [sp, #20]
 326 000c 0693     		str	r3, [sp, #24]
 327 000e 0793     		str	r3, [sp, #28]
 165:Src/stm32f3xx_hal_msp.c ****   if(hdac->Instance==DAC)
 328              		.loc 1 165 3 is_stmt 1 view .LVU74
 329              		.loc 1 165 10 is_stmt 0 view .LVU75
 330 0010 0268     		ldr	r2, [r0]
 331              		.loc 1 165 5 view .LVU76
 332 0012 134B     		ldr	r3, .L21
 333 0014 9A42     		cmp	r2, r3
 334 0016 02D0     		beq	.L20
 335              	.LVL16:
 336              	.L17:
 166:Src/stm32f3xx_hal_msp.c ****   {
 167:Src/stm32f3xx_hal_msp.c ****   /* USER CODE BEGIN DAC_MspInit 0 */
 168:Src/stm32f3xx_hal_msp.c **** 
 169:Src/stm32f3xx_hal_msp.c ****   /* USER CODE END DAC_MspInit 0 */
 170:Src/stm32f3xx_hal_msp.c ****     /* Peripheral clock enable */
 171:Src/stm32f3xx_hal_msp.c ****     __HAL_RCC_DAC1_CLK_ENABLE();
 172:Src/stm32f3xx_hal_msp.c ****   
 173:Src/stm32f3xx_hal_msp.c ****     __HAL_RCC_GPIOA_CLK_ENABLE();
 174:Src/stm32f3xx_hal_msp.c ****     /**DAC GPIO Configuration    
 175:Src/stm32f3xx_hal_msp.c ****     PA4     ------> DAC_OUT1 
 176:Src/stm32f3xx_hal_msp.c ****     */
 177:Src/stm32f3xx_hal_msp.c ****     GPIO_InitStruct.Pin = GPIO_PIN_4;
 178:Src/stm32f3xx_hal_msp.c ****     GPIO_InitStruct.Mode = GPIO_MODE_ANALOG;
 179:Src/stm32f3xx_hal_msp.c ****     GPIO_InitStruct.Pull = GPIO_NOPULL;
 180:Src/stm32f3xx_hal_msp.c ****     HAL_GPIO_Init(GPIOA, &GPIO_InitStruct);
 181:Src/stm32f3xx_hal_msp.c **** 
 182:Src/stm32f3xx_hal_msp.c ****   /* USER CODE BEGIN DAC_MspInit 1 */
 183:Src/stm32f3xx_hal_msp.c **** 
 184:Src/stm32f3xx_hal_msp.c ****   /* USER CODE END DAC_MspInit 1 */
 185:Src/stm32f3xx_hal_msp.c ****   }
 186:Src/stm32f3xx_hal_msp.c **** 
 187:Src/stm32f3xx_hal_msp.c **** }
 337              		.loc 1 187 1 view .LVU77
 338 0018 09B0     		add	sp, sp, #36
 339              	.LCFI9:
 340              		.cfi_remember_state
 341              		.cfi_def_cfa_offset 4
 342              		@ sp needed
 343 001a 5DF804FB 		ldr	pc, [sp], #4
 344              	.LVL17:
 345              	.L20:
 346              	.LCFI10:
 347              		.cfi_restore_state
 171:Src/stm32f3xx_hal_msp.c ****   
 348              		.loc 1 171 5 is_stmt 1 view .LVU78
 349              	.LBB7:
ARM GAS  /tmp/cc5FBFtN.s 			page 11


 171:Src/stm32f3xx_hal_msp.c ****   
 350              		.loc 1 171 5 view .LVU79
 171:Src/stm32f3xx_hal_msp.c ****   
 351              		.loc 1 171 5 view .LVU80
 352 001e 03F5CE33 		add	r3, r3, #105472
 353 0022 DA69     		ldr	r2, [r3, #28]
 354 0024 42F00052 		orr	r2, r2, #536870912
 355 0028 DA61     		str	r2, [r3, #28]
 171:Src/stm32f3xx_hal_msp.c ****   
 356              		.loc 1 171 5 view .LVU81
 357 002a DA69     		ldr	r2, [r3, #28]
 358 002c 02F00052 		and	r2, r2, #536870912
 359 0030 0192     		str	r2, [sp, #4]
 171:Src/stm32f3xx_hal_msp.c ****   
 360              		.loc 1 171 5 view .LVU82
 361 0032 019A     		ldr	r2, [sp, #4]
 362              	.LBE7:
 171:Src/stm32f3xx_hal_msp.c ****   
 363              		.loc 1 171 5 view .LVU83
 173:Src/stm32f3xx_hal_msp.c ****     /**DAC GPIO Configuration    
 364              		.loc 1 173 5 view .LVU84
 365              	.LBB8:
 173:Src/stm32f3xx_hal_msp.c ****     /**DAC GPIO Configuration    
 366              		.loc 1 173 5 view .LVU85
 173:Src/stm32f3xx_hal_msp.c ****     /**DAC GPIO Configuration    
 367              		.loc 1 173 5 view .LVU86
 368 0034 5A69     		ldr	r2, [r3, #20]
 369 0036 42F40032 		orr	r2, r2, #131072
 370 003a 5A61     		str	r2, [r3, #20]
 173:Src/stm32f3xx_hal_msp.c ****     /**DAC GPIO Configuration    
 371              		.loc 1 173 5 view .LVU87
 372 003c 5B69     		ldr	r3, [r3, #20]
 373 003e 03F40033 		and	r3, r3, #131072
 374 0042 0293     		str	r3, [sp, #8]
 173:Src/stm32f3xx_hal_msp.c ****     /**DAC GPIO Configuration    
 375              		.loc 1 173 5 view .LVU88
 376 0044 029B     		ldr	r3, [sp, #8]
 377              	.LBE8:
 173:Src/stm32f3xx_hal_msp.c ****     /**DAC GPIO Configuration    
 378              		.loc 1 173 5 view .LVU89
 177:Src/stm32f3xx_hal_msp.c ****     GPIO_InitStruct.Mode = GPIO_MODE_ANALOG;
 379              		.loc 1 177 5 view .LVU90
 177:Src/stm32f3xx_hal_msp.c ****     GPIO_InitStruct.Mode = GPIO_MODE_ANALOG;
 380              		.loc 1 177 25 is_stmt 0 view .LVU91
 381 0046 1023     		movs	r3, #16
 382 0048 0393     		str	r3, [sp, #12]
 178:Src/stm32f3xx_hal_msp.c ****     GPIO_InitStruct.Pull = GPIO_NOPULL;
 383              		.loc 1 178 5 is_stmt 1 view .LVU92
 178:Src/stm32f3xx_hal_msp.c ****     GPIO_InitStruct.Pull = GPIO_NOPULL;
 384              		.loc 1 178 26 is_stmt 0 view .LVU93
 385 004a 0323     		movs	r3, #3
 386 004c 0493     		str	r3, [sp, #16]
 179:Src/stm32f3xx_hal_msp.c ****     HAL_GPIO_Init(GPIOA, &GPIO_InitStruct);
 387              		.loc 1 179 5 is_stmt 1 view .LVU94
 179:Src/stm32f3xx_hal_msp.c ****     HAL_GPIO_Init(GPIOA, &GPIO_InitStruct);
 388              		.loc 1 179 26 is_stmt 0 view .LVU95
 389 004e 0023     		movs	r3, #0
ARM GAS  /tmp/cc5FBFtN.s 			page 12


 390 0050 0593     		str	r3, [sp, #20]
 180:Src/stm32f3xx_hal_msp.c **** 
 391              		.loc 1 180 5 is_stmt 1 view .LVU96
 392 0052 03A9     		add	r1, sp, #12
 393 0054 4FF09040 		mov	r0, #1207959552
 394              	.LVL18:
 180:Src/stm32f3xx_hal_msp.c **** 
 395              		.loc 1 180 5 is_stmt 0 view .LVU97
 396 0058 FFF7FEFF 		bl	HAL_GPIO_Init
 397              	.LVL19:
 398              		.loc 1 187 1 view .LVU98
 399 005c DCE7     		b	.L17
 400              	.L22:
 401 005e 00BF     		.align	2
 402              	.L21:
 403 0060 00740040 		.word	1073771520
 404              		.cfi_endproc
 405              	.LFE126:
 407              		.section	.text.HAL_DAC_MspDeInit,"ax",%progbits
 408              		.align	1
 409              		.global	HAL_DAC_MspDeInit
 410              		.syntax unified
 411              		.thumb
 412              		.thumb_func
 413              		.fpu fpv4-sp-d16
 415              	HAL_DAC_MspDeInit:
 416              	.LVL20:
 417              	.LFB127:
 188:Src/stm32f3xx_hal_msp.c **** 
 189:Src/stm32f3xx_hal_msp.c **** /**
 190:Src/stm32f3xx_hal_msp.c **** * @brief DAC MSP De-Initialization
 191:Src/stm32f3xx_hal_msp.c **** * This function freeze the hardware resources used in this example
 192:Src/stm32f3xx_hal_msp.c **** * @param hdac: DAC handle pointer
 193:Src/stm32f3xx_hal_msp.c **** * @retval None
 194:Src/stm32f3xx_hal_msp.c **** */
 195:Src/stm32f3xx_hal_msp.c **** void HAL_DAC_MspDeInit(DAC_HandleTypeDef* hdac)
 196:Src/stm32f3xx_hal_msp.c **** {
 418              		.loc 1 196 1 is_stmt 1 view -0
 419              		.cfi_startproc
 420              		@ args = 0, pretend = 0, frame = 0
 421              		@ frame_needed = 0, uses_anonymous_args = 0
 422              		.loc 1 196 1 is_stmt 0 view .LVU100
 423 0000 08B5     		push	{r3, lr}
 424              	.LCFI11:
 425              		.cfi_def_cfa_offset 8
 426              		.cfi_offset 3, -8
 427              		.cfi_offset 14, -4
 197:Src/stm32f3xx_hal_msp.c ****   if(hdac->Instance==DAC)
 428              		.loc 1 197 3 is_stmt 1 view .LVU101
 429              		.loc 1 197 10 is_stmt 0 view .LVU102
 430 0002 0268     		ldr	r2, [r0]
 431              		.loc 1 197 5 view .LVU103
 432 0004 074B     		ldr	r3, .L27
 433 0006 9A42     		cmp	r2, r3
 434 0008 00D0     		beq	.L26
 435              	.LVL21:
 436              	.L23:
ARM GAS  /tmp/cc5FBFtN.s 			page 13


 198:Src/stm32f3xx_hal_msp.c ****   {
 199:Src/stm32f3xx_hal_msp.c ****   /* USER CODE BEGIN DAC_MspDeInit 0 */
 200:Src/stm32f3xx_hal_msp.c **** 
 201:Src/stm32f3xx_hal_msp.c ****   /* USER CODE END DAC_MspDeInit 0 */
 202:Src/stm32f3xx_hal_msp.c ****     /* Peripheral clock disable */
 203:Src/stm32f3xx_hal_msp.c ****     __HAL_RCC_DAC1_CLK_DISABLE();
 204:Src/stm32f3xx_hal_msp.c ****   
 205:Src/stm32f3xx_hal_msp.c ****     /**DAC GPIO Configuration    
 206:Src/stm32f3xx_hal_msp.c ****     PA4     ------> DAC_OUT1 
 207:Src/stm32f3xx_hal_msp.c ****     */
 208:Src/stm32f3xx_hal_msp.c ****     HAL_GPIO_DeInit(GPIOA, GPIO_PIN_4);
 209:Src/stm32f3xx_hal_msp.c **** 
 210:Src/stm32f3xx_hal_msp.c ****   /* USER CODE BEGIN DAC_MspDeInit 1 */
 211:Src/stm32f3xx_hal_msp.c **** 
 212:Src/stm32f3xx_hal_msp.c ****   /* USER CODE END DAC_MspDeInit 1 */
 213:Src/stm32f3xx_hal_msp.c ****   }
 214:Src/stm32f3xx_hal_msp.c **** 
 215:Src/stm32f3xx_hal_msp.c **** }
 437              		.loc 1 215 1 view .LVU104
 438 000a 08BD     		pop	{r3, pc}
 439              	.LVL22:
 440              	.L26:
 203:Src/stm32f3xx_hal_msp.c ****   
 441              		.loc 1 203 5 is_stmt 1 view .LVU105
 442 000c 064A     		ldr	r2, .L27+4
 443 000e D369     		ldr	r3, [r2, #28]
 444 0010 23F00053 		bic	r3, r3, #536870912
 445 0014 D361     		str	r3, [r2, #28]
 208:Src/stm32f3xx_hal_msp.c **** 
 446              		.loc 1 208 5 view .LVU106
 447 0016 1021     		movs	r1, #16
 448 0018 4FF09040 		mov	r0, #1207959552
 449              	.LVL23:
 208:Src/stm32f3xx_hal_msp.c **** 
 450              		.loc 1 208 5 is_stmt 0 view .LVU107
 451 001c FFF7FEFF 		bl	HAL_GPIO_DeInit
 452              	.LVL24:
 453              		.loc 1 215 1 view .LVU108
 454 0020 F3E7     		b	.L23
 455              	.L28:
 456 0022 00BF     		.align	2
 457              	.L27:
 458 0024 00740040 		.word	1073771520
 459 0028 00100240 		.word	1073876992
 460              		.cfi_endproc
 461              	.LFE127:
 463              		.section	.text.HAL_OPAMP_MspInit,"ax",%progbits
 464              		.align	1
 465              		.global	HAL_OPAMP_MspInit
 466              		.syntax unified
 467              		.thumb
 468              		.thumb_func
 469              		.fpu fpv4-sp-d16
 471              	HAL_OPAMP_MspInit:
 472              	.LVL25:
 473              	.LFB128:
 216:Src/stm32f3xx_hal_msp.c **** 
ARM GAS  /tmp/cc5FBFtN.s 			page 14


 217:Src/stm32f3xx_hal_msp.c **** /**
 218:Src/stm32f3xx_hal_msp.c **** * @brief OPAMP MSP Initialization
 219:Src/stm32f3xx_hal_msp.c **** * This function configures the hardware resources used in this example
 220:Src/stm32f3xx_hal_msp.c **** * @param hopamp: OPAMP handle pointer
 221:Src/stm32f3xx_hal_msp.c **** * @retval None
 222:Src/stm32f3xx_hal_msp.c **** */
 223:Src/stm32f3xx_hal_msp.c **** void HAL_OPAMP_MspInit(OPAMP_HandleTypeDef* hopamp)
 224:Src/stm32f3xx_hal_msp.c **** {
 474              		.loc 1 224 1 is_stmt 1 view -0
 475              		.cfi_startproc
 476              		@ args = 0, pretend = 0, frame = 24
 477              		@ frame_needed = 0, uses_anonymous_args = 0
 478              		.loc 1 224 1 is_stmt 0 view .LVU110
 479 0000 00B5     		push	{lr}
 480              	.LCFI12:
 481              		.cfi_def_cfa_offset 4
 482              		.cfi_offset 14, -4
 483 0002 87B0     		sub	sp, sp, #28
 484              	.LCFI13:
 485              		.cfi_def_cfa_offset 32
 225:Src/stm32f3xx_hal_msp.c ****   GPIO_InitTypeDef GPIO_InitStruct = {0};
 486              		.loc 1 225 3 is_stmt 1 view .LVU111
 487              		.loc 1 225 20 is_stmt 0 view .LVU112
 488 0004 0023     		movs	r3, #0
 489 0006 0193     		str	r3, [sp, #4]
 490 0008 0293     		str	r3, [sp, #8]
 491 000a 0393     		str	r3, [sp, #12]
 492 000c 0493     		str	r3, [sp, #16]
 493 000e 0593     		str	r3, [sp, #20]
 226:Src/stm32f3xx_hal_msp.c ****   if(hopamp->Instance==OPAMP2)
 494              		.loc 1 226 3 is_stmt 1 view .LVU113
 495              		.loc 1 226 12 is_stmt 0 view .LVU114
 496 0010 0268     		ldr	r2, [r0]
 497              		.loc 1 226 5 view .LVU115
 498 0012 0F4B     		ldr	r3, .L33
 499 0014 9A42     		cmp	r2, r3
 500 0016 02D0     		beq	.L32
 501              	.LVL26:
 502              	.L29:
 227:Src/stm32f3xx_hal_msp.c ****   {
 228:Src/stm32f3xx_hal_msp.c ****   /* USER CODE BEGIN OPAMP2_MspInit 0 */
 229:Src/stm32f3xx_hal_msp.c **** 
 230:Src/stm32f3xx_hal_msp.c ****   /* USER CODE END OPAMP2_MspInit 0 */
 231:Src/stm32f3xx_hal_msp.c ****   
 232:Src/stm32f3xx_hal_msp.c ****     __HAL_RCC_GPIOA_CLK_ENABLE();
 233:Src/stm32f3xx_hal_msp.c ****     /**OPAMP2 GPIO Configuration    
 234:Src/stm32f3xx_hal_msp.c ****     PA5     ------> OPAMP2_VINM
 235:Src/stm32f3xx_hal_msp.c ****     PA6     ------> OPAMP2_VOUT
 236:Src/stm32f3xx_hal_msp.c ****     PA7     ------> OPAMP2_VINP 
 237:Src/stm32f3xx_hal_msp.c ****     */
 238:Src/stm32f3xx_hal_msp.c ****     GPIO_InitStruct.Pin = GPIO_PIN_5|GPIO_PIN_6|GPIO_PIN_7;
 239:Src/stm32f3xx_hal_msp.c ****     GPIO_InitStruct.Mode = GPIO_MODE_ANALOG;
 240:Src/stm32f3xx_hal_msp.c ****     GPIO_InitStruct.Pull = GPIO_NOPULL;
 241:Src/stm32f3xx_hal_msp.c ****     HAL_GPIO_Init(GPIOA, &GPIO_InitStruct);
 242:Src/stm32f3xx_hal_msp.c **** 
 243:Src/stm32f3xx_hal_msp.c ****   /* USER CODE BEGIN OPAMP2_MspInit 1 */
 244:Src/stm32f3xx_hal_msp.c **** 
ARM GAS  /tmp/cc5FBFtN.s 			page 15


 245:Src/stm32f3xx_hal_msp.c ****   /* USER CODE END OPAMP2_MspInit 1 */
 246:Src/stm32f3xx_hal_msp.c ****   }
 247:Src/stm32f3xx_hal_msp.c **** 
 248:Src/stm32f3xx_hal_msp.c **** }
 503              		.loc 1 248 1 view .LVU116
 504 0018 07B0     		add	sp, sp, #28
 505              	.LCFI14:
 506              		.cfi_remember_state
 507              		.cfi_def_cfa_offset 4
 508              		@ sp needed
 509 001a 5DF804FB 		ldr	pc, [sp], #4
 510              	.LVL27:
 511              	.L32:
 512              	.LCFI15:
 513              		.cfi_restore_state
 232:Src/stm32f3xx_hal_msp.c ****     /**OPAMP2 GPIO Configuration    
 514              		.loc 1 232 5 is_stmt 1 view .LVU117
 515              	.LBB9:
 232:Src/stm32f3xx_hal_msp.c ****     /**OPAMP2 GPIO Configuration    
 516              		.loc 1 232 5 view .LVU118
 232:Src/stm32f3xx_hal_msp.c ****     /**OPAMP2 GPIO Configuration    
 517              		.loc 1 232 5 view .LVU119
 518 001e 03F58733 		add	r3, r3, #69120
 519 0022 03F5E273 		add	r3, r3, #452
 520 0026 5A69     		ldr	r2, [r3, #20]
 521 0028 42F40032 		orr	r2, r2, #131072
 522 002c 5A61     		str	r2, [r3, #20]
 232:Src/stm32f3xx_hal_msp.c ****     /**OPAMP2 GPIO Configuration    
 523              		.loc 1 232 5 view .LVU120
 524 002e 5B69     		ldr	r3, [r3, #20]
 525 0030 03F40033 		and	r3, r3, #131072
 526 0034 0093     		str	r3, [sp]
 232:Src/stm32f3xx_hal_msp.c ****     /**OPAMP2 GPIO Configuration    
 527              		.loc 1 232 5 view .LVU121
 528 0036 009B     		ldr	r3, [sp]
 529              	.LBE9:
 232:Src/stm32f3xx_hal_msp.c ****     /**OPAMP2 GPIO Configuration    
 530              		.loc 1 232 5 view .LVU122
 238:Src/stm32f3xx_hal_msp.c ****     GPIO_InitStruct.Mode = GPIO_MODE_ANALOG;
 531              		.loc 1 238 5 view .LVU123
 238:Src/stm32f3xx_hal_msp.c ****     GPIO_InitStruct.Mode = GPIO_MODE_ANALOG;
 532              		.loc 1 238 25 is_stmt 0 view .LVU124
 533 0038 E023     		movs	r3, #224
 534 003a 0193     		str	r3, [sp, #4]
 239:Src/stm32f3xx_hal_msp.c ****     GPIO_InitStruct.Pull = GPIO_NOPULL;
 535              		.loc 1 239 5 is_stmt 1 view .LVU125
 239:Src/stm32f3xx_hal_msp.c ****     GPIO_InitStruct.Pull = GPIO_NOPULL;
 536              		.loc 1 239 26 is_stmt 0 view .LVU126
 537 003c 0323     		movs	r3, #3
 538 003e 0293     		str	r3, [sp, #8]
 240:Src/stm32f3xx_hal_msp.c ****     HAL_GPIO_Init(GPIOA, &GPIO_InitStruct);
 539              		.loc 1 240 5 is_stmt 1 view .LVU127
 240:Src/stm32f3xx_hal_msp.c ****     HAL_GPIO_Init(GPIOA, &GPIO_InitStruct);
 540              		.loc 1 240 26 is_stmt 0 view .LVU128
 541 0040 0023     		movs	r3, #0
 542 0042 0393     		str	r3, [sp, #12]
 241:Src/stm32f3xx_hal_msp.c **** 
ARM GAS  /tmp/cc5FBFtN.s 			page 16


 543              		.loc 1 241 5 is_stmt 1 view .LVU129
 544 0044 01A9     		add	r1, sp, #4
 545 0046 4FF09040 		mov	r0, #1207959552
 546              	.LVL28:
 241:Src/stm32f3xx_hal_msp.c **** 
 547              		.loc 1 241 5 is_stmt 0 view .LVU130
 548 004a FFF7FEFF 		bl	HAL_GPIO_Init
 549              	.LVL29:
 550              		.loc 1 248 1 view .LVU131
 551 004e E3E7     		b	.L29
 552              	.L34:
 553              		.align	2
 554              	.L33:
 555 0050 3C000140 		.word	1073807420
 556              		.cfi_endproc
 557              	.LFE128:
 559              		.section	.text.HAL_OPAMP_MspDeInit,"ax",%progbits
 560              		.align	1
 561              		.global	HAL_OPAMP_MspDeInit
 562              		.syntax unified
 563              		.thumb
 564              		.thumb_func
 565              		.fpu fpv4-sp-d16
 567              	HAL_OPAMP_MspDeInit:
 568              	.LVL30:
 569              	.LFB129:
 249:Src/stm32f3xx_hal_msp.c **** 
 250:Src/stm32f3xx_hal_msp.c **** /**
 251:Src/stm32f3xx_hal_msp.c **** * @brief OPAMP MSP De-Initialization
 252:Src/stm32f3xx_hal_msp.c **** * This function freeze the hardware resources used in this example
 253:Src/stm32f3xx_hal_msp.c **** * @param hopamp: OPAMP handle pointer
 254:Src/stm32f3xx_hal_msp.c **** * @retval None
 255:Src/stm32f3xx_hal_msp.c **** */
 256:Src/stm32f3xx_hal_msp.c **** void HAL_OPAMP_MspDeInit(OPAMP_HandleTypeDef* hopamp)
 257:Src/stm32f3xx_hal_msp.c **** {
 570              		.loc 1 257 1 is_stmt 1 view -0
 571              		.cfi_startproc
 572              		@ args = 0, pretend = 0, frame = 0
 573              		@ frame_needed = 0, uses_anonymous_args = 0
 574              		.loc 1 257 1 is_stmt 0 view .LVU133
 575 0000 08B5     		push	{r3, lr}
 576              	.LCFI16:
 577              		.cfi_def_cfa_offset 8
 578              		.cfi_offset 3, -8
 579              		.cfi_offset 14, -4
 258:Src/stm32f3xx_hal_msp.c ****   if(hopamp->Instance==OPAMP2)
 580              		.loc 1 258 3 is_stmt 1 view .LVU134
 581              		.loc 1 258 12 is_stmt 0 view .LVU135
 582 0002 0268     		ldr	r2, [r0]
 583              		.loc 1 258 5 view .LVU136
 584 0004 044B     		ldr	r3, .L39
 585 0006 9A42     		cmp	r2, r3
 586 0008 00D0     		beq	.L38
 587              	.LVL31:
 588              	.L35:
 259:Src/stm32f3xx_hal_msp.c ****   {
 260:Src/stm32f3xx_hal_msp.c ****   /* USER CODE BEGIN OPAMP2_MspDeInit 0 */
ARM GAS  /tmp/cc5FBFtN.s 			page 17


 261:Src/stm32f3xx_hal_msp.c **** 
 262:Src/stm32f3xx_hal_msp.c ****   /* USER CODE END OPAMP2_MspDeInit 0 */
 263:Src/stm32f3xx_hal_msp.c ****   
 264:Src/stm32f3xx_hal_msp.c ****     /**OPAMP2 GPIO Configuration    
 265:Src/stm32f3xx_hal_msp.c ****     PA5     ------> OPAMP2_VINM
 266:Src/stm32f3xx_hal_msp.c ****     PA6     ------> OPAMP2_VOUT
 267:Src/stm32f3xx_hal_msp.c ****     PA7     ------> OPAMP2_VINP 
 268:Src/stm32f3xx_hal_msp.c ****     */
 269:Src/stm32f3xx_hal_msp.c ****     HAL_GPIO_DeInit(GPIOA, GPIO_PIN_5|GPIO_PIN_6|GPIO_PIN_7);
 270:Src/stm32f3xx_hal_msp.c **** 
 271:Src/stm32f3xx_hal_msp.c ****   /* USER CODE BEGIN OPAMP2_MspDeInit 1 */
 272:Src/stm32f3xx_hal_msp.c **** 
 273:Src/stm32f3xx_hal_msp.c ****   /* USER CODE END OPAMP2_MspDeInit 1 */
 274:Src/stm32f3xx_hal_msp.c ****   }
 275:Src/stm32f3xx_hal_msp.c **** 
 276:Src/stm32f3xx_hal_msp.c **** }
 589              		.loc 1 276 1 view .LVU137
 590 000a 08BD     		pop	{r3, pc}
 591              	.LVL32:
 592              	.L38:
 269:Src/stm32f3xx_hal_msp.c **** 
 593              		.loc 1 269 5 is_stmt 1 view .LVU138
 594 000c E021     		movs	r1, #224
 595 000e 4FF09040 		mov	r0, #1207959552
 596              	.LVL33:
 269:Src/stm32f3xx_hal_msp.c **** 
 597              		.loc 1 269 5 is_stmt 0 view .LVU139
 598 0012 FFF7FEFF 		bl	HAL_GPIO_DeInit
 599              	.LVL34:
 600              		.loc 1 276 1 view .LVU140
 601 0016 F8E7     		b	.L35
 602              	.L40:
 603              		.align	2
 604              	.L39:
 605 0018 3C000140 		.word	1073807420
 606              		.cfi_endproc
 607              	.LFE129:
 609              		.section	.text.HAL_UART_MspInit,"ax",%progbits
 610              		.align	1
 611              		.global	HAL_UART_MspInit
 612              		.syntax unified
 613              		.thumb
 614              		.thumb_func
 615              		.fpu fpv4-sp-d16
 617              	HAL_UART_MspInit:
 618              	.LVL35:
 619              	.LFB130:
 277:Src/stm32f3xx_hal_msp.c **** 
 278:Src/stm32f3xx_hal_msp.c **** /**
 279:Src/stm32f3xx_hal_msp.c **** * @brief UART MSP Initialization
 280:Src/stm32f3xx_hal_msp.c **** * This function configures the hardware resources used in this example
 281:Src/stm32f3xx_hal_msp.c **** * @param huart: UART handle pointer
 282:Src/stm32f3xx_hal_msp.c **** * @retval None
 283:Src/stm32f3xx_hal_msp.c **** */
 284:Src/stm32f3xx_hal_msp.c **** void HAL_UART_MspInit(UART_HandleTypeDef* huart)
 285:Src/stm32f3xx_hal_msp.c **** {
 620              		.loc 1 285 1 is_stmt 1 view -0
ARM GAS  /tmp/cc5FBFtN.s 			page 18


 621              		.cfi_startproc
 622              		@ args = 0, pretend = 0, frame = 32
 623              		@ frame_needed = 0, uses_anonymous_args = 0
 624              		.loc 1 285 1 is_stmt 0 view .LVU142
 625 0000 00B5     		push	{lr}
 626              	.LCFI17:
 627              		.cfi_def_cfa_offset 4
 628              		.cfi_offset 14, -4
 629 0002 89B0     		sub	sp, sp, #36
 630              	.LCFI18:
 631              		.cfi_def_cfa_offset 40
 286:Src/stm32f3xx_hal_msp.c ****   GPIO_InitTypeDef GPIO_InitStruct = {0};
 632              		.loc 1 286 3 is_stmt 1 view .LVU143
 633              		.loc 1 286 20 is_stmt 0 view .LVU144
 634 0004 0023     		movs	r3, #0
 635 0006 0393     		str	r3, [sp, #12]
 636 0008 0493     		str	r3, [sp, #16]
 637 000a 0593     		str	r3, [sp, #20]
 638 000c 0693     		str	r3, [sp, #24]
 639 000e 0793     		str	r3, [sp, #28]
 287:Src/stm32f3xx_hal_msp.c ****   if(huart->Instance==USART2)
 640              		.loc 1 287 3 is_stmt 1 view .LVU145
 641              		.loc 1 287 11 is_stmt 0 view .LVU146
 642 0010 0268     		ldr	r2, [r0]
 643              		.loc 1 287 5 view .LVU147
 644 0012 154B     		ldr	r3, .L45
 645 0014 9A42     		cmp	r2, r3
 646 0016 02D0     		beq	.L44
 647              	.LVL36:
 648              	.L41:
 288:Src/stm32f3xx_hal_msp.c ****   {
 289:Src/stm32f3xx_hal_msp.c ****   /* USER CODE BEGIN USART2_MspInit 0 */
 290:Src/stm32f3xx_hal_msp.c **** 
 291:Src/stm32f3xx_hal_msp.c ****   /* USER CODE END USART2_MspInit 0 */
 292:Src/stm32f3xx_hal_msp.c ****     /* Peripheral clock enable */
 293:Src/stm32f3xx_hal_msp.c ****     __HAL_RCC_USART2_CLK_ENABLE();
 294:Src/stm32f3xx_hal_msp.c ****   
 295:Src/stm32f3xx_hal_msp.c ****     __HAL_RCC_GPIOA_CLK_ENABLE();
 296:Src/stm32f3xx_hal_msp.c ****     /**USART2 GPIO Configuration    
 297:Src/stm32f3xx_hal_msp.c ****     PA2     ------> USART2_TX
 298:Src/stm32f3xx_hal_msp.c ****     PA3     ------> USART2_RX 
 299:Src/stm32f3xx_hal_msp.c ****     */
 300:Src/stm32f3xx_hal_msp.c ****     GPIO_InitStruct.Pin = GPIO_PIN_2|GPIO_PIN_3;
 301:Src/stm32f3xx_hal_msp.c ****     GPIO_InitStruct.Mode = GPIO_MODE_AF_PP;
 302:Src/stm32f3xx_hal_msp.c ****     GPIO_InitStruct.Pull = GPIO_NOPULL;
 303:Src/stm32f3xx_hal_msp.c ****     GPIO_InitStruct.Speed = GPIO_SPEED_FREQ_HIGH;
 304:Src/stm32f3xx_hal_msp.c ****     GPIO_InitStruct.Alternate = GPIO_AF7_USART2;
 305:Src/stm32f3xx_hal_msp.c ****     HAL_GPIO_Init(GPIOA, &GPIO_InitStruct);
 306:Src/stm32f3xx_hal_msp.c **** 
 307:Src/stm32f3xx_hal_msp.c ****   /* USER CODE BEGIN USART2_MspInit 1 */
 308:Src/stm32f3xx_hal_msp.c **** 
 309:Src/stm32f3xx_hal_msp.c ****   /* USER CODE END USART2_MspInit 1 */
 310:Src/stm32f3xx_hal_msp.c ****   }
 311:Src/stm32f3xx_hal_msp.c **** 
 312:Src/stm32f3xx_hal_msp.c **** }
 649              		.loc 1 312 1 view .LVU148
 650 0018 09B0     		add	sp, sp, #36
ARM GAS  /tmp/cc5FBFtN.s 			page 19


 651              	.LCFI19:
 652              		.cfi_remember_state
 653              		.cfi_def_cfa_offset 4
 654              		@ sp needed
 655 001a 5DF804FB 		ldr	pc, [sp], #4
 656              	.LVL37:
 657              	.L44:
 658              	.LCFI20:
 659              		.cfi_restore_state
 293:Src/stm32f3xx_hal_msp.c ****   
 660              		.loc 1 293 5 is_stmt 1 view .LVU149
 661              	.LBB10:
 293:Src/stm32f3xx_hal_msp.c ****   
 662              		.loc 1 293 5 view .LVU150
 293:Src/stm32f3xx_hal_msp.c ****   
 663              		.loc 1 293 5 view .LVU151
 664 001e 03F5E633 		add	r3, r3, #117760
 665 0022 DA69     		ldr	r2, [r3, #28]
 666 0024 42F40032 		orr	r2, r2, #131072
 667 0028 DA61     		str	r2, [r3, #28]
 293:Src/stm32f3xx_hal_msp.c ****   
 668              		.loc 1 293 5 view .LVU152
 669 002a DA69     		ldr	r2, [r3, #28]
 670 002c 02F40032 		and	r2, r2, #131072
 671 0030 0192     		str	r2, [sp, #4]
 293:Src/stm32f3xx_hal_msp.c ****   
 672              		.loc 1 293 5 view .LVU153
 673 0032 019A     		ldr	r2, [sp, #4]
 674              	.LBE10:
 293:Src/stm32f3xx_hal_msp.c ****   
 675              		.loc 1 293 5 view .LVU154
 295:Src/stm32f3xx_hal_msp.c ****     /**USART2 GPIO Configuration    
 676              		.loc 1 295 5 view .LVU155
 677              	.LBB11:
 295:Src/stm32f3xx_hal_msp.c ****     /**USART2 GPIO Configuration    
 678              		.loc 1 295 5 view .LVU156
 295:Src/stm32f3xx_hal_msp.c ****     /**USART2 GPIO Configuration    
 679              		.loc 1 295 5 view .LVU157
 680 0034 5A69     		ldr	r2, [r3, #20]
 681 0036 42F40032 		orr	r2, r2, #131072
 682 003a 5A61     		str	r2, [r3, #20]
 295:Src/stm32f3xx_hal_msp.c ****     /**USART2 GPIO Configuration    
 683              		.loc 1 295 5 view .LVU158
 684 003c 5B69     		ldr	r3, [r3, #20]
 685 003e 03F40033 		and	r3, r3, #131072
 686 0042 0293     		str	r3, [sp, #8]
 295:Src/stm32f3xx_hal_msp.c ****     /**USART2 GPIO Configuration    
 687              		.loc 1 295 5 view .LVU159
 688 0044 029B     		ldr	r3, [sp, #8]
 689              	.LBE11:
 295:Src/stm32f3xx_hal_msp.c ****     /**USART2 GPIO Configuration    
 690              		.loc 1 295 5 view .LVU160
 300:Src/stm32f3xx_hal_msp.c ****     GPIO_InitStruct.Mode = GPIO_MODE_AF_PP;
 691              		.loc 1 300 5 view .LVU161
 300:Src/stm32f3xx_hal_msp.c ****     GPIO_InitStruct.Mode = GPIO_MODE_AF_PP;
 692              		.loc 1 300 25 is_stmt 0 view .LVU162
 693 0046 0C23     		movs	r3, #12
ARM GAS  /tmp/cc5FBFtN.s 			page 20


 694 0048 0393     		str	r3, [sp, #12]
 301:Src/stm32f3xx_hal_msp.c ****     GPIO_InitStruct.Pull = GPIO_NOPULL;
 695              		.loc 1 301 5 is_stmt 1 view .LVU163
 301:Src/stm32f3xx_hal_msp.c ****     GPIO_InitStruct.Pull = GPIO_NOPULL;
 696              		.loc 1 301 26 is_stmt 0 view .LVU164
 697 004a 0223     		movs	r3, #2
 698 004c 0493     		str	r3, [sp, #16]
 302:Src/stm32f3xx_hal_msp.c ****     GPIO_InitStruct.Speed = GPIO_SPEED_FREQ_HIGH;
 699              		.loc 1 302 5 is_stmt 1 view .LVU165
 302:Src/stm32f3xx_hal_msp.c ****     GPIO_InitStruct.Speed = GPIO_SPEED_FREQ_HIGH;
 700              		.loc 1 302 26 is_stmt 0 view .LVU166
 701 004e 0023     		movs	r3, #0
 702 0050 0593     		str	r3, [sp, #20]
 303:Src/stm32f3xx_hal_msp.c ****     GPIO_InitStruct.Alternate = GPIO_AF7_USART2;
 703              		.loc 1 303 5 is_stmt 1 view .LVU167
 303:Src/stm32f3xx_hal_msp.c ****     GPIO_InitStruct.Alternate = GPIO_AF7_USART2;
 704              		.loc 1 303 27 is_stmt 0 view .LVU168
 705 0052 0323     		movs	r3, #3
 706 0054 0693     		str	r3, [sp, #24]
 304:Src/stm32f3xx_hal_msp.c ****     HAL_GPIO_Init(GPIOA, &GPIO_InitStruct);
 707              		.loc 1 304 5 is_stmt 1 view .LVU169
 304:Src/stm32f3xx_hal_msp.c ****     HAL_GPIO_Init(GPIOA, &GPIO_InitStruct);
 708              		.loc 1 304 31 is_stmt 0 view .LVU170
 709 0056 0723     		movs	r3, #7
 710 0058 0793     		str	r3, [sp, #28]
 305:Src/stm32f3xx_hal_msp.c **** 
 711              		.loc 1 305 5 is_stmt 1 view .LVU171
 712 005a 03A9     		add	r1, sp, #12
 713 005c 4FF09040 		mov	r0, #1207959552
 714              	.LVL38:
 305:Src/stm32f3xx_hal_msp.c **** 
 715              		.loc 1 305 5 is_stmt 0 view .LVU172
 716 0060 FFF7FEFF 		bl	HAL_GPIO_Init
 717              	.LVL39:
 718              		.loc 1 312 1 view .LVU173
 719 0064 D8E7     		b	.L41
 720              	.L46:
 721 0066 00BF     		.align	2
 722              	.L45:
 723 0068 00440040 		.word	1073759232
 724              		.cfi_endproc
 725              	.LFE130:
 727              		.section	.text.HAL_UART_MspDeInit,"ax",%progbits
 728              		.align	1
 729              		.global	HAL_UART_MspDeInit
 730              		.syntax unified
 731              		.thumb
 732              		.thumb_func
 733              		.fpu fpv4-sp-d16
 735              	HAL_UART_MspDeInit:
 736              	.LVL40:
 737              	.LFB131:
 313:Src/stm32f3xx_hal_msp.c **** 
 314:Src/stm32f3xx_hal_msp.c **** /**
 315:Src/stm32f3xx_hal_msp.c **** * @brief UART MSP De-Initialization
 316:Src/stm32f3xx_hal_msp.c **** * This function freeze the hardware resources used in this example
 317:Src/stm32f3xx_hal_msp.c **** * @param huart: UART handle pointer
ARM GAS  /tmp/cc5FBFtN.s 			page 21


 318:Src/stm32f3xx_hal_msp.c **** * @retval None
 319:Src/stm32f3xx_hal_msp.c **** */
 320:Src/stm32f3xx_hal_msp.c **** void HAL_UART_MspDeInit(UART_HandleTypeDef* huart)
 321:Src/stm32f3xx_hal_msp.c **** {
 738              		.loc 1 321 1 is_stmt 1 view -0
 739              		.cfi_startproc
 740              		@ args = 0, pretend = 0, frame = 0
 741              		@ frame_needed = 0, uses_anonymous_args = 0
 742              		.loc 1 321 1 is_stmt 0 view .LVU175
 743 0000 08B5     		push	{r3, lr}
 744              	.LCFI21:
 745              		.cfi_def_cfa_offset 8
 746              		.cfi_offset 3, -8
 747              		.cfi_offset 14, -4
 322:Src/stm32f3xx_hal_msp.c ****   if(huart->Instance==USART2)
 748              		.loc 1 322 3 is_stmt 1 view .LVU176
 749              		.loc 1 322 11 is_stmt 0 view .LVU177
 750 0002 0268     		ldr	r2, [r0]
 751              		.loc 1 322 5 view .LVU178
 752 0004 074B     		ldr	r3, .L51
 753 0006 9A42     		cmp	r2, r3
 754 0008 00D0     		beq	.L50
 755              	.LVL41:
 756              	.L47:
 323:Src/stm32f3xx_hal_msp.c ****   {
 324:Src/stm32f3xx_hal_msp.c ****   /* USER CODE BEGIN USART2_MspDeInit 0 */
 325:Src/stm32f3xx_hal_msp.c **** 
 326:Src/stm32f3xx_hal_msp.c ****   /* USER CODE END USART2_MspDeInit 0 */
 327:Src/stm32f3xx_hal_msp.c ****     /* Peripheral clock disable */
 328:Src/stm32f3xx_hal_msp.c ****     __HAL_RCC_USART2_CLK_DISABLE();
 329:Src/stm32f3xx_hal_msp.c ****   
 330:Src/stm32f3xx_hal_msp.c ****     /**USART2 GPIO Configuration    
 331:Src/stm32f3xx_hal_msp.c ****     PA2     ------> USART2_TX
 332:Src/stm32f3xx_hal_msp.c ****     PA3     ------> USART2_RX 
 333:Src/stm32f3xx_hal_msp.c ****     */
 334:Src/stm32f3xx_hal_msp.c ****     HAL_GPIO_DeInit(GPIOA, GPIO_PIN_2|GPIO_PIN_3);
 335:Src/stm32f3xx_hal_msp.c **** 
 336:Src/stm32f3xx_hal_msp.c ****   /* USER CODE BEGIN USART2_MspDeInit 1 */
 337:Src/stm32f3xx_hal_msp.c **** 
 338:Src/stm32f3xx_hal_msp.c ****   /* USER CODE END USART2_MspDeInit 1 */
 339:Src/stm32f3xx_hal_msp.c ****   }
 340:Src/stm32f3xx_hal_msp.c **** 
 341:Src/stm32f3xx_hal_msp.c **** }
 757              		.loc 1 341 1 view .LVU179
 758 000a 08BD     		pop	{r3, pc}
 759              	.LVL42:
 760              	.L50:
 328:Src/stm32f3xx_hal_msp.c ****   
 761              		.loc 1 328 5 is_stmt 1 view .LVU180
 762 000c 064A     		ldr	r2, .L51+4
 763 000e D369     		ldr	r3, [r2, #28]
 764 0010 23F40033 		bic	r3, r3, #131072
 765 0014 D361     		str	r3, [r2, #28]
 334:Src/stm32f3xx_hal_msp.c **** 
 766              		.loc 1 334 5 view .LVU181
 767 0016 0C21     		movs	r1, #12
 768 0018 4FF09040 		mov	r0, #1207959552
ARM GAS  /tmp/cc5FBFtN.s 			page 22


 769              	.LVL43:
 334:Src/stm32f3xx_hal_msp.c **** 
 770              		.loc 1 334 5 is_stmt 0 view .LVU182
 771 001c FFF7FEFF 		bl	HAL_GPIO_DeInit
 772              	.LVL44:
 773              		.loc 1 341 1 view .LVU183
 774 0020 F3E7     		b	.L47
 775              	.L52:
 776 0022 00BF     		.align	2
 777              	.L51:
 778 0024 00440040 		.word	1073759232
 779 0028 00100240 		.word	1073876992
 780              		.cfi_endproc
 781              	.LFE131:
 783              		.text
 784              	.Letext0:
 785              		.file 2 "/home/garnet/gcc-arm-none-eabi-9-2019-q4-major/arm-none-eabi/include/machine/_default_typ
 786              		.file 3 "/home/garnet/gcc-arm-none-eabi-9-2019-q4-major/arm-none-eabi/include/sys/_stdint.h"
 787              		.file 4 "Drivers/CMSIS/Include/core_cm4.h"
 788              		.file 5 "Drivers/CMSIS/Device/ST/STM32F3xx/Include/system_stm32f3xx.h"
 789              		.file 6 "Drivers/CMSIS/Device/ST/STM32F3xx/Include/stm32f302x8.h"
 790              		.file 7 "Drivers/CMSIS/Device/ST/STM32F3xx/Include/stm32f3xx.h"
 791              		.file 8 "Drivers/STM32F3xx_HAL_Driver/Inc/stm32f3xx_hal_def.h"
 792              		.file 9 "Drivers/STM32F3xx_HAL_Driver/Inc/stm32f3xx_hal_gpio.h"
 793              		.file 10 "Drivers/STM32F3xx_HAL_Driver/Inc/stm32f3xx_hal_dma.h"
 794              		.file 11 "Drivers/STM32F3xx_HAL_Driver/Inc/stm32f3xx_hal_adc_ex.h"
 795              		.file 12 "Drivers/STM32F3xx_HAL_Driver/Inc/stm32f3xx_hal_adc.h"
 796              		.file 13 "Drivers/STM32F3xx_HAL_Driver/Inc/stm32f3xx_hal_dac.h"
 797              		.file 14 "Drivers/STM32F3xx_HAL_Driver/Inc/stm32f3xx_hal_opamp.h"
 798              		.file 15 "Drivers/STM32F3xx_HAL_Driver/Inc/stm32f3xx_hal_uart.h"
 799              		.file 16 "Drivers/STM32F3xx_HAL_Driver/Inc/stm32f3xx_hal.h"
 800              		.file 17 "Drivers/STM32F3xx_HAL_Driver/Inc/stm32f3xx_hal_cortex.h"
ARM GAS  /tmp/cc5FBFtN.s 			page 23


DEFINED SYMBOLS
                            *ABS*:0000000000000000 stm32f3xx_hal_msp.c
     /tmp/cc5FBFtN.s:18     .text.HAL_MspInit:0000000000000000 $t
     /tmp/cc5FBFtN.s:26     .text.HAL_MspInit:0000000000000000 HAL_MspInit
     /tmp/cc5FBFtN.s:77     .text.HAL_MspInit:000000000000002c $d
     /tmp/cc5FBFtN.s:82     .text.HAL_ADC_MspInit:0000000000000000 $t
     /tmp/cc5FBFtN.s:89     .text.HAL_ADC_MspInit:0000000000000000 HAL_ADC_MspInit
     /tmp/cc5FBFtN.s:229    .text.HAL_ADC_MspInit:0000000000000094 $d
     /tmp/cc5FBFtN.s:234    .text.HAL_ADC_MspDeInit:0000000000000000 $t
     /tmp/cc5FBFtN.s:241    .text.HAL_ADC_MspDeInit:0000000000000000 HAL_ADC_MspDeInit
     /tmp/cc5FBFtN.s:292    .text.HAL_ADC_MspDeInit:0000000000000030 $d
     /tmp/cc5FBFtN.s:298    .text.HAL_DAC_MspInit:0000000000000000 $t
     /tmp/cc5FBFtN.s:305    .text.HAL_DAC_MspInit:0000000000000000 HAL_DAC_MspInit
     /tmp/cc5FBFtN.s:403    .text.HAL_DAC_MspInit:0000000000000060 $d
     /tmp/cc5FBFtN.s:408    .text.HAL_DAC_MspDeInit:0000000000000000 $t
     /tmp/cc5FBFtN.s:415    .text.HAL_DAC_MspDeInit:0000000000000000 HAL_DAC_MspDeInit
     /tmp/cc5FBFtN.s:458    .text.HAL_DAC_MspDeInit:0000000000000024 $d
     /tmp/cc5FBFtN.s:464    .text.HAL_OPAMP_MspInit:0000000000000000 $t
     /tmp/cc5FBFtN.s:471    .text.HAL_OPAMP_MspInit:0000000000000000 HAL_OPAMP_MspInit
     /tmp/cc5FBFtN.s:555    .text.HAL_OPAMP_MspInit:0000000000000050 $d
     /tmp/cc5FBFtN.s:560    .text.HAL_OPAMP_MspDeInit:0000000000000000 $t
     /tmp/cc5FBFtN.s:567    .text.HAL_OPAMP_MspDeInit:0000000000000000 HAL_OPAMP_MspDeInit
     /tmp/cc5FBFtN.s:605    .text.HAL_OPAMP_MspDeInit:0000000000000018 $d
     /tmp/cc5FBFtN.s:610    .text.HAL_UART_MspInit:0000000000000000 $t
     /tmp/cc5FBFtN.s:617    .text.HAL_UART_MspInit:0000000000000000 HAL_UART_MspInit
     /tmp/cc5FBFtN.s:723    .text.HAL_UART_MspInit:0000000000000068 $d
     /tmp/cc5FBFtN.s:728    .text.HAL_UART_MspDeInit:0000000000000000 $t
     /tmp/cc5FBFtN.s:735    .text.HAL_UART_MspDeInit:0000000000000000 HAL_UART_MspDeInit
     /tmp/cc5FBFtN.s:778    .text.HAL_UART_MspDeInit:0000000000000024 $d

UNDEFINED SYMBOLS
HAL_GPIO_Init
HAL_NVIC_SetPriority
HAL_NVIC_EnableIRQ
HAL_GPIO_DeInit
HAL_NVIC_DisableIRQ
