ARM GAS  /tmp/cc8LP9Iv.s 			page 1


   1              		.cpu cortex-m4
   2              		.eabi_attribute 27, 1
   3              		.eabi_attribute 28, 1
   4              		.eabi_attribute 20, 1
   5              		.eabi_attribute 21, 1
   6              		.eabi_attribute 23, 3
   7              		.eabi_attribute 24, 1
   8              		.eabi_attribute 25, 1
   9              		.eabi_attribute 26, 1
  10              		.eabi_attribute 30, 1
  11              		.eabi_attribute 34, 1
  12              		.eabi_attribute 18, 4
  13              		.file	"stm32l4xx_it.c"
  14              		.text
  15              	.Ltext0:
  16              		.cfi_sections	.debug_frame
  17              		.section	.text.NMI_Handler,"ax",%progbits
  18              		.align	1
  19              		.global	NMI_Handler
  20              		.arch armv7e-m
  21              		.syntax unified
  22              		.thumb
  23              		.thumb_func
  24              		.fpu fpv4-sp-d16
  26              	NMI_Handler:
  27              	.LFB286:
  28              		.file 1 "Src/stm32l4xx_it.c"
   1:Src/stm32l4xx_it.c **** /* USER CODE BEGIN Header */
   2:Src/stm32l4xx_it.c **** /**
   3:Src/stm32l4xx_it.c ****   ******************************************************************************
   4:Src/stm32l4xx_it.c ****   * @file    stm32l4xx_it.c
   5:Src/stm32l4xx_it.c ****   * @brief   Interrupt Service Routines.
   6:Src/stm32l4xx_it.c ****   ******************************************************************************
   7:Src/stm32l4xx_it.c ****   * @attention
   8:Src/stm32l4xx_it.c ****   *
   9:Src/stm32l4xx_it.c ****   * <h2><center>&copy; Copyright (c) 2020 STMicroelectronics.
  10:Src/stm32l4xx_it.c ****   * All rights reserved.</center></h2>
  11:Src/stm32l4xx_it.c ****   *
  12:Src/stm32l4xx_it.c ****   * This software component is licensed by ST under BSD 3-Clause license,
  13:Src/stm32l4xx_it.c ****   * the "License"; You may not use this file except in compliance with the
  14:Src/stm32l4xx_it.c ****   * License. You may obtain a copy of the License at:
  15:Src/stm32l4xx_it.c ****   *                        opensource.org/licenses/BSD-3-Clause
  16:Src/stm32l4xx_it.c ****   *
  17:Src/stm32l4xx_it.c ****   ******************************************************************************
  18:Src/stm32l4xx_it.c ****   */
  19:Src/stm32l4xx_it.c **** /* USER CODE END Header */
  20:Src/stm32l4xx_it.c **** 
  21:Src/stm32l4xx_it.c **** /* Includes ------------------------------------------------------------------*/
  22:Src/stm32l4xx_it.c **** #include "main.h"
  23:Src/stm32l4xx_it.c **** #include "stm32l4xx_it.h"
  24:Src/stm32l4xx_it.c **** /* Private includes ----------------------------------------------------------*/
  25:Src/stm32l4xx_it.c **** /* USER CODE BEGIN Includes */
  26:Src/stm32l4xx_it.c **** /* USER CODE END Includes */
  27:Src/stm32l4xx_it.c **** 
  28:Src/stm32l4xx_it.c **** /* Private typedef -----------------------------------------------------------*/
  29:Src/stm32l4xx_it.c **** /* USER CODE BEGIN TD */
  30:Src/stm32l4xx_it.c **** 
ARM GAS  /tmp/cc8LP9Iv.s 			page 2


  31:Src/stm32l4xx_it.c **** /* USER CODE END TD */
  32:Src/stm32l4xx_it.c **** 
  33:Src/stm32l4xx_it.c **** /* Private define ------------------------------------------------------------*/
  34:Src/stm32l4xx_it.c **** /* USER CODE BEGIN PD */
  35:Src/stm32l4xx_it.c **** 
  36:Src/stm32l4xx_it.c **** /* USER CODE END PD */
  37:Src/stm32l4xx_it.c **** 
  38:Src/stm32l4xx_it.c **** /* Private macro -------------------------------------------------------------*/
  39:Src/stm32l4xx_it.c **** /* USER CODE BEGIN PM */
  40:Src/stm32l4xx_it.c **** 
  41:Src/stm32l4xx_it.c **** /* USER CODE END PM */
  42:Src/stm32l4xx_it.c **** 
  43:Src/stm32l4xx_it.c **** /* Private variables ---------------------------------------------------------*/
  44:Src/stm32l4xx_it.c **** /* USER CODE BEGIN PV */
  45:Src/stm32l4xx_it.c **** 
  46:Src/stm32l4xx_it.c **** /* USER CODE END PV */
  47:Src/stm32l4xx_it.c **** 
  48:Src/stm32l4xx_it.c **** /* Private function prototypes -----------------------------------------------*/
  49:Src/stm32l4xx_it.c **** /* USER CODE BEGIN PFP */
  50:Src/stm32l4xx_it.c **** 
  51:Src/stm32l4xx_it.c **** /* USER CODE END PFP */
  52:Src/stm32l4xx_it.c **** 
  53:Src/stm32l4xx_it.c **** /* Private user code ---------------------------------------------------------*/
  54:Src/stm32l4xx_it.c **** /* USER CODE BEGIN 0 */
  55:Src/stm32l4xx_it.c **** 
  56:Src/stm32l4xx_it.c **** /* USER CODE END 0 */
  57:Src/stm32l4xx_it.c **** 
  58:Src/stm32l4xx_it.c **** /* External variables --------------------------------------------------------*/
  59:Src/stm32l4xx_it.c **** extern DMA_HandleTypeDef hdma_adc1;
  60:Src/stm32l4xx_it.c **** extern TIM_HandleTypeDef htim2;
  61:Src/stm32l4xx_it.c **** /* USER CODE BEGIN EV */
  62:Src/stm32l4xx_it.c **** 
  63:Src/stm32l4xx_it.c **** /* USER CODE END EV */
  64:Src/stm32l4xx_it.c **** 
  65:Src/stm32l4xx_it.c **** /******************************************************************************/
  66:Src/stm32l4xx_it.c **** /*           Cortex-M4 Processor Interruption and Exception Handlers          */ 
  67:Src/stm32l4xx_it.c **** /******************************************************************************/
  68:Src/stm32l4xx_it.c **** /**
  69:Src/stm32l4xx_it.c ****   * @brief This function handles Non maskable interrupt.
  70:Src/stm32l4xx_it.c ****   */
  71:Src/stm32l4xx_it.c **** void NMI_Handler(void)
  72:Src/stm32l4xx_it.c **** {
  29              		.loc 1 72 1 view -0
  30              		.cfi_startproc
  31              		@ args = 0, pretend = 0, frame = 0
  32              		@ frame_needed = 0, uses_anonymous_args = 0
  33              		@ link register save eliminated.
  73:Src/stm32l4xx_it.c ****   /* USER CODE BEGIN NonMaskableInt_IRQn 0 */
  74:Src/stm32l4xx_it.c **** 
  75:Src/stm32l4xx_it.c ****   /* USER CODE END NonMaskableInt_IRQn 0 */
  76:Src/stm32l4xx_it.c ****   /* USER CODE BEGIN NonMaskableInt_IRQn 1 */
  77:Src/stm32l4xx_it.c **** 
  78:Src/stm32l4xx_it.c ****   /* USER CODE END NonMaskableInt_IRQn 1 */
  79:Src/stm32l4xx_it.c **** }
  34              		.loc 1 79 1 view .LVU1
  35 0000 7047     		bx	lr
  36              		.cfi_endproc
ARM GAS  /tmp/cc8LP9Iv.s 			page 3


  37              	.LFE286:
  39              		.section	.text.HardFault_Handler,"ax",%progbits
  40              		.align	1
  41              		.global	HardFault_Handler
  42              		.syntax unified
  43              		.thumb
  44              		.thumb_func
  45              		.fpu fpv4-sp-d16
  47              	HardFault_Handler:
  48              	.LFB287:
  80:Src/stm32l4xx_it.c **** 
  81:Src/stm32l4xx_it.c **** /**
  82:Src/stm32l4xx_it.c ****   * @brief This function handles Hard fault interrupt.
  83:Src/stm32l4xx_it.c ****   */
  84:Src/stm32l4xx_it.c **** void HardFault_Handler(void)
  85:Src/stm32l4xx_it.c **** {
  49              		.loc 1 85 1 view -0
  50              		.cfi_startproc
  51              		@ Volatile: function does not return.
  52              		@ args = 0, pretend = 0, frame = 0
  53              		@ frame_needed = 0, uses_anonymous_args = 0
  54              		@ link register save eliminated.
  55              	.L3:
  86:Src/stm32l4xx_it.c ****   /* USER CODE BEGIN HardFault_IRQn 0 */
  87:Src/stm32l4xx_it.c **** 
  88:Src/stm32l4xx_it.c ****   /* USER CODE END HardFault_IRQn 0 */
  89:Src/stm32l4xx_it.c ****   while (1)
  56              		.loc 1 89 3 discriminator 1 view .LVU3
  90:Src/stm32l4xx_it.c ****   {
  91:Src/stm32l4xx_it.c ****     /* USER CODE BEGIN W1_HardFault_IRQn 0 */
  92:Src/stm32l4xx_it.c ****     /* USER CODE END W1_HardFault_IRQn 0 */
  93:Src/stm32l4xx_it.c ****   }
  57              		.loc 1 93 3 discriminator 1 view .LVU4
  89:Src/stm32l4xx_it.c ****   {
  58              		.loc 1 89 9 discriminator 1 view .LVU5
  59 0000 FEE7     		b	.L3
  60              		.cfi_endproc
  61              	.LFE287:
  63              		.section	.text.MemManage_Handler,"ax",%progbits
  64              		.align	1
  65              		.global	MemManage_Handler
  66              		.syntax unified
  67              		.thumb
  68              		.thumb_func
  69              		.fpu fpv4-sp-d16
  71              	MemManage_Handler:
  72              	.LFB288:
  94:Src/stm32l4xx_it.c **** }
  95:Src/stm32l4xx_it.c **** 
  96:Src/stm32l4xx_it.c **** /**
  97:Src/stm32l4xx_it.c ****   * @brief This function handles Memory management fault.
  98:Src/stm32l4xx_it.c ****   */
  99:Src/stm32l4xx_it.c **** void MemManage_Handler(void)
 100:Src/stm32l4xx_it.c **** {
  73              		.loc 1 100 1 view -0
  74              		.cfi_startproc
  75              		@ Volatile: function does not return.
ARM GAS  /tmp/cc8LP9Iv.s 			page 4


  76              		@ args = 0, pretend = 0, frame = 0
  77              		@ frame_needed = 0, uses_anonymous_args = 0
  78              		@ link register save eliminated.
  79              	.L5:
 101:Src/stm32l4xx_it.c ****   /* USER CODE BEGIN MemoryManagement_IRQn 0 */
 102:Src/stm32l4xx_it.c **** 
 103:Src/stm32l4xx_it.c ****   /* USER CODE END MemoryManagement_IRQn 0 */
 104:Src/stm32l4xx_it.c ****   while (1)
  80              		.loc 1 104 3 discriminator 1 view .LVU7
 105:Src/stm32l4xx_it.c ****   {
 106:Src/stm32l4xx_it.c ****     /* USER CODE BEGIN W1_MemoryManagement_IRQn 0 */
 107:Src/stm32l4xx_it.c ****     /* USER CODE END W1_MemoryManagement_IRQn 0 */
 108:Src/stm32l4xx_it.c ****   }
  81              		.loc 1 108 3 discriminator 1 view .LVU8
 104:Src/stm32l4xx_it.c ****   {
  82              		.loc 1 104 9 discriminator 1 view .LVU9
  83 0000 FEE7     		b	.L5
  84              		.cfi_endproc
  85              	.LFE288:
  87              		.section	.text.BusFault_Handler,"ax",%progbits
  88              		.align	1
  89              		.global	BusFault_Handler
  90              		.syntax unified
  91              		.thumb
  92              		.thumb_func
  93              		.fpu fpv4-sp-d16
  95              	BusFault_Handler:
  96              	.LFB289:
 109:Src/stm32l4xx_it.c **** }
 110:Src/stm32l4xx_it.c **** 
 111:Src/stm32l4xx_it.c **** /**
 112:Src/stm32l4xx_it.c ****   * @brief This function handles Prefetch fault, memory access fault.
 113:Src/stm32l4xx_it.c ****   */
 114:Src/stm32l4xx_it.c **** void BusFault_Handler(void)
 115:Src/stm32l4xx_it.c **** {
  97              		.loc 1 115 1 view -0
  98              		.cfi_startproc
  99              		@ Volatile: function does not return.
 100              		@ args = 0, pretend = 0, frame = 0
 101              		@ frame_needed = 0, uses_anonymous_args = 0
 102              		@ link register save eliminated.
 103              	.L7:
 116:Src/stm32l4xx_it.c ****   /* USER CODE BEGIN BusFault_IRQn 0 */
 117:Src/stm32l4xx_it.c **** 
 118:Src/stm32l4xx_it.c ****   /* USER CODE END BusFault_IRQn 0 */
 119:Src/stm32l4xx_it.c ****   while (1)
 104              		.loc 1 119 3 discriminator 1 view .LVU11
 120:Src/stm32l4xx_it.c ****   {
 121:Src/stm32l4xx_it.c ****     /* USER CODE BEGIN W1_BusFault_IRQn 0 */
 122:Src/stm32l4xx_it.c ****     /* USER CODE END W1_BusFault_IRQn 0 */
 123:Src/stm32l4xx_it.c ****   }
 105              		.loc 1 123 3 discriminator 1 view .LVU12
 119:Src/stm32l4xx_it.c ****   {
 106              		.loc 1 119 9 discriminator 1 view .LVU13
 107 0000 FEE7     		b	.L7
 108              		.cfi_endproc
 109              	.LFE289:
ARM GAS  /tmp/cc8LP9Iv.s 			page 5


 111              		.section	.text.UsageFault_Handler,"ax",%progbits
 112              		.align	1
 113              		.global	UsageFault_Handler
 114              		.syntax unified
 115              		.thumb
 116              		.thumb_func
 117              		.fpu fpv4-sp-d16
 119              	UsageFault_Handler:
 120              	.LFB290:
 124:Src/stm32l4xx_it.c **** }
 125:Src/stm32l4xx_it.c **** 
 126:Src/stm32l4xx_it.c **** /**
 127:Src/stm32l4xx_it.c ****   * @brief This function handles Undefined instruction or illegal state.
 128:Src/stm32l4xx_it.c ****   */
 129:Src/stm32l4xx_it.c **** void UsageFault_Handler(void)
 130:Src/stm32l4xx_it.c **** {
 121              		.loc 1 130 1 view -0
 122              		.cfi_startproc
 123              		@ Volatile: function does not return.
 124              		@ args = 0, pretend = 0, frame = 0
 125              		@ frame_needed = 0, uses_anonymous_args = 0
 126              		@ link register save eliminated.
 127              	.L9:
 131:Src/stm32l4xx_it.c ****   /* USER CODE BEGIN UsageFault_IRQn 0 */
 132:Src/stm32l4xx_it.c **** 
 133:Src/stm32l4xx_it.c ****   /* USER CODE END UsageFault_IRQn 0 */
 134:Src/stm32l4xx_it.c ****   while (1)
 128              		.loc 1 134 3 discriminator 1 view .LVU15
 135:Src/stm32l4xx_it.c ****   {
 136:Src/stm32l4xx_it.c ****     /* USER CODE BEGIN W1_UsageFault_IRQn 0 */
 137:Src/stm32l4xx_it.c ****     /* USER CODE END W1_UsageFault_IRQn 0 */
 138:Src/stm32l4xx_it.c ****   }
 129              		.loc 1 138 3 discriminator 1 view .LVU16
 134:Src/stm32l4xx_it.c ****   {
 130              		.loc 1 134 9 discriminator 1 view .LVU17
 131 0000 FEE7     		b	.L9
 132              		.cfi_endproc
 133              	.LFE290:
 135              		.section	.text.SVC_Handler,"ax",%progbits
 136              		.align	1
 137              		.global	SVC_Handler
 138              		.syntax unified
 139              		.thumb
 140              		.thumb_func
 141              		.fpu fpv4-sp-d16
 143              	SVC_Handler:
 144              	.LFB291:
 139:Src/stm32l4xx_it.c **** }
 140:Src/stm32l4xx_it.c **** 
 141:Src/stm32l4xx_it.c **** /**
 142:Src/stm32l4xx_it.c ****   * @brief This function handles System service call via SWI instruction.
 143:Src/stm32l4xx_it.c ****   */
 144:Src/stm32l4xx_it.c **** void SVC_Handler(void)
 145:Src/stm32l4xx_it.c **** {
 145              		.loc 1 145 1 view -0
 146              		.cfi_startproc
 147              		@ args = 0, pretend = 0, frame = 0
ARM GAS  /tmp/cc8LP9Iv.s 			page 6


 148              		@ frame_needed = 0, uses_anonymous_args = 0
 149              		@ link register save eliminated.
 146:Src/stm32l4xx_it.c ****   /* USER CODE BEGIN SVCall_IRQn 0 */
 147:Src/stm32l4xx_it.c **** 
 148:Src/stm32l4xx_it.c ****   /* USER CODE END SVCall_IRQn 0 */
 149:Src/stm32l4xx_it.c ****   /* USER CODE BEGIN SVCall_IRQn 1 */
 150:Src/stm32l4xx_it.c **** 
 151:Src/stm32l4xx_it.c ****   /* USER CODE END SVCall_IRQn 1 */
 152:Src/stm32l4xx_it.c **** }
 150              		.loc 1 152 1 view .LVU19
 151 0000 7047     		bx	lr
 152              		.cfi_endproc
 153              	.LFE291:
 155              		.section	.text.DebugMon_Handler,"ax",%progbits
 156              		.align	1
 157              		.global	DebugMon_Handler
 158              		.syntax unified
 159              		.thumb
 160              		.thumb_func
 161              		.fpu fpv4-sp-d16
 163              	DebugMon_Handler:
 164              	.LFB292:
 153:Src/stm32l4xx_it.c **** 
 154:Src/stm32l4xx_it.c **** /**
 155:Src/stm32l4xx_it.c ****   * @brief This function handles Debug monitor.
 156:Src/stm32l4xx_it.c ****   */
 157:Src/stm32l4xx_it.c **** void DebugMon_Handler(void)
 158:Src/stm32l4xx_it.c **** {
 165              		.loc 1 158 1 view -0
 166              		.cfi_startproc
 167              		@ args = 0, pretend = 0, frame = 0
 168              		@ frame_needed = 0, uses_anonymous_args = 0
 169              		@ link register save eliminated.
 159:Src/stm32l4xx_it.c ****   /* USER CODE BEGIN DebugMonitor_IRQn 0 */
 160:Src/stm32l4xx_it.c **** 
 161:Src/stm32l4xx_it.c ****   /* USER CODE END DebugMonitor_IRQn 0 */
 162:Src/stm32l4xx_it.c ****   /* USER CODE BEGIN DebugMonitor_IRQn 1 */
 163:Src/stm32l4xx_it.c **** 
 164:Src/stm32l4xx_it.c ****   /* USER CODE END DebugMonitor_IRQn 1 */
 165:Src/stm32l4xx_it.c **** }
 170              		.loc 1 165 1 view .LVU21
 171 0000 7047     		bx	lr
 172              		.cfi_endproc
 173              	.LFE292:
 175              		.section	.text.PendSV_Handler,"ax",%progbits
 176              		.align	1
 177              		.global	PendSV_Handler
 178              		.syntax unified
 179              		.thumb
 180              		.thumb_func
 181              		.fpu fpv4-sp-d16
 183              	PendSV_Handler:
 184              	.LFB293:
 166:Src/stm32l4xx_it.c **** 
 167:Src/stm32l4xx_it.c **** /**
 168:Src/stm32l4xx_it.c ****   * @brief This function handles Pendable request for system service.
 169:Src/stm32l4xx_it.c ****   */
ARM GAS  /tmp/cc8LP9Iv.s 			page 7


 170:Src/stm32l4xx_it.c **** void PendSV_Handler(void)
 171:Src/stm32l4xx_it.c **** {
 185              		.loc 1 171 1 view -0
 186              		.cfi_startproc
 187              		@ args = 0, pretend = 0, frame = 0
 188              		@ frame_needed = 0, uses_anonymous_args = 0
 189              		@ link register save eliminated.
 172:Src/stm32l4xx_it.c ****   /* USER CODE BEGIN PendSV_IRQn 0 */
 173:Src/stm32l4xx_it.c **** 
 174:Src/stm32l4xx_it.c ****   /* USER CODE END PendSV_IRQn 0 */
 175:Src/stm32l4xx_it.c ****   /* USER CODE BEGIN PendSV_IRQn 1 */
 176:Src/stm32l4xx_it.c **** 
 177:Src/stm32l4xx_it.c ****   /* USER CODE END PendSV_IRQn 1 */
 178:Src/stm32l4xx_it.c **** }
 190              		.loc 1 178 1 view .LVU23
 191 0000 7047     		bx	lr
 192              		.cfi_endproc
 193              	.LFE293:
 195              		.section	.text.SysTick_Handler,"ax",%progbits
 196              		.align	1
 197              		.global	SysTick_Handler
 198              		.syntax unified
 199              		.thumb
 200              		.thumb_func
 201              		.fpu fpv4-sp-d16
 203              	SysTick_Handler:
 204              	.LFB294:
 179:Src/stm32l4xx_it.c **** 
 180:Src/stm32l4xx_it.c **** /**
 181:Src/stm32l4xx_it.c ****   * @brief This function handles System tick timer.
 182:Src/stm32l4xx_it.c ****   */
 183:Src/stm32l4xx_it.c **** void SysTick_Handler(void)
 184:Src/stm32l4xx_it.c **** {
 205              		.loc 1 184 1 view -0
 206              		.cfi_startproc
 207              		@ args = 0, pretend = 0, frame = 0
 208              		@ frame_needed = 0, uses_anonymous_args = 0
 209 0000 08B5     		push	{r3, lr}
 210              	.LCFI0:
 211              		.cfi_def_cfa_offset 8
 212              		.cfi_offset 3, -8
 213              		.cfi_offset 14, -4
 185:Src/stm32l4xx_it.c ****   /* USER CODE BEGIN SysTick_IRQn 0 */
 186:Src/stm32l4xx_it.c **** 
 187:Src/stm32l4xx_it.c ****   /* USER CODE END SysTick_IRQn 0 */
 188:Src/stm32l4xx_it.c ****   HAL_IncTick();
 214              		.loc 1 188 3 view .LVU25
 215 0002 FFF7FEFF 		bl	HAL_IncTick
 216              	.LVL0:
 189:Src/stm32l4xx_it.c ****   /* USER CODE BEGIN SysTick_IRQn 1 */
 190:Src/stm32l4xx_it.c **** 
 191:Src/stm32l4xx_it.c ****   /* USER CODE END SysTick_IRQn 1 */
 192:Src/stm32l4xx_it.c **** }
 217              		.loc 1 192 1 is_stmt 0 view .LVU26
 218 0006 08BD     		pop	{r3, pc}
 219              		.cfi_endproc
 220              	.LFE294:
ARM GAS  /tmp/cc8LP9Iv.s 			page 8


 222              		.section	.text.TIM2_IRQHandler,"ax",%progbits
 223              		.align	1
 224              		.global	TIM2_IRQHandler
 225              		.syntax unified
 226              		.thumb
 227              		.thumb_func
 228              		.fpu fpv4-sp-d16
 230              	TIM2_IRQHandler:
 231              	.LFB295:
 193:Src/stm32l4xx_it.c **** 
 194:Src/stm32l4xx_it.c **** /******************************************************************************/
 195:Src/stm32l4xx_it.c **** /* STM32L4xx Peripheral Interrupt Handlers                                    */
 196:Src/stm32l4xx_it.c **** /* Add here the Interrupt Handlers for the used peripherals.                  */
 197:Src/stm32l4xx_it.c **** /* For the available peripheral interrupt handler names,                      */
 198:Src/stm32l4xx_it.c **** /* please refer to the startup file (startup_stm32l4xx.s).                    */
 199:Src/stm32l4xx_it.c **** /******************************************************************************/
 200:Src/stm32l4xx_it.c **** 
 201:Src/stm32l4xx_it.c **** /**
 202:Src/stm32l4xx_it.c ****   * @brief This function handles TIM2 global interrupt.
 203:Src/stm32l4xx_it.c ****   */
 204:Src/stm32l4xx_it.c **** void TIM2_IRQHandler(void)
 205:Src/stm32l4xx_it.c **** {
 232              		.loc 1 205 1 is_stmt 1 view -0
 233              		.cfi_startproc
 234              		@ args = 0, pretend = 0, frame = 0
 235              		@ frame_needed = 0, uses_anonymous_args = 0
 236 0000 08B5     		push	{r3, lr}
 237              	.LCFI1:
 238              		.cfi_def_cfa_offset 8
 239              		.cfi_offset 3, -8
 240              		.cfi_offset 14, -4
 206:Src/stm32l4xx_it.c ****   /* USER CODE BEGIN TIM2_IRQn 0 */
 207:Src/stm32l4xx_it.c **** 
 208:Src/stm32l4xx_it.c ****   /* USER CODE END TIM2_IRQn 0 */
 209:Src/stm32l4xx_it.c ****   HAL_TIM_IRQHandler(&htim2);
 241              		.loc 1 209 3 view .LVU28
 242 0002 0248     		ldr	r0, .L17
 243 0004 FFF7FEFF 		bl	HAL_TIM_IRQHandler
 244              	.LVL1:
 210:Src/stm32l4xx_it.c ****   /* USER CODE BEGIN TIM2_IRQn 1 */
 211:Src/stm32l4xx_it.c **** 
 212:Src/stm32l4xx_it.c ****   /* USER CODE END TIM2_IRQn 1 */
 213:Src/stm32l4xx_it.c **** }
 245              		.loc 1 213 1 is_stmt 0 view .LVU29
 246 0008 08BD     		pop	{r3, pc}
 247              	.L18:
 248 000a 00BF     		.align	2
 249              	.L17:
 250 000c 00000000 		.word	htim2
 251              		.cfi_endproc
 252              	.LFE295:
 254              		.section	.text.DMA2_Channel3_IRQHandler,"ax",%progbits
 255              		.align	1
 256              		.global	DMA2_Channel3_IRQHandler
 257              		.syntax unified
 258              		.thumb
 259              		.thumb_func
ARM GAS  /tmp/cc8LP9Iv.s 			page 9


 260              		.fpu fpv4-sp-d16
 262              	DMA2_Channel3_IRQHandler:
 263              	.LFB296:
 214:Src/stm32l4xx_it.c **** 
 215:Src/stm32l4xx_it.c **** /**
 216:Src/stm32l4xx_it.c ****   * @brief This function handles DMA2 channel3 global interrupt.
 217:Src/stm32l4xx_it.c ****   */
 218:Src/stm32l4xx_it.c **** void DMA2_Channel3_IRQHandler(void)
 219:Src/stm32l4xx_it.c **** {
 264              		.loc 1 219 1 is_stmt 1 view -0
 265              		.cfi_startproc
 266              		@ args = 0, pretend = 0, frame = 0
 267              		@ frame_needed = 0, uses_anonymous_args = 0
 268 0000 08B5     		push	{r3, lr}
 269              	.LCFI2:
 270              		.cfi_def_cfa_offset 8
 271              		.cfi_offset 3, -8
 272              		.cfi_offset 14, -4
 220:Src/stm32l4xx_it.c ****   /* USER CODE BEGIN DMA2_Channel3_IRQn 0 */
 221:Src/stm32l4xx_it.c **** 
 222:Src/stm32l4xx_it.c ****   /* USER CODE END DMA2_Channel3_IRQn 0 */
 223:Src/stm32l4xx_it.c ****   HAL_DMA_IRQHandler(&hdma_adc1);
 273              		.loc 1 223 3 view .LVU31
 274 0002 0248     		ldr	r0, .L21
 275 0004 FFF7FEFF 		bl	HAL_DMA_IRQHandler
 276              	.LVL2:
 224:Src/stm32l4xx_it.c ****   /* USER CODE BEGIN DMA2_Channel3_IRQn 1 */
 225:Src/stm32l4xx_it.c **** 
 226:Src/stm32l4xx_it.c ****   /* USER CODE END DMA2_Channel3_IRQn 1 */
 227:Src/stm32l4xx_it.c **** }
 277              		.loc 1 227 1 is_stmt 0 view .LVU32
 278 0008 08BD     		pop	{r3, pc}
 279              	.L22:
 280 000a 00BF     		.align	2
 281              	.L21:
 282 000c 00000000 		.word	hdma_adc1
 283              		.cfi_endproc
 284              	.LFE296:
 286              		.comm	c,36,4
 287              		.comm	od,8,4
 288              		.comm	t,2,4
 289              		.comm	f,4,4
 290              		.comm	o,20,4
 291              		.comm	r,24,8
 292              		.comm	huart2,128,4
 293              		.comm	hdac1,20,4
 294              		.comm	hadc1,100,4
 295              		.comm	adc_data,2,4
 296              		.comm	value_dac,4,4
 297              		.comm	trig,4,4
 298              		.comm	value_adc,4,4
 299              		.text
 300              	.Letext0:
 301              		.file 2 "/home/garnet/gcc-arm-none-eabi-9-2019-q4-major/arm-none-eabi/include/machine/_default_typ
 302              		.file 3 "/home/garnet/gcc-arm-none-eabi-9-2019-q4-major/arm-none-eabi/include/sys/_stdint.h"
 303              		.file 4 "Drivers/CMSIS/Include/core_cm4.h"
 304              		.file 5 "Drivers/CMSIS/Device/ST/STM32L4xx/Include/system_stm32l4xx.h"
ARM GAS  /tmp/cc8LP9Iv.s 			page 10


 305              		.file 6 "Drivers/CMSIS/Device/ST/STM32L4xx/Include/stm32l432xx.h"
 306              		.file 7 "Drivers/CMSIS/Device/ST/STM32L4xx/Include/stm32l4xx.h"
 307              		.file 8 "Drivers/STM32L4xx_HAL_Driver/Inc/stm32l4xx_hal_def.h"
 308              		.file 9 "Drivers/STM32L4xx_HAL_Driver/Inc/stm32l4xx_hal_dma.h"
 309              		.file 10 "Drivers/STM32L4xx_HAL_Driver/Inc/stm32l4xx_hal_adc.h"
 310              		.file 11 "Drivers/STM32L4xx_HAL_Driver/Inc/stm32l4xx_hal_dac.h"
 311              		.file 12 "Drivers/STM32L4xx_HAL_Driver/Inc/stm32l4xx_hal_flash.h"
 312              		.file 13 "Drivers/STM32L4xx_HAL_Driver/Inc/stm32l4xx_hal_tim.h"
 313              		.file 14 "Drivers/STM32L4xx_HAL_Driver/Inc/stm32l4xx_hal_uart.h"
 314              		.file 15 "Drivers/STM32L4xx_HAL_Driver/Inc/stm32l4xx_hal.h"
 315              		.file 16 "/home/garnet/gcc-arm-none-eabi-9-2019-q4-major/arm-none-eabi/include/sys/lock.h"
 316              		.file 17 "/home/garnet/gcc-arm-none-eabi-9-2019-q4-major/arm-none-eabi/include/sys/_types.h"
 317              		.file 18 "/home/garnet/gcc-arm-none-eabi-9-2019-q4-major/lib/gcc/arm-none-eabi/9.2.1/include/stdde
 318              		.file 19 "/home/garnet/gcc-arm-none-eabi-9-2019-q4-major/arm-none-eabi/include/sys/reent.h"
 319              		.file 20 "/home/garnet/gcc-arm-none-eabi-9-2019-q4-major/arm-none-eabi/include/stdlib.h"
 320              		.file 21 "Inc/effects.h"
 321              		.file 22 "Inc/main.h"
ARM GAS  /tmp/cc8LP9Iv.s 			page 11


DEFINED SYMBOLS
                            *ABS*:0000000000000000 stm32l4xx_it.c
     /tmp/cc8LP9Iv.s:18     .text.NMI_Handler:0000000000000000 $t
     /tmp/cc8LP9Iv.s:26     .text.NMI_Handler:0000000000000000 NMI_Handler
     /tmp/cc8LP9Iv.s:40     .text.HardFault_Handler:0000000000000000 $t
     /tmp/cc8LP9Iv.s:47     .text.HardFault_Handler:0000000000000000 HardFault_Handler
     /tmp/cc8LP9Iv.s:64     .text.MemManage_Handler:0000000000000000 $t
     /tmp/cc8LP9Iv.s:71     .text.MemManage_Handler:0000000000000000 MemManage_Handler
     /tmp/cc8LP9Iv.s:88     .text.BusFault_Handler:0000000000000000 $t
     /tmp/cc8LP9Iv.s:95     .text.BusFault_Handler:0000000000000000 BusFault_Handler
     /tmp/cc8LP9Iv.s:112    .text.UsageFault_Handler:0000000000000000 $t
     /tmp/cc8LP9Iv.s:119    .text.UsageFault_Handler:0000000000000000 UsageFault_Handler
     /tmp/cc8LP9Iv.s:136    .text.SVC_Handler:0000000000000000 $t
     /tmp/cc8LP9Iv.s:143    .text.SVC_Handler:0000000000000000 SVC_Handler
     /tmp/cc8LP9Iv.s:156    .text.DebugMon_Handler:0000000000000000 $t
     /tmp/cc8LP9Iv.s:163    .text.DebugMon_Handler:0000000000000000 DebugMon_Handler
     /tmp/cc8LP9Iv.s:176    .text.PendSV_Handler:0000000000000000 $t
     /tmp/cc8LP9Iv.s:183    .text.PendSV_Handler:0000000000000000 PendSV_Handler
     /tmp/cc8LP9Iv.s:196    .text.SysTick_Handler:0000000000000000 $t
     /tmp/cc8LP9Iv.s:203    .text.SysTick_Handler:0000000000000000 SysTick_Handler
     /tmp/cc8LP9Iv.s:223    .text.TIM2_IRQHandler:0000000000000000 $t
     /tmp/cc8LP9Iv.s:230    .text.TIM2_IRQHandler:0000000000000000 TIM2_IRQHandler
     /tmp/cc8LP9Iv.s:250    .text.TIM2_IRQHandler:000000000000000c $d
     /tmp/cc8LP9Iv.s:255    .text.DMA2_Channel3_IRQHandler:0000000000000000 $t
     /tmp/cc8LP9Iv.s:262    .text.DMA2_Channel3_IRQHandler:0000000000000000 DMA2_Channel3_IRQHandler
     /tmp/cc8LP9Iv.s:282    .text.DMA2_Channel3_IRQHandler:000000000000000c $d
                            *COM*:0000000000000024 c
                            *COM*:0000000000000008 od
                            *COM*:0000000000000002 t
                            *COM*:0000000000000004 f
                            *COM*:0000000000000014 o
                            *COM*:0000000000000018 r
                            *COM*:0000000000000080 huart2
                            *COM*:0000000000000014 hdac1
                            *COM*:0000000000000064 hadc1
                            *COM*:0000000000000002 adc_data
                            *COM*:0000000000000004 value_dac
                            *COM*:0000000000000004 trig
                            *COM*:0000000000000004 value_adc

UNDEFINED SYMBOLS
HAL_IncTick
HAL_TIM_IRQHandler
htim2
HAL_DMA_IRQHandler
hdma_adc1
