ARM GAS  /tmp/ccIC2TOZ.s 			page 1


   1              		.cpu cortex-m4
   2              		.eabi_attribute 27, 1
   3              		.eabi_attribute 28, 1
   4              		.eabi_attribute 20, 1
   5              		.eabi_attribute 21, 1
   6              		.eabi_attribute 23, 3
   7              		.eabi_attribute 24, 1
   8              		.eabi_attribute 25, 1
   9              		.eabi_attribute 26, 1
  10              		.eabi_attribute 30, 1
  11              		.eabi_attribute 34, 1
  12              		.eabi_attribute 18, 4
  13              		.file	"stm32l4xx_hal_msp.c"
  14              		.text
  15              	.Ltext0:
  16              		.cfi_sections	.debug_frame
  17              		.section	.text.HAL_MspInit,"ax",%progbits
  18              		.align	1
  19              		.global	HAL_MspInit
  20              		.arch armv7e-m
  21              		.syntax unified
  22              		.thumb
  23              		.thumb_func
  24              		.fpu fpv4-sp-d16
  26              	HAL_MspInit:
  27              	.LFB286:
  28              		.file 1 "Src/stm32l4xx_hal_msp.c"
   1:Src/stm32l4xx_hal_msp.c **** /* USER CODE BEGIN Header */
   2:Src/stm32l4xx_hal_msp.c **** /**
   3:Src/stm32l4xx_hal_msp.c ****   ******************************************************************************
   4:Src/stm32l4xx_hal_msp.c ****   * File Name          : stm32l4xx_hal_msp.c
   5:Src/stm32l4xx_hal_msp.c ****   * Description        : This file provides code for the MSP Initialization 
   6:Src/stm32l4xx_hal_msp.c ****   *                      and de-Initialization codes.
   7:Src/stm32l4xx_hal_msp.c ****   ******************************************************************************
   8:Src/stm32l4xx_hal_msp.c ****   * @attention
   9:Src/stm32l4xx_hal_msp.c ****   *
  10:Src/stm32l4xx_hal_msp.c ****   * <h2><center>&copy; Copyright (c) 2020 STMicroelectronics.
  11:Src/stm32l4xx_hal_msp.c ****   * All rights reserved.</center></h2>
  12:Src/stm32l4xx_hal_msp.c ****   *
  13:Src/stm32l4xx_hal_msp.c ****   * This software component is licensed by ST under BSD 3-Clause license,
  14:Src/stm32l4xx_hal_msp.c ****   * the "License"; You may not use this file except in compliance with the
  15:Src/stm32l4xx_hal_msp.c ****   * License. You may obtain a copy of the License at:
  16:Src/stm32l4xx_hal_msp.c ****   *                        opensource.org/licenses/BSD-3-Clause
  17:Src/stm32l4xx_hal_msp.c ****   *
  18:Src/stm32l4xx_hal_msp.c ****   ******************************************************************************
  19:Src/stm32l4xx_hal_msp.c ****   */
  20:Src/stm32l4xx_hal_msp.c **** /* USER CODE END Header */
  21:Src/stm32l4xx_hal_msp.c **** 
  22:Src/stm32l4xx_hal_msp.c **** /* Includes ------------------------------------------------------------------*/
  23:Src/stm32l4xx_hal_msp.c **** #include "main.h"
  24:Src/stm32l4xx_hal_msp.c **** /* USER CODE BEGIN Includes */
  25:Src/stm32l4xx_hal_msp.c **** 
  26:Src/stm32l4xx_hal_msp.c **** /* USER CODE END Includes */
  27:Src/stm32l4xx_hal_msp.c **** 
  28:Src/stm32l4xx_hal_msp.c **** /* Private typedef -----------------------------------------------------------*/
  29:Src/stm32l4xx_hal_msp.c **** /* USER CODE BEGIN TD */
  30:Src/stm32l4xx_hal_msp.c **** 
ARM GAS  /tmp/ccIC2TOZ.s 			page 2


  31:Src/stm32l4xx_hal_msp.c **** /* USER CODE END TD */
  32:Src/stm32l4xx_hal_msp.c **** 
  33:Src/stm32l4xx_hal_msp.c **** /* Private define ------------------------------------------------------------*/
  34:Src/stm32l4xx_hal_msp.c **** /* USER CODE BEGIN Define */
  35:Src/stm32l4xx_hal_msp.c ****  
  36:Src/stm32l4xx_hal_msp.c **** /* USER CODE END Define */
  37:Src/stm32l4xx_hal_msp.c **** 
  38:Src/stm32l4xx_hal_msp.c **** /* Private macro -------------------------------------------------------------*/
  39:Src/stm32l4xx_hal_msp.c **** /* USER CODE BEGIN Macro */
  40:Src/stm32l4xx_hal_msp.c **** 
  41:Src/stm32l4xx_hal_msp.c **** /* USER CODE END Macro */
  42:Src/stm32l4xx_hal_msp.c **** 
  43:Src/stm32l4xx_hal_msp.c **** /* Private variables ---------------------------------------------------------*/
  44:Src/stm32l4xx_hal_msp.c **** /* USER CODE BEGIN PV */
  45:Src/stm32l4xx_hal_msp.c **** 
  46:Src/stm32l4xx_hal_msp.c **** /* USER CODE END PV */
  47:Src/stm32l4xx_hal_msp.c **** 
  48:Src/stm32l4xx_hal_msp.c **** /* Private function prototypes -----------------------------------------------*/
  49:Src/stm32l4xx_hal_msp.c **** /* USER CODE BEGIN PFP */
  50:Src/stm32l4xx_hal_msp.c **** 
  51:Src/stm32l4xx_hal_msp.c **** /* USER CODE END PFP */
  52:Src/stm32l4xx_hal_msp.c **** 
  53:Src/stm32l4xx_hal_msp.c **** /* External functions --------------------------------------------------------*/
  54:Src/stm32l4xx_hal_msp.c **** /* USER CODE BEGIN ExternalFunctions */
  55:Src/stm32l4xx_hal_msp.c **** 
  56:Src/stm32l4xx_hal_msp.c **** /* USER CODE END ExternalFunctions */
  57:Src/stm32l4xx_hal_msp.c **** 
  58:Src/stm32l4xx_hal_msp.c **** /* USER CODE BEGIN 0 */
  59:Src/stm32l4xx_hal_msp.c **** 
  60:Src/stm32l4xx_hal_msp.c **** /* USER CODE END 0 */
  61:Src/stm32l4xx_hal_msp.c **** /**
  62:Src/stm32l4xx_hal_msp.c ****   * Initializes the Global MSP.
  63:Src/stm32l4xx_hal_msp.c ****   */
  64:Src/stm32l4xx_hal_msp.c **** void HAL_MspInit(void)
  65:Src/stm32l4xx_hal_msp.c **** {
  29              		.loc 1 65 1 view -0
  30              		.cfi_startproc
  31              		@ args = 0, pretend = 0, frame = 8
  32              		@ frame_needed = 0, uses_anonymous_args = 0
  33              		@ link register save eliminated.
  34 0000 82B0     		sub	sp, sp, #8
  35              	.LCFI0:
  36              		.cfi_def_cfa_offset 8
  66:Src/stm32l4xx_hal_msp.c ****   /* USER CODE BEGIN MspInit 0 */
  67:Src/stm32l4xx_hal_msp.c **** 
  68:Src/stm32l4xx_hal_msp.c ****   /* USER CODE END MspInit 0 */
  69:Src/stm32l4xx_hal_msp.c **** 
  70:Src/stm32l4xx_hal_msp.c ****   __HAL_RCC_SYSCFG_CLK_ENABLE();
  37              		.loc 1 70 3 view .LVU1
  38              	.LBB2:
  39              		.loc 1 70 3 view .LVU2
  40              		.loc 1 70 3 view .LVU3
  41 0002 0A4B     		ldr	r3, .L3
  42 0004 1A6E     		ldr	r2, [r3, #96]
  43 0006 42F00102 		orr	r2, r2, #1
  44 000a 1A66     		str	r2, [r3, #96]
  45              		.loc 1 70 3 view .LVU4
ARM GAS  /tmp/ccIC2TOZ.s 			page 3


  46 000c 1A6E     		ldr	r2, [r3, #96]
  47 000e 02F00102 		and	r2, r2, #1
  48 0012 0092     		str	r2, [sp]
  49              		.loc 1 70 3 view .LVU5
  50 0014 009A     		ldr	r2, [sp]
  51              	.LBE2:
  52              		.loc 1 70 3 view .LVU6
  71:Src/stm32l4xx_hal_msp.c ****   __HAL_RCC_PWR_CLK_ENABLE();
  53              		.loc 1 71 3 view .LVU7
  54              	.LBB3:
  55              		.loc 1 71 3 view .LVU8
  56              		.loc 1 71 3 view .LVU9
  57 0016 9A6D     		ldr	r2, [r3, #88]
  58 0018 42F08052 		orr	r2, r2, #268435456
  59 001c 9A65     		str	r2, [r3, #88]
  60              		.loc 1 71 3 view .LVU10
  61 001e 9B6D     		ldr	r3, [r3, #88]
  62 0020 03F08053 		and	r3, r3, #268435456
  63 0024 0193     		str	r3, [sp, #4]
  64              		.loc 1 71 3 view .LVU11
  65 0026 019B     		ldr	r3, [sp, #4]
  66              	.LBE3:
  67              		.loc 1 71 3 view .LVU12
  72:Src/stm32l4xx_hal_msp.c **** 
  73:Src/stm32l4xx_hal_msp.c ****   /* System interrupt init*/
  74:Src/stm32l4xx_hal_msp.c **** 
  75:Src/stm32l4xx_hal_msp.c ****   /* USER CODE BEGIN MspInit 1 */
  76:Src/stm32l4xx_hal_msp.c **** 
  77:Src/stm32l4xx_hal_msp.c ****   /* USER CODE END MspInit 1 */
  78:Src/stm32l4xx_hal_msp.c **** }
  68              		.loc 1 78 1 is_stmt 0 view .LVU13
  69 0028 02B0     		add	sp, sp, #8
  70              	.LCFI1:
  71              		.cfi_def_cfa_offset 0
  72              		@ sp needed
  73 002a 7047     		bx	lr
  74              	.L4:
  75              		.align	2
  76              	.L3:
  77 002c 00100240 		.word	1073876992
  78              		.cfi_endproc
  79              	.LFE286:
  81              		.section	.text.HAL_ADC_MspInit,"ax",%progbits
  82              		.align	1
  83              		.global	HAL_ADC_MspInit
  84              		.syntax unified
  85              		.thumb
  86              		.thumb_func
  87              		.fpu fpv4-sp-d16
  89              	HAL_ADC_MspInit:
  90              	.LVL0:
  91              	.LFB287:
  79:Src/stm32l4xx_hal_msp.c **** 
  80:Src/stm32l4xx_hal_msp.c **** /**
  81:Src/stm32l4xx_hal_msp.c **** * @brief ADC MSP Initialization
  82:Src/stm32l4xx_hal_msp.c **** * This function configures the hardware resources used in this example
  83:Src/stm32l4xx_hal_msp.c **** * @param hadc: ADC handle pointer
ARM GAS  /tmp/ccIC2TOZ.s 			page 4


  84:Src/stm32l4xx_hal_msp.c **** * @retval None
  85:Src/stm32l4xx_hal_msp.c **** */
  86:Src/stm32l4xx_hal_msp.c **** void HAL_ADC_MspInit(ADC_HandleTypeDef* hadc)
  87:Src/stm32l4xx_hal_msp.c **** {
  92              		.loc 1 87 1 is_stmt 1 view -0
  93              		.cfi_startproc
  94              		@ args = 0, pretend = 0, frame = 32
  95              		@ frame_needed = 0, uses_anonymous_args = 0
  96              		.loc 1 87 1 is_stmt 0 view .LVU15
  97 0000 10B5     		push	{r4, lr}
  98              	.LCFI2:
  99              		.cfi_def_cfa_offset 8
 100              		.cfi_offset 4, -8
 101              		.cfi_offset 14, -4
 102 0002 88B0     		sub	sp, sp, #32
 103              	.LCFI3:
 104              		.cfi_def_cfa_offset 40
  88:Src/stm32l4xx_hal_msp.c ****   GPIO_InitTypeDef GPIO_InitStruct = {0};
 105              		.loc 1 88 3 is_stmt 1 view .LVU16
 106              		.loc 1 88 20 is_stmt 0 view .LVU17
 107 0004 0023     		movs	r3, #0
 108 0006 0393     		str	r3, [sp, #12]
 109 0008 0493     		str	r3, [sp, #16]
 110 000a 0593     		str	r3, [sp, #20]
 111 000c 0693     		str	r3, [sp, #24]
 112 000e 0793     		str	r3, [sp, #28]
  89:Src/stm32l4xx_hal_msp.c ****   if(hadc->Instance==ADC1)
 113              		.loc 1 89 3 is_stmt 1 view .LVU18
 114              		.loc 1 89 10 is_stmt 0 view .LVU19
 115 0010 0268     		ldr	r2, [r0]
 116              		.loc 1 89 5 view .LVU20
 117 0012 174B     		ldr	r3, .L9
 118 0014 9A42     		cmp	r2, r3
 119 0016 01D0     		beq	.L8
 120              	.LVL1:
 121              	.L5:
  90:Src/stm32l4xx_hal_msp.c ****   {
  91:Src/stm32l4xx_hal_msp.c ****   /* USER CODE BEGIN ADC1_MspInit 0 */
  92:Src/stm32l4xx_hal_msp.c **** 
  93:Src/stm32l4xx_hal_msp.c ****   /* USER CODE END ADC1_MspInit 0 */
  94:Src/stm32l4xx_hal_msp.c ****     /* Peripheral clock enable */
  95:Src/stm32l4xx_hal_msp.c ****     __HAL_RCC_ADC_CLK_ENABLE();
  96:Src/stm32l4xx_hal_msp.c ****   
  97:Src/stm32l4xx_hal_msp.c ****     __HAL_RCC_GPIOA_CLK_ENABLE();
  98:Src/stm32l4xx_hal_msp.c ****     /**ADC1 GPIO Configuration    
  99:Src/stm32l4xx_hal_msp.c ****     PA5     ------> ADC1_IN10 
 100:Src/stm32l4xx_hal_msp.c ****     */
 101:Src/stm32l4xx_hal_msp.c ****     GPIO_InitStruct.Pin = GPIO_PIN_5;
 102:Src/stm32l4xx_hal_msp.c ****     GPIO_InitStruct.Mode = GPIO_MODE_ANALOG_ADC_CONTROL;
 103:Src/stm32l4xx_hal_msp.c ****     GPIO_InitStruct.Pull = GPIO_NOPULL;
 104:Src/stm32l4xx_hal_msp.c ****     HAL_GPIO_Init(GPIOA, &GPIO_InitStruct);
 105:Src/stm32l4xx_hal_msp.c **** 
 106:Src/stm32l4xx_hal_msp.c ****     /* ADC1 interrupt Init */
 107:Src/stm32l4xx_hal_msp.c ****     HAL_NVIC_SetPriority(ADC1_IRQn, 0, 0);
 108:Src/stm32l4xx_hal_msp.c ****     HAL_NVIC_EnableIRQ(ADC1_IRQn);
 109:Src/stm32l4xx_hal_msp.c ****   /* USER CODE BEGIN ADC1_MspInit 1 */
 110:Src/stm32l4xx_hal_msp.c **** 
ARM GAS  /tmp/ccIC2TOZ.s 			page 5


 111:Src/stm32l4xx_hal_msp.c ****   /* USER CODE END ADC1_MspInit 1 */
 112:Src/stm32l4xx_hal_msp.c ****   }
 113:Src/stm32l4xx_hal_msp.c **** 
 114:Src/stm32l4xx_hal_msp.c **** }
 122              		.loc 1 114 1 view .LVU21
 123 0018 08B0     		add	sp, sp, #32
 124              	.LCFI4:
 125              		.cfi_remember_state
 126              		.cfi_def_cfa_offset 8
 127              		@ sp needed
 128 001a 10BD     		pop	{r4, pc}
 129              	.LVL2:
 130              	.L8:
 131              	.LCFI5:
 132              		.cfi_restore_state
  95:Src/stm32l4xx_hal_msp.c ****   
 133              		.loc 1 95 5 is_stmt 1 view .LVU22
 134              	.LBB4:
  95:Src/stm32l4xx_hal_msp.c ****   
 135              		.loc 1 95 5 view .LVU23
  95:Src/stm32l4xx_hal_msp.c ****   
 136              		.loc 1 95 5 view .LVU24
 137 001c 03F17043 		add	r3, r3, #-268435456
 138 0020 A3F5F833 		sub	r3, r3, #126976
 139 0024 DA6C     		ldr	r2, [r3, #76]
 140 0026 42F40052 		orr	r2, r2, #8192
 141 002a DA64     		str	r2, [r3, #76]
  95:Src/stm32l4xx_hal_msp.c ****   
 142              		.loc 1 95 5 view .LVU25
 143 002c DA6C     		ldr	r2, [r3, #76]
 144 002e 02F40052 		and	r2, r2, #8192
 145 0032 0192     		str	r2, [sp, #4]
  95:Src/stm32l4xx_hal_msp.c ****   
 146              		.loc 1 95 5 view .LVU26
 147 0034 019A     		ldr	r2, [sp, #4]
 148              	.LBE4:
  95:Src/stm32l4xx_hal_msp.c ****   
 149              		.loc 1 95 5 view .LVU27
  97:Src/stm32l4xx_hal_msp.c ****     /**ADC1 GPIO Configuration    
 150              		.loc 1 97 5 view .LVU28
 151              	.LBB5:
  97:Src/stm32l4xx_hal_msp.c ****     /**ADC1 GPIO Configuration    
 152              		.loc 1 97 5 view .LVU29
  97:Src/stm32l4xx_hal_msp.c ****     /**ADC1 GPIO Configuration    
 153              		.loc 1 97 5 view .LVU30
 154 0036 DA6C     		ldr	r2, [r3, #76]
 155 0038 42F00102 		orr	r2, r2, #1
 156 003c DA64     		str	r2, [r3, #76]
  97:Src/stm32l4xx_hal_msp.c ****     /**ADC1 GPIO Configuration    
 157              		.loc 1 97 5 view .LVU31
 158 003e DB6C     		ldr	r3, [r3, #76]
 159 0040 03F00103 		and	r3, r3, #1
 160 0044 0293     		str	r3, [sp, #8]
  97:Src/stm32l4xx_hal_msp.c ****     /**ADC1 GPIO Configuration    
 161              		.loc 1 97 5 view .LVU32
 162 0046 029B     		ldr	r3, [sp, #8]
 163              	.LBE5:
ARM GAS  /tmp/ccIC2TOZ.s 			page 6


  97:Src/stm32l4xx_hal_msp.c ****     /**ADC1 GPIO Configuration    
 164              		.loc 1 97 5 view .LVU33
 101:Src/stm32l4xx_hal_msp.c ****     GPIO_InitStruct.Mode = GPIO_MODE_ANALOG_ADC_CONTROL;
 165              		.loc 1 101 5 view .LVU34
 101:Src/stm32l4xx_hal_msp.c ****     GPIO_InitStruct.Mode = GPIO_MODE_ANALOG_ADC_CONTROL;
 166              		.loc 1 101 25 is_stmt 0 view .LVU35
 167 0048 2023     		movs	r3, #32
 168 004a 0393     		str	r3, [sp, #12]
 102:Src/stm32l4xx_hal_msp.c ****     GPIO_InitStruct.Pull = GPIO_NOPULL;
 169              		.loc 1 102 5 is_stmt 1 view .LVU36
 102:Src/stm32l4xx_hal_msp.c ****     GPIO_InitStruct.Pull = GPIO_NOPULL;
 170              		.loc 1 102 26 is_stmt 0 view .LVU37
 171 004c 0B23     		movs	r3, #11
 172 004e 0493     		str	r3, [sp, #16]
 103:Src/stm32l4xx_hal_msp.c ****     HAL_GPIO_Init(GPIOA, &GPIO_InitStruct);
 173              		.loc 1 103 5 is_stmt 1 view .LVU38
 103:Src/stm32l4xx_hal_msp.c ****     HAL_GPIO_Init(GPIOA, &GPIO_InitStruct);
 174              		.loc 1 103 26 is_stmt 0 view .LVU39
 175 0050 0024     		movs	r4, #0
 176 0052 0594     		str	r4, [sp, #20]
 104:Src/stm32l4xx_hal_msp.c **** 
 177              		.loc 1 104 5 is_stmt 1 view .LVU40
 178 0054 03A9     		add	r1, sp, #12
 179 0056 4FF09040 		mov	r0, #1207959552
 180              	.LVL3:
 104:Src/stm32l4xx_hal_msp.c **** 
 181              		.loc 1 104 5 is_stmt 0 view .LVU41
 182 005a FFF7FEFF 		bl	HAL_GPIO_Init
 183              	.LVL4:
 107:Src/stm32l4xx_hal_msp.c ****     HAL_NVIC_EnableIRQ(ADC1_IRQn);
 184              		.loc 1 107 5 is_stmt 1 view .LVU42
 185 005e 2246     		mov	r2, r4
 186 0060 2146     		mov	r1, r4
 187 0062 1220     		movs	r0, #18
 188 0064 FFF7FEFF 		bl	HAL_NVIC_SetPriority
 189              	.LVL5:
 108:Src/stm32l4xx_hal_msp.c ****   /* USER CODE BEGIN ADC1_MspInit 1 */
 190              		.loc 1 108 5 view .LVU43
 191 0068 1220     		movs	r0, #18
 192 006a FFF7FEFF 		bl	HAL_NVIC_EnableIRQ
 193              	.LVL6:
 194              		.loc 1 114 1 is_stmt 0 view .LVU44
 195 006e D3E7     		b	.L5
 196              	.L10:
 197              		.align	2
 198              	.L9:
 199 0070 00000450 		.word	1342439424
 200              		.cfi_endproc
 201              	.LFE287:
 203              		.section	.text.HAL_ADC_MspDeInit,"ax",%progbits
 204              		.align	1
 205              		.global	HAL_ADC_MspDeInit
 206              		.syntax unified
 207              		.thumb
 208              		.thumb_func
 209              		.fpu fpv4-sp-d16
 211              	HAL_ADC_MspDeInit:
ARM GAS  /tmp/ccIC2TOZ.s 			page 7


 212              	.LVL7:
 213              	.LFB288:
 115:Src/stm32l4xx_hal_msp.c **** 
 116:Src/stm32l4xx_hal_msp.c **** /**
 117:Src/stm32l4xx_hal_msp.c **** * @brief ADC MSP De-Initialization
 118:Src/stm32l4xx_hal_msp.c **** * This function freeze the hardware resources used in this example
 119:Src/stm32l4xx_hal_msp.c **** * @param hadc: ADC handle pointer
 120:Src/stm32l4xx_hal_msp.c **** * @retval None
 121:Src/stm32l4xx_hal_msp.c **** */
 122:Src/stm32l4xx_hal_msp.c **** void HAL_ADC_MspDeInit(ADC_HandleTypeDef* hadc)
 123:Src/stm32l4xx_hal_msp.c **** {
 214              		.loc 1 123 1 is_stmt 1 view -0
 215              		.cfi_startproc
 216              		@ args = 0, pretend = 0, frame = 0
 217              		@ frame_needed = 0, uses_anonymous_args = 0
 218              		.loc 1 123 1 is_stmt 0 view .LVU46
 219 0000 08B5     		push	{r3, lr}
 220              	.LCFI6:
 221              		.cfi_def_cfa_offset 8
 222              		.cfi_offset 3, -8
 223              		.cfi_offset 14, -4
 124:Src/stm32l4xx_hal_msp.c ****   if(hadc->Instance==ADC1)
 224              		.loc 1 124 3 is_stmt 1 view .LVU47
 225              		.loc 1 124 10 is_stmt 0 view .LVU48
 226 0002 0268     		ldr	r2, [r0]
 227              		.loc 1 124 5 view .LVU49
 228 0004 084B     		ldr	r3, .L15
 229 0006 9A42     		cmp	r2, r3
 230 0008 00D0     		beq	.L14
 231              	.LVL8:
 232              	.L11:
 125:Src/stm32l4xx_hal_msp.c ****   {
 126:Src/stm32l4xx_hal_msp.c ****   /* USER CODE BEGIN ADC1_MspDeInit 0 */
 127:Src/stm32l4xx_hal_msp.c **** 
 128:Src/stm32l4xx_hal_msp.c ****   /* USER CODE END ADC1_MspDeInit 0 */
 129:Src/stm32l4xx_hal_msp.c ****     /* Peripheral clock disable */
 130:Src/stm32l4xx_hal_msp.c ****     __HAL_RCC_ADC_CLK_DISABLE();
 131:Src/stm32l4xx_hal_msp.c ****   
 132:Src/stm32l4xx_hal_msp.c ****     /**ADC1 GPIO Configuration    
 133:Src/stm32l4xx_hal_msp.c ****     PA5     ------> ADC1_IN10 
 134:Src/stm32l4xx_hal_msp.c ****     */
 135:Src/stm32l4xx_hal_msp.c ****     HAL_GPIO_DeInit(GPIOA, GPIO_PIN_5);
 136:Src/stm32l4xx_hal_msp.c **** 
 137:Src/stm32l4xx_hal_msp.c ****     /* ADC1 interrupt DeInit */
 138:Src/stm32l4xx_hal_msp.c ****     HAL_NVIC_DisableIRQ(ADC1_IRQn);
 139:Src/stm32l4xx_hal_msp.c ****   /* USER CODE BEGIN ADC1_MspDeInit 1 */
 140:Src/stm32l4xx_hal_msp.c **** 
 141:Src/stm32l4xx_hal_msp.c ****   /* USER CODE END ADC1_MspDeInit 1 */
 142:Src/stm32l4xx_hal_msp.c ****   }
 143:Src/stm32l4xx_hal_msp.c **** 
 144:Src/stm32l4xx_hal_msp.c **** }
 233              		.loc 1 144 1 view .LVU50
 234 000a 08BD     		pop	{r3, pc}
 235              	.LVL9:
 236              	.L14:
 130:Src/stm32l4xx_hal_msp.c ****   
 237              		.loc 1 130 5 is_stmt 1 view .LVU51
ARM GAS  /tmp/ccIC2TOZ.s 			page 8


 238 000c 074A     		ldr	r2, .L15+4
 239 000e D36C     		ldr	r3, [r2, #76]
 240 0010 23F40053 		bic	r3, r3, #8192
 241 0014 D364     		str	r3, [r2, #76]
 135:Src/stm32l4xx_hal_msp.c **** 
 242              		.loc 1 135 5 view .LVU52
 243 0016 2021     		movs	r1, #32
 244 0018 4FF09040 		mov	r0, #1207959552
 245              	.LVL10:
 135:Src/stm32l4xx_hal_msp.c **** 
 246              		.loc 1 135 5 is_stmt 0 view .LVU53
 247 001c FFF7FEFF 		bl	HAL_GPIO_DeInit
 248              	.LVL11:
 138:Src/stm32l4xx_hal_msp.c ****   /* USER CODE BEGIN ADC1_MspDeInit 1 */
 249              		.loc 1 138 5 is_stmt 1 view .LVU54
 250 0020 1220     		movs	r0, #18
 251 0022 FFF7FEFF 		bl	HAL_NVIC_DisableIRQ
 252              	.LVL12:
 253              		.loc 1 144 1 is_stmt 0 view .LVU55
 254 0026 F0E7     		b	.L11
 255              	.L16:
 256              		.align	2
 257              	.L15:
 258 0028 00000450 		.word	1342439424
 259 002c 00100240 		.word	1073876992
 260              		.cfi_endproc
 261              	.LFE288:
 263              		.section	.text.HAL_DAC_MspInit,"ax",%progbits
 264              		.align	1
 265              		.global	HAL_DAC_MspInit
 266              		.syntax unified
 267              		.thumb
 268              		.thumb_func
 269              		.fpu fpv4-sp-d16
 271              	HAL_DAC_MspInit:
 272              	.LVL13:
 273              	.LFB289:
 145:Src/stm32l4xx_hal_msp.c **** 
 146:Src/stm32l4xx_hal_msp.c **** /**
 147:Src/stm32l4xx_hal_msp.c **** * @brief DAC MSP Initialization
 148:Src/stm32l4xx_hal_msp.c **** * This function configures the hardware resources used in this example
 149:Src/stm32l4xx_hal_msp.c **** * @param hdac: DAC handle pointer
 150:Src/stm32l4xx_hal_msp.c **** * @retval None
 151:Src/stm32l4xx_hal_msp.c **** */
 152:Src/stm32l4xx_hal_msp.c **** void HAL_DAC_MspInit(DAC_HandleTypeDef* hdac)
 153:Src/stm32l4xx_hal_msp.c **** {
 274              		.loc 1 153 1 is_stmt 1 view -0
 275              		.cfi_startproc
 276              		@ args = 0, pretend = 0, frame = 32
 277              		@ frame_needed = 0, uses_anonymous_args = 0
 278              		.loc 1 153 1 is_stmt 0 view .LVU57
 279 0000 00B5     		push	{lr}
 280              	.LCFI7:
 281              		.cfi_def_cfa_offset 4
 282              		.cfi_offset 14, -4
 283 0002 89B0     		sub	sp, sp, #36
 284              	.LCFI8:
ARM GAS  /tmp/ccIC2TOZ.s 			page 9


 285              		.cfi_def_cfa_offset 40
 154:Src/stm32l4xx_hal_msp.c ****   GPIO_InitTypeDef GPIO_InitStruct = {0};
 286              		.loc 1 154 3 is_stmt 1 view .LVU58
 287              		.loc 1 154 20 is_stmt 0 view .LVU59
 288 0004 0023     		movs	r3, #0
 289 0006 0393     		str	r3, [sp, #12]
 290 0008 0493     		str	r3, [sp, #16]
 291 000a 0593     		str	r3, [sp, #20]
 292 000c 0693     		str	r3, [sp, #24]
 293 000e 0793     		str	r3, [sp, #28]
 155:Src/stm32l4xx_hal_msp.c ****   if(hdac->Instance==DAC1)
 294              		.loc 1 155 3 is_stmt 1 view .LVU60
 295              		.loc 1 155 10 is_stmt 0 view .LVU61
 296 0010 0268     		ldr	r2, [r0]
 297              		.loc 1 155 5 view .LVU62
 298 0012 134B     		ldr	r3, .L21
 299 0014 9A42     		cmp	r2, r3
 300 0016 02D0     		beq	.L20
 301              	.LVL14:
 302              	.L17:
 156:Src/stm32l4xx_hal_msp.c ****   {
 157:Src/stm32l4xx_hal_msp.c ****   /* USER CODE BEGIN DAC1_MspInit 0 */
 158:Src/stm32l4xx_hal_msp.c **** 
 159:Src/stm32l4xx_hal_msp.c ****   /* USER CODE END DAC1_MspInit 0 */
 160:Src/stm32l4xx_hal_msp.c ****     /* Peripheral clock enable */
 161:Src/stm32l4xx_hal_msp.c ****     __HAL_RCC_DAC1_CLK_ENABLE();
 162:Src/stm32l4xx_hal_msp.c ****   
 163:Src/stm32l4xx_hal_msp.c ****     __HAL_RCC_GPIOA_CLK_ENABLE();
 164:Src/stm32l4xx_hal_msp.c ****     /**DAC1 GPIO Configuration    
 165:Src/stm32l4xx_hal_msp.c ****     PA4     ------> DAC1_OUT1 
 166:Src/stm32l4xx_hal_msp.c ****     */
 167:Src/stm32l4xx_hal_msp.c ****     GPIO_InitStruct.Pin = GPIO_PIN_4;
 168:Src/stm32l4xx_hal_msp.c ****     GPIO_InitStruct.Mode = GPIO_MODE_ANALOG;
 169:Src/stm32l4xx_hal_msp.c ****     GPIO_InitStruct.Pull = GPIO_NOPULL;
 170:Src/stm32l4xx_hal_msp.c ****     HAL_GPIO_Init(GPIOA, &GPIO_InitStruct);
 171:Src/stm32l4xx_hal_msp.c **** 
 172:Src/stm32l4xx_hal_msp.c ****   /* USER CODE BEGIN DAC1_MspInit 1 */
 173:Src/stm32l4xx_hal_msp.c **** 
 174:Src/stm32l4xx_hal_msp.c ****   /* USER CODE END DAC1_MspInit 1 */
 175:Src/stm32l4xx_hal_msp.c ****   }
 176:Src/stm32l4xx_hal_msp.c **** 
 177:Src/stm32l4xx_hal_msp.c **** }
 303              		.loc 1 177 1 view .LVU63
 304 0018 09B0     		add	sp, sp, #36
 305              	.LCFI9:
 306              		.cfi_remember_state
 307              		.cfi_def_cfa_offset 4
 308              		@ sp needed
 309 001a 5DF804FB 		ldr	pc, [sp], #4
 310              	.LVL15:
 311              	.L20:
 312              	.LCFI10:
 313              		.cfi_restore_state
 161:Src/stm32l4xx_hal_msp.c ****   
 314              		.loc 1 161 5 is_stmt 1 view .LVU64
 315              	.LBB6:
 161:Src/stm32l4xx_hal_msp.c ****   
ARM GAS  /tmp/ccIC2TOZ.s 			page 10


 316              		.loc 1 161 5 view .LVU65
 161:Src/stm32l4xx_hal_msp.c ****   
 317              		.loc 1 161 5 view .LVU66
 318 001e 03F5CE33 		add	r3, r3, #105472
 319 0022 9A6D     		ldr	r2, [r3, #88]
 320 0024 42F00052 		orr	r2, r2, #536870912
 321 0028 9A65     		str	r2, [r3, #88]
 161:Src/stm32l4xx_hal_msp.c ****   
 322              		.loc 1 161 5 view .LVU67
 323 002a 9A6D     		ldr	r2, [r3, #88]
 324 002c 02F00052 		and	r2, r2, #536870912
 325 0030 0192     		str	r2, [sp, #4]
 161:Src/stm32l4xx_hal_msp.c ****   
 326              		.loc 1 161 5 view .LVU68
 327 0032 019A     		ldr	r2, [sp, #4]
 328              	.LBE6:
 161:Src/stm32l4xx_hal_msp.c ****   
 329              		.loc 1 161 5 view .LVU69
 163:Src/stm32l4xx_hal_msp.c ****     /**DAC1 GPIO Configuration    
 330              		.loc 1 163 5 view .LVU70
 331              	.LBB7:
 163:Src/stm32l4xx_hal_msp.c ****     /**DAC1 GPIO Configuration    
 332              		.loc 1 163 5 view .LVU71
 163:Src/stm32l4xx_hal_msp.c ****     /**DAC1 GPIO Configuration    
 333              		.loc 1 163 5 view .LVU72
 334 0034 DA6C     		ldr	r2, [r3, #76]
 335 0036 42F00102 		orr	r2, r2, #1
 336 003a DA64     		str	r2, [r3, #76]
 163:Src/stm32l4xx_hal_msp.c ****     /**DAC1 GPIO Configuration    
 337              		.loc 1 163 5 view .LVU73
 338 003c DB6C     		ldr	r3, [r3, #76]
 339 003e 03F00103 		and	r3, r3, #1
 340 0042 0293     		str	r3, [sp, #8]
 163:Src/stm32l4xx_hal_msp.c ****     /**DAC1 GPIO Configuration    
 341              		.loc 1 163 5 view .LVU74
 342 0044 029B     		ldr	r3, [sp, #8]
 343              	.LBE7:
 163:Src/stm32l4xx_hal_msp.c ****     /**DAC1 GPIO Configuration    
 344              		.loc 1 163 5 view .LVU75
 167:Src/stm32l4xx_hal_msp.c ****     GPIO_InitStruct.Mode = GPIO_MODE_ANALOG;
 345              		.loc 1 167 5 view .LVU76
 167:Src/stm32l4xx_hal_msp.c ****     GPIO_InitStruct.Mode = GPIO_MODE_ANALOG;
 346              		.loc 1 167 25 is_stmt 0 view .LVU77
 347 0046 1023     		movs	r3, #16
 348 0048 0393     		str	r3, [sp, #12]
 168:Src/stm32l4xx_hal_msp.c ****     GPIO_InitStruct.Pull = GPIO_NOPULL;
 349              		.loc 1 168 5 is_stmt 1 view .LVU78
 168:Src/stm32l4xx_hal_msp.c ****     GPIO_InitStruct.Pull = GPIO_NOPULL;
 350              		.loc 1 168 26 is_stmt 0 view .LVU79
 351 004a 0323     		movs	r3, #3
 352 004c 0493     		str	r3, [sp, #16]
 169:Src/stm32l4xx_hal_msp.c ****     HAL_GPIO_Init(GPIOA, &GPIO_InitStruct);
 353              		.loc 1 169 5 is_stmt 1 view .LVU80
 169:Src/stm32l4xx_hal_msp.c ****     HAL_GPIO_Init(GPIOA, &GPIO_InitStruct);
 354              		.loc 1 169 26 is_stmt 0 view .LVU81
 355 004e 0023     		movs	r3, #0
 356 0050 0593     		str	r3, [sp, #20]
ARM GAS  /tmp/ccIC2TOZ.s 			page 11


 170:Src/stm32l4xx_hal_msp.c **** 
 357              		.loc 1 170 5 is_stmt 1 view .LVU82
 358 0052 03A9     		add	r1, sp, #12
 359 0054 4FF09040 		mov	r0, #1207959552
 360              	.LVL16:
 170:Src/stm32l4xx_hal_msp.c **** 
 361              		.loc 1 170 5 is_stmt 0 view .LVU83
 362 0058 FFF7FEFF 		bl	HAL_GPIO_Init
 363              	.LVL17:
 364              		.loc 1 177 1 view .LVU84
 365 005c DCE7     		b	.L17
 366              	.L22:
 367 005e 00BF     		.align	2
 368              	.L21:
 369 0060 00740040 		.word	1073771520
 370              		.cfi_endproc
 371              	.LFE289:
 373              		.section	.text.HAL_DAC_MspDeInit,"ax",%progbits
 374              		.align	1
 375              		.global	HAL_DAC_MspDeInit
 376              		.syntax unified
 377              		.thumb
 378              		.thumb_func
 379              		.fpu fpv4-sp-d16
 381              	HAL_DAC_MspDeInit:
 382              	.LVL18:
 383              	.LFB290:
 178:Src/stm32l4xx_hal_msp.c **** 
 179:Src/stm32l4xx_hal_msp.c **** /**
 180:Src/stm32l4xx_hal_msp.c **** * @brief DAC MSP De-Initialization
 181:Src/stm32l4xx_hal_msp.c **** * This function freeze the hardware resources used in this example
 182:Src/stm32l4xx_hal_msp.c **** * @param hdac: DAC handle pointer
 183:Src/stm32l4xx_hal_msp.c **** * @retval None
 184:Src/stm32l4xx_hal_msp.c **** */
 185:Src/stm32l4xx_hal_msp.c **** void HAL_DAC_MspDeInit(DAC_HandleTypeDef* hdac)
 186:Src/stm32l4xx_hal_msp.c **** {
 384              		.loc 1 186 1 is_stmt 1 view -0
 385              		.cfi_startproc
 386              		@ args = 0, pretend = 0, frame = 0
 387              		@ frame_needed = 0, uses_anonymous_args = 0
 388              		.loc 1 186 1 is_stmt 0 view .LVU86
 389 0000 08B5     		push	{r3, lr}
 390              	.LCFI11:
 391              		.cfi_def_cfa_offset 8
 392              		.cfi_offset 3, -8
 393              		.cfi_offset 14, -4
 187:Src/stm32l4xx_hal_msp.c ****   if(hdac->Instance==DAC1)
 394              		.loc 1 187 3 is_stmt 1 view .LVU87
 395              		.loc 1 187 10 is_stmt 0 view .LVU88
 396 0002 0268     		ldr	r2, [r0]
 397              		.loc 1 187 5 view .LVU89
 398 0004 074B     		ldr	r3, .L27
 399 0006 9A42     		cmp	r2, r3
 400 0008 00D0     		beq	.L26
 401              	.LVL19:
 402              	.L23:
 188:Src/stm32l4xx_hal_msp.c ****   {
ARM GAS  /tmp/ccIC2TOZ.s 			page 12


 189:Src/stm32l4xx_hal_msp.c ****   /* USER CODE BEGIN DAC1_MspDeInit 0 */
 190:Src/stm32l4xx_hal_msp.c **** 
 191:Src/stm32l4xx_hal_msp.c ****   /* USER CODE END DAC1_MspDeInit 0 */
 192:Src/stm32l4xx_hal_msp.c ****     /* Peripheral clock disable */
 193:Src/stm32l4xx_hal_msp.c ****     __HAL_RCC_DAC1_CLK_DISABLE();
 194:Src/stm32l4xx_hal_msp.c ****   
 195:Src/stm32l4xx_hal_msp.c ****     /**DAC1 GPIO Configuration    
 196:Src/stm32l4xx_hal_msp.c ****     PA4     ------> DAC1_OUT1 
 197:Src/stm32l4xx_hal_msp.c ****     */
 198:Src/stm32l4xx_hal_msp.c ****     HAL_GPIO_DeInit(GPIOA, GPIO_PIN_4);
 199:Src/stm32l4xx_hal_msp.c **** 
 200:Src/stm32l4xx_hal_msp.c ****   /* USER CODE BEGIN DAC1_MspDeInit 1 */
 201:Src/stm32l4xx_hal_msp.c **** 
 202:Src/stm32l4xx_hal_msp.c ****   /* USER CODE END DAC1_MspDeInit 1 */
 203:Src/stm32l4xx_hal_msp.c ****   }
 204:Src/stm32l4xx_hal_msp.c **** 
 205:Src/stm32l4xx_hal_msp.c **** }
 403              		.loc 1 205 1 view .LVU90
 404 000a 08BD     		pop	{r3, pc}
 405              	.LVL20:
 406              	.L26:
 193:Src/stm32l4xx_hal_msp.c ****   
 407              		.loc 1 193 5 is_stmt 1 view .LVU91
 408 000c 064A     		ldr	r2, .L27+4
 409 000e 936D     		ldr	r3, [r2, #88]
 410 0010 23F00053 		bic	r3, r3, #536870912
 411 0014 9365     		str	r3, [r2, #88]
 198:Src/stm32l4xx_hal_msp.c **** 
 412              		.loc 1 198 5 view .LVU92
 413 0016 1021     		movs	r1, #16
 414 0018 4FF09040 		mov	r0, #1207959552
 415              	.LVL21:
 198:Src/stm32l4xx_hal_msp.c **** 
 416              		.loc 1 198 5 is_stmt 0 view .LVU93
 417 001c FFF7FEFF 		bl	HAL_GPIO_DeInit
 418              	.LVL22:
 419              		.loc 1 205 1 view .LVU94
 420 0020 F3E7     		b	.L23
 421              	.L28:
 422 0022 00BF     		.align	2
 423              	.L27:
 424 0024 00740040 		.word	1073771520
 425 0028 00100240 		.word	1073876992
 426              		.cfi_endproc
 427              	.LFE290:
 429              		.section	.text.HAL_UART_MspInit,"ax",%progbits
 430              		.align	1
 431              		.global	HAL_UART_MspInit
 432              		.syntax unified
 433              		.thumb
 434              		.thumb_func
 435              		.fpu fpv4-sp-d16
 437              	HAL_UART_MspInit:
 438              	.LVL23:
 439              	.LFB291:
 206:Src/stm32l4xx_hal_msp.c **** 
 207:Src/stm32l4xx_hal_msp.c **** /**
ARM GAS  /tmp/ccIC2TOZ.s 			page 13


 208:Src/stm32l4xx_hal_msp.c **** * @brief UART MSP Initialization
 209:Src/stm32l4xx_hal_msp.c **** * This function configures the hardware resources used in this example
 210:Src/stm32l4xx_hal_msp.c **** * @param huart: UART handle pointer
 211:Src/stm32l4xx_hal_msp.c **** * @retval None
 212:Src/stm32l4xx_hal_msp.c **** */
 213:Src/stm32l4xx_hal_msp.c **** void HAL_UART_MspInit(UART_HandleTypeDef* huart)
 214:Src/stm32l4xx_hal_msp.c **** {
 440              		.loc 1 214 1 is_stmt 1 view -0
 441              		.cfi_startproc
 442              		@ args = 0, pretend = 0, frame = 32
 443              		@ frame_needed = 0, uses_anonymous_args = 0
 444              		.loc 1 214 1 is_stmt 0 view .LVU96
 445 0000 70B5     		push	{r4, r5, r6, lr}
 446              	.LCFI12:
 447              		.cfi_def_cfa_offset 16
 448              		.cfi_offset 4, -16
 449              		.cfi_offset 5, -12
 450              		.cfi_offset 6, -8
 451              		.cfi_offset 14, -4
 452 0002 88B0     		sub	sp, sp, #32
 453              	.LCFI13:
 454              		.cfi_def_cfa_offset 48
 215:Src/stm32l4xx_hal_msp.c ****   GPIO_InitTypeDef GPIO_InitStruct = {0};
 455              		.loc 1 215 3 is_stmt 1 view .LVU97
 456              		.loc 1 215 20 is_stmt 0 view .LVU98
 457 0004 0023     		movs	r3, #0
 458 0006 0393     		str	r3, [sp, #12]
 459 0008 0493     		str	r3, [sp, #16]
 460 000a 0593     		str	r3, [sp, #20]
 461 000c 0693     		str	r3, [sp, #24]
 462 000e 0793     		str	r3, [sp, #28]
 216:Src/stm32l4xx_hal_msp.c ****   if(huart->Instance==USART2)
 463              		.loc 1 216 3 is_stmt 1 view .LVU99
 464              		.loc 1 216 11 is_stmt 0 view .LVU100
 465 0010 0268     		ldr	r2, [r0]
 466              		.loc 1 216 5 view .LVU101
 467 0012 1A4B     		ldr	r3, .L33
 468 0014 9A42     		cmp	r2, r3
 469 0016 01D0     		beq	.L32
 470              	.LVL24:
 471              	.L29:
 217:Src/stm32l4xx_hal_msp.c ****   {
 218:Src/stm32l4xx_hal_msp.c ****   /* USER CODE BEGIN USART2_MspInit 0 */
 219:Src/stm32l4xx_hal_msp.c **** 
 220:Src/stm32l4xx_hal_msp.c ****   /* USER CODE END USART2_MspInit 0 */
 221:Src/stm32l4xx_hal_msp.c ****     /* Peripheral clock enable */
 222:Src/stm32l4xx_hal_msp.c ****     __HAL_RCC_USART2_CLK_ENABLE();
 223:Src/stm32l4xx_hal_msp.c ****   
 224:Src/stm32l4xx_hal_msp.c ****     __HAL_RCC_GPIOA_CLK_ENABLE();
 225:Src/stm32l4xx_hal_msp.c ****     /**USART2 GPIO Configuration    
 226:Src/stm32l4xx_hal_msp.c ****     PA2     ------> USART2_TX
 227:Src/stm32l4xx_hal_msp.c ****     PA15 (JTDI)     ------> USART2_RX 
 228:Src/stm32l4xx_hal_msp.c ****     */
 229:Src/stm32l4xx_hal_msp.c ****     GPIO_InitStruct.Pin = GPIO_PIN_2;
 230:Src/stm32l4xx_hal_msp.c ****     GPIO_InitStruct.Mode = GPIO_MODE_AF_PP;
 231:Src/stm32l4xx_hal_msp.c ****     GPIO_InitStruct.Pull = GPIO_NOPULL;
 232:Src/stm32l4xx_hal_msp.c ****     GPIO_InitStruct.Speed = GPIO_SPEED_FREQ_VERY_HIGH;
ARM GAS  /tmp/ccIC2TOZ.s 			page 14


 233:Src/stm32l4xx_hal_msp.c ****     GPIO_InitStruct.Alternate = GPIO_AF7_USART2;
 234:Src/stm32l4xx_hal_msp.c ****     HAL_GPIO_Init(GPIOA, &GPIO_InitStruct);
 235:Src/stm32l4xx_hal_msp.c **** 
 236:Src/stm32l4xx_hal_msp.c ****     GPIO_InitStruct.Pin = GPIO_PIN_15;
 237:Src/stm32l4xx_hal_msp.c ****     GPIO_InitStruct.Mode = GPIO_MODE_AF_PP;
 238:Src/stm32l4xx_hal_msp.c ****     GPIO_InitStruct.Pull = GPIO_NOPULL;
 239:Src/stm32l4xx_hal_msp.c ****     GPIO_InitStruct.Speed = GPIO_SPEED_FREQ_VERY_HIGH;
 240:Src/stm32l4xx_hal_msp.c ****     GPIO_InitStruct.Alternate = GPIO_AF3_USART2;
 241:Src/stm32l4xx_hal_msp.c ****     HAL_GPIO_Init(GPIOA, &GPIO_InitStruct);
 242:Src/stm32l4xx_hal_msp.c **** 
 243:Src/stm32l4xx_hal_msp.c ****   /* USER CODE BEGIN USART2_MspInit 1 */
 244:Src/stm32l4xx_hal_msp.c **** 
 245:Src/stm32l4xx_hal_msp.c ****   /* USER CODE END USART2_MspInit 1 */
 246:Src/stm32l4xx_hal_msp.c ****   }
 247:Src/stm32l4xx_hal_msp.c **** 
 248:Src/stm32l4xx_hal_msp.c **** }
 472              		.loc 1 248 1 view .LVU102
 473 0018 08B0     		add	sp, sp, #32
 474              	.LCFI14:
 475              		.cfi_remember_state
 476              		.cfi_def_cfa_offset 16
 477              		@ sp needed
 478 001a 70BD     		pop	{r4, r5, r6, pc}
 479              	.LVL25:
 480              	.L32:
 481              	.LCFI15:
 482              		.cfi_restore_state
 222:Src/stm32l4xx_hal_msp.c ****   
 483              		.loc 1 222 5 is_stmt 1 view .LVU103
 484              	.LBB8:
 222:Src/stm32l4xx_hal_msp.c ****   
 485              		.loc 1 222 5 view .LVU104
 222:Src/stm32l4xx_hal_msp.c ****   
 486              		.loc 1 222 5 view .LVU105
 487 001c 03F5E633 		add	r3, r3, #117760
 488 0020 9A6D     		ldr	r2, [r3, #88]
 489 0022 42F40032 		orr	r2, r2, #131072
 490 0026 9A65     		str	r2, [r3, #88]
 222:Src/stm32l4xx_hal_msp.c ****   
 491              		.loc 1 222 5 view .LVU106
 492 0028 9A6D     		ldr	r2, [r3, #88]
 493 002a 02F40032 		and	r2, r2, #131072
 494 002e 0192     		str	r2, [sp, #4]
 222:Src/stm32l4xx_hal_msp.c ****   
 495              		.loc 1 222 5 view .LVU107
 496 0030 019A     		ldr	r2, [sp, #4]
 497              	.LBE8:
 222:Src/stm32l4xx_hal_msp.c ****   
 498              		.loc 1 222 5 view .LVU108
 224:Src/stm32l4xx_hal_msp.c ****     /**USART2 GPIO Configuration    
 499              		.loc 1 224 5 view .LVU109
 500              	.LBB9:
 224:Src/stm32l4xx_hal_msp.c ****     /**USART2 GPIO Configuration    
 501              		.loc 1 224 5 view .LVU110
 224:Src/stm32l4xx_hal_msp.c ****     /**USART2 GPIO Configuration    
 502              		.loc 1 224 5 view .LVU111
 503 0032 DA6C     		ldr	r2, [r3, #76]
ARM GAS  /tmp/ccIC2TOZ.s 			page 15


 504 0034 42F00102 		orr	r2, r2, #1
 505 0038 DA64     		str	r2, [r3, #76]
 224:Src/stm32l4xx_hal_msp.c ****     /**USART2 GPIO Configuration    
 506              		.loc 1 224 5 view .LVU112
 507 003a DB6C     		ldr	r3, [r3, #76]
 508 003c 03F00103 		and	r3, r3, #1
 509 0040 0293     		str	r3, [sp, #8]
 224:Src/stm32l4xx_hal_msp.c ****     /**USART2 GPIO Configuration    
 510              		.loc 1 224 5 view .LVU113
 511 0042 029B     		ldr	r3, [sp, #8]
 512              	.LBE9:
 224:Src/stm32l4xx_hal_msp.c ****     /**USART2 GPIO Configuration    
 513              		.loc 1 224 5 view .LVU114
 229:Src/stm32l4xx_hal_msp.c ****     GPIO_InitStruct.Mode = GPIO_MODE_AF_PP;
 514              		.loc 1 229 5 view .LVU115
 229:Src/stm32l4xx_hal_msp.c ****     GPIO_InitStruct.Mode = GPIO_MODE_AF_PP;
 515              		.loc 1 229 25 is_stmt 0 view .LVU116
 516 0044 0423     		movs	r3, #4
 517 0046 0393     		str	r3, [sp, #12]
 230:Src/stm32l4xx_hal_msp.c ****     GPIO_InitStruct.Pull = GPIO_NOPULL;
 518              		.loc 1 230 5 is_stmt 1 view .LVU117
 230:Src/stm32l4xx_hal_msp.c ****     GPIO_InitStruct.Pull = GPIO_NOPULL;
 519              		.loc 1 230 26 is_stmt 0 view .LVU118
 520 0048 0226     		movs	r6, #2
 521 004a 0496     		str	r6, [sp, #16]
 231:Src/stm32l4xx_hal_msp.c ****     GPIO_InitStruct.Speed = GPIO_SPEED_FREQ_VERY_HIGH;
 522              		.loc 1 231 5 is_stmt 1 view .LVU119
 231:Src/stm32l4xx_hal_msp.c ****     GPIO_InitStruct.Speed = GPIO_SPEED_FREQ_VERY_HIGH;
 523              		.loc 1 231 26 is_stmt 0 view .LVU120
 524 004c 0025     		movs	r5, #0
 525 004e 0595     		str	r5, [sp, #20]
 232:Src/stm32l4xx_hal_msp.c ****     GPIO_InitStruct.Alternate = GPIO_AF7_USART2;
 526              		.loc 1 232 5 is_stmt 1 view .LVU121
 232:Src/stm32l4xx_hal_msp.c ****     GPIO_InitStruct.Alternate = GPIO_AF7_USART2;
 527              		.loc 1 232 27 is_stmt 0 view .LVU122
 528 0050 0324     		movs	r4, #3
 529 0052 0694     		str	r4, [sp, #24]
 233:Src/stm32l4xx_hal_msp.c ****     HAL_GPIO_Init(GPIOA, &GPIO_InitStruct);
 530              		.loc 1 233 5 is_stmt 1 view .LVU123
 233:Src/stm32l4xx_hal_msp.c ****     HAL_GPIO_Init(GPIOA, &GPIO_InitStruct);
 531              		.loc 1 233 31 is_stmt 0 view .LVU124
 532 0054 0723     		movs	r3, #7
 533 0056 0793     		str	r3, [sp, #28]
 234:Src/stm32l4xx_hal_msp.c **** 
 534              		.loc 1 234 5 is_stmt 1 view .LVU125
 535 0058 03A9     		add	r1, sp, #12
 536 005a 4FF09040 		mov	r0, #1207959552
 537              	.LVL26:
 234:Src/stm32l4xx_hal_msp.c **** 
 538              		.loc 1 234 5 is_stmt 0 view .LVU126
 539 005e FFF7FEFF 		bl	HAL_GPIO_Init
 540              	.LVL27:
 236:Src/stm32l4xx_hal_msp.c ****     GPIO_InitStruct.Mode = GPIO_MODE_AF_PP;
 541              		.loc 1 236 5 is_stmt 1 view .LVU127
 236:Src/stm32l4xx_hal_msp.c ****     GPIO_InitStruct.Mode = GPIO_MODE_AF_PP;
 542              		.loc 1 236 25 is_stmt 0 view .LVU128
 543 0062 4FF40043 		mov	r3, #32768
ARM GAS  /tmp/ccIC2TOZ.s 			page 16


 544 0066 0393     		str	r3, [sp, #12]
 237:Src/stm32l4xx_hal_msp.c ****     GPIO_InitStruct.Pull = GPIO_NOPULL;
 545              		.loc 1 237 5 is_stmt 1 view .LVU129
 237:Src/stm32l4xx_hal_msp.c ****     GPIO_InitStruct.Pull = GPIO_NOPULL;
 546              		.loc 1 237 26 is_stmt 0 view .LVU130
 547 0068 0496     		str	r6, [sp, #16]
 238:Src/stm32l4xx_hal_msp.c ****     GPIO_InitStruct.Speed = GPIO_SPEED_FREQ_VERY_HIGH;
 548              		.loc 1 238 5 is_stmt 1 view .LVU131
 238:Src/stm32l4xx_hal_msp.c ****     GPIO_InitStruct.Speed = GPIO_SPEED_FREQ_VERY_HIGH;
 549              		.loc 1 238 26 is_stmt 0 view .LVU132
 550 006a 0595     		str	r5, [sp, #20]
 239:Src/stm32l4xx_hal_msp.c ****     GPIO_InitStruct.Alternate = GPIO_AF3_USART2;
 551              		.loc 1 239 5 is_stmt 1 view .LVU133
 239:Src/stm32l4xx_hal_msp.c ****     GPIO_InitStruct.Alternate = GPIO_AF3_USART2;
 552              		.loc 1 239 27 is_stmt 0 view .LVU134
 553 006c 0694     		str	r4, [sp, #24]
 240:Src/stm32l4xx_hal_msp.c ****     HAL_GPIO_Init(GPIOA, &GPIO_InitStruct);
 554              		.loc 1 240 5 is_stmt 1 view .LVU135
 240:Src/stm32l4xx_hal_msp.c ****     HAL_GPIO_Init(GPIOA, &GPIO_InitStruct);
 555              		.loc 1 240 31 is_stmt 0 view .LVU136
 556 006e 0794     		str	r4, [sp, #28]
 241:Src/stm32l4xx_hal_msp.c **** 
 557              		.loc 1 241 5 is_stmt 1 view .LVU137
 558 0070 03A9     		add	r1, sp, #12
 559 0072 4FF09040 		mov	r0, #1207959552
 560 0076 FFF7FEFF 		bl	HAL_GPIO_Init
 561              	.LVL28:
 562              		.loc 1 248 1 is_stmt 0 view .LVU138
 563 007a CDE7     		b	.L29
 564              	.L34:
 565              		.align	2
 566              	.L33:
 567 007c 00440040 		.word	1073759232
 568              		.cfi_endproc
 569              	.LFE291:
 571              		.section	.text.HAL_UART_MspDeInit,"ax",%progbits
 572              		.align	1
 573              		.global	HAL_UART_MspDeInit
 574              		.syntax unified
 575              		.thumb
 576              		.thumb_func
 577              		.fpu fpv4-sp-d16
 579              	HAL_UART_MspDeInit:
 580              	.LVL29:
 581              	.LFB292:
 249:Src/stm32l4xx_hal_msp.c **** 
 250:Src/stm32l4xx_hal_msp.c **** /**
 251:Src/stm32l4xx_hal_msp.c **** * @brief UART MSP De-Initialization
 252:Src/stm32l4xx_hal_msp.c **** * This function freeze the hardware resources used in this example
 253:Src/stm32l4xx_hal_msp.c **** * @param huart: UART handle pointer
 254:Src/stm32l4xx_hal_msp.c **** * @retval None
 255:Src/stm32l4xx_hal_msp.c **** */
 256:Src/stm32l4xx_hal_msp.c **** void HAL_UART_MspDeInit(UART_HandleTypeDef* huart)
 257:Src/stm32l4xx_hal_msp.c **** {
 582              		.loc 1 257 1 is_stmt 1 view -0
 583              		.cfi_startproc
 584              		@ args = 0, pretend = 0, frame = 0
ARM GAS  /tmp/ccIC2TOZ.s 			page 17


 585              		@ frame_needed = 0, uses_anonymous_args = 0
 586              		.loc 1 257 1 is_stmt 0 view .LVU140
 587 0000 08B5     		push	{r3, lr}
 588              	.LCFI16:
 589              		.cfi_def_cfa_offset 8
 590              		.cfi_offset 3, -8
 591              		.cfi_offset 14, -4
 258:Src/stm32l4xx_hal_msp.c ****   if(huart->Instance==USART2)
 592              		.loc 1 258 3 is_stmt 1 view .LVU141
 593              		.loc 1 258 11 is_stmt 0 view .LVU142
 594 0002 0268     		ldr	r2, [r0]
 595              		.loc 1 258 5 view .LVU143
 596 0004 074B     		ldr	r3, .L39
 597 0006 9A42     		cmp	r2, r3
 598 0008 00D0     		beq	.L38
 599              	.LVL30:
 600              	.L35:
 259:Src/stm32l4xx_hal_msp.c ****   {
 260:Src/stm32l4xx_hal_msp.c ****   /* USER CODE BEGIN USART2_MspDeInit 0 */
 261:Src/stm32l4xx_hal_msp.c **** 
 262:Src/stm32l4xx_hal_msp.c ****   /* USER CODE END USART2_MspDeInit 0 */
 263:Src/stm32l4xx_hal_msp.c ****     /* Peripheral clock disable */
 264:Src/stm32l4xx_hal_msp.c ****     __HAL_RCC_USART2_CLK_DISABLE();
 265:Src/stm32l4xx_hal_msp.c ****   
 266:Src/stm32l4xx_hal_msp.c ****     /**USART2 GPIO Configuration    
 267:Src/stm32l4xx_hal_msp.c ****     PA2     ------> USART2_TX
 268:Src/stm32l4xx_hal_msp.c ****     PA15 (JTDI)     ------> USART2_RX 
 269:Src/stm32l4xx_hal_msp.c ****     */
 270:Src/stm32l4xx_hal_msp.c ****     HAL_GPIO_DeInit(GPIOA, GPIO_PIN_2|GPIO_PIN_15);
 271:Src/stm32l4xx_hal_msp.c **** 
 272:Src/stm32l4xx_hal_msp.c ****   /* USER CODE BEGIN USART2_MspDeInit 1 */
 273:Src/stm32l4xx_hal_msp.c **** 
 274:Src/stm32l4xx_hal_msp.c ****   /* USER CODE END USART2_MspDeInit 1 */
 275:Src/stm32l4xx_hal_msp.c ****   }
 276:Src/stm32l4xx_hal_msp.c **** 
 277:Src/stm32l4xx_hal_msp.c **** }
 601              		.loc 1 277 1 view .LVU144
 602 000a 08BD     		pop	{r3, pc}
 603              	.LVL31:
 604              	.L38:
 264:Src/stm32l4xx_hal_msp.c ****   
 605              		.loc 1 264 5 is_stmt 1 view .LVU145
 606 000c 064A     		ldr	r2, .L39+4
 607 000e 936D     		ldr	r3, [r2, #88]
 608 0010 23F40033 		bic	r3, r3, #131072
 609 0014 9365     		str	r3, [r2, #88]
 270:Src/stm32l4xx_hal_msp.c **** 
 610              		.loc 1 270 5 view .LVU146
 611 0016 48F20401 		movw	r1, #32772
 612 001a 4FF09040 		mov	r0, #1207959552
 613              	.LVL32:
 270:Src/stm32l4xx_hal_msp.c **** 
 614              		.loc 1 270 5 is_stmt 0 view .LVU147
 615 001e FFF7FEFF 		bl	HAL_GPIO_DeInit
 616              	.LVL33:
 617              		.loc 1 277 1 view .LVU148
 618 0022 F2E7     		b	.L35
ARM GAS  /tmp/ccIC2TOZ.s 			page 18


 619              	.L40:
 620              		.align	2
 621              	.L39:
 622 0024 00440040 		.word	1073759232
 623 0028 00100240 		.word	1073876992
 624              		.cfi_endproc
 625              	.LFE292:
 627              		.comm	hdac1,20,4
 628              		.comm	hadc1,100,4
 629              		.comm	huart2,128,4
 630              		.comm	adc_value,2,2
 631              		.text
 632              	.Letext0:
 633              		.file 2 "/home/garnet/gcc-arm-none-eabi-9-2019-q4-major/arm-none-eabi/include/machine/_default_typ
 634              		.file 3 "/home/garnet/gcc-arm-none-eabi-9-2019-q4-major/arm-none-eabi/include/sys/_stdint.h"
 635              		.file 4 "Drivers/CMSIS/Include/core_cm4.h"
 636              		.file 5 "Drivers/CMSIS/Device/ST/STM32L4xx/Include/system_stm32l4xx.h"
 637              		.file 6 "Drivers/CMSIS/Device/ST/STM32L4xx/Include/stm32l432xx.h"
 638              		.file 7 "Drivers/CMSIS/Device/ST/STM32L4xx/Include/stm32l4xx.h"
 639              		.file 8 "Drivers/STM32L4xx_HAL_Driver/Inc/stm32l4xx_hal_def.h"
 640              		.file 9 "Drivers/STM32L4xx_HAL_Driver/Inc/stm32l4xx_hal_gpio.h"
 641              		.file 10 "Drivers/STM32L4xx_HAL_Driver/Inc/stm32l4xx_hal_dma.h"
 642              		.file 11 "Drivers/STM32L4xx_HAL_Driver/Inc/stm32l4xx_hal_adc.h"
 643              		.file 12 "Drivers/STM32L4xx_HAL_Driver/Inc/stm32l4xx_hal_dac.h"
 644              		.file 13 "Drivers/STM32L4xx_HAL_Driver/Inc/stm32l4xx_hal_flash.h"
 645              		.file 14 "Drivers/STM32L4xx_HAL_Driver/Inc/stm32l4xx_hal_uart.h"
 646              		.file 15 "Drivers/STM32L4xx_HAL_Driver/Inc/stm32l4xx_hal.h"
 647              		.file 16 "Inc/main.h"
 648              		.file 17 "Drivers/STM32L4xx_HAL_Driver/Inc/stm32l4xx_hal_cortex.h"
ARM GAS  /tmp/ccIC2TOZ.s 			page 19


DEFINED SYMBOLS
                            *ABS*:0000000000000000 stm32l4xx_hal_msp.c
     /tmp/ccIC2TOZ.s:18     .text.HAL_MspInit:0000000000000000 $t
     /tmp/ccIC2TOZ.s:26     .text.HAL_MspInit:0000000000000000 HAL_MspInit
     /tmp/ccIC2TOZ.s:77     .text.HAL_MspInit:000000000000002c $d
     /tmp/ccIC2TOZ.s:82     .text.HAL_ADC_MspInit:0000000000000000 $t
     /tmp/ccIC2TOZ.s:89     .text.HAL_ADC_MspInit:0000000000000000 HAL_ADC_MspInit
     /tmp/ccIC2TOZ.s:199    .text.HAL_ADC_MspInit:0000000000000070 $d
     /tmp/ccIC2TOZ.s:204    .text.HAL_ADC_MspDeInit:0000000000000000 $t
     /tmp/ccIC2TOZ.s:211    .text.HAL_ADC_MspDeInit:0000000000000000 HAL_ADC_MspDeInit
     /tmp/ccIC2TOZ.s:258    .text.HAL_ADC_MspDeInit:0000000000000028 $d
     /tmp/ccIC2TOZ.s:264    .text.HAL_DAC_MspInit:0000000000000000 $t
     /tmp/ccIC2TOZ.s:271    .text.HAL_DAC_MspInit:0000000000000000 HAL_DAC_MspInit
     /tmp/ccIC2TOZ.s:369    .text.HAL_DAC_MspInit:0000000000000060 $d
     /tmp/ccIC2TOZ.s:374    .text.HAL_DAC_MspDeInit:0000000000000000 $t
     /tmp/ccIC2TOZ.s:381    .text.HAL_DAC_MspDeInit:0000000000000000 HAL_DAC_MspDeInit
     /tmp/ccIC2TOZ.s:424    .text.HAL_DAC_MspDeInit:0000000000000024 $d
     /tmp/ccIC2TOZ.s:430    .text.HAL_UART_MspInit:0000000000000000 $t
     /tmp/ccIC2TOZ.s:437    .text.HAL_UART_MspInit:0000000000000000 HAL_UART_MspInit
     /tmp/ccIC2TOZ.s:567    .text.HAL_UART_MspInit:000000000000007c $d
     /tmp/ccIC2TOZ.s:572    .text.HAL_UART_MspDeInit:0000000000000000 $t
     /tmp/ccIC2TOZ.s:579    .text.HAL_UART_MspDeInit:0000000000000000 HAL_UART_MspDeInit
     /tmp/ccIC2TOZ.s:622    .text.HAL_UART_MspDeInit:0000000000000024 $d
                            *COM*:0000000000000014 hdac1
                            *COM*:0000000000000064 hadc1
                            *COM*:0000000000000080 huart2
                            *COM*:0000000000000002 adc_value

UNDEFINED SYMBOLS
HAL_GPIO_Init
HAL_NVIC_SetPriority
HAL_NVIC_EnableIRQ
HAL_GPIO_DeInit
HAL_NVIC_DisableIRQ
