ARM GAS  /tmp/ccUTwZQr.s 			page 1


   1              		.cpu cortex-m4
   2              		.eabi_attribute 27, 1
   3              		.eabi_attribute 28, 1
   4              		.eabi_attribute 20, 1
   5              		.eabi_attribute 21, 1
   6              		.eabi_attribute 23, 3
   7              		.eabi_attribute 24, 1
   8              		.eabi_attribute 25, 1
   9              		.eabi_attribute 26, 1
  10              		.eabi_attribute 30, 1
  11              		.eabi_attribute 34, 1
  12              		.eabi_attribute 18, 4
  13              		.file	"stm32f4xx_hal_msp.c"
  14              		.text
  15              	.Ltext0:
  16              		.cfi_sections	.debug_frame
  17              		.section	.text.HAL_MspInit,"ax",%progbits
  18              		.align	1
  19              		.global	HAL_MspInit
  20              		.arch armv7e-m
  21              		.syntax unified
  22              		.thumb
  23              		.thumb_func
  24              		.fpu fpv4-sp-d16
  26              	HAL_MspInit:
  27              	.LFB130:
  28              		.file 1 "Src/stm32f4xx_hal_msp.c"
   1:Src/stm32f4xx_hal_msp.c **** /* USER CODE BEGIN Header */
   2:Src/stm32f4xx_hal_msp.c **** /**
   3:Src/stm32f4xx_hal_msp.c ****   ******************************************************************************
   4:Src/stm32f4xx_hal_msp.c ****   * File Name          : stm32f4xx_hal_msp.c
   5:Src/stm32f4xx_hal_msp.c ****   * Description        : This file provides code for the MSP Initialization 
   6:Src/stm32f4xx_hal_msp.c ****   *                      and de-Initialization codes.
   7:Src/stm32f4xx_hal_msp.c ****   ******************************************************************************
   8:Src/stm32f4xx_hal_msp.c ****   * @attention
   9:Src/stm32f4xx_hal_msp.c ****   *
  10:Src/stm32f4xx_hal_msp.c ****   * <h2><center>&copy; Copyright (c) 2020 STMicroelectronics.
  11:Src/stm32f4xx_hal_msp.c ****   * All rights reserved.</center></h2>
  12:Src/stm32f4xx_hal_msp.c ****   *
  13:Src/stm32f4xx_hal_msp.c ****   * This software component is licensed by ST under BSD 3-Clause license,
  14:Src/stm32f4xx_hal_msp.c ****   * the "License"; You may not use this file except in compliance with the
  15:Src/stm32f4xx_hal_msp.c ****   * License. You may obtain a copy of the License at:
  16:Src/stm32f4xx_hal_msp.c ****   *                        opensource.org/licenses/BSD-3-Clause
  17:Src/stm32f4xx_hal_msp.c ****   *
  18:Src/stm32f4xx_hal_msp.c ****   ******************************************************************************
  19:Src/stm32f4xx_hal_msp.c ****   */
  20:Src/stm32f4xx_hal_msp.c **** /* USER CODE END Header */
  21:Src/stm32f4xx_hal_msp.c **** 
  22:Src/stm32f4xx_hal_msp.c **** /* Includes ------------------------------------------------------------------*/
  23:Src/stm32f4xx_hal_msp.c **** #include "main.h"
  24:Src/stm32f4xx_hal_msp.c **** /* USER CODE BEGIN Includes */
  25:Src/stm32f4xx_hal_msp.c **** 
  26:Src/stm32f4xx_hal_msp.c **** /* USER CODE END Includes */
  27:Src/stm32f4xx_hal_msp.c **** 
  28:Src/stm32f4xx_hal_msp.c **** /* Private typedef -----------------------------------------------------------*/
  29:Src/stm32f4xx_hal_msp.c **** /* USER CODE BEGIN TD */
  30:Src/stm32f4xx_hal_msp.c **** 
ARM GAS  /tmp/ccUTwZQr.s 			page 2


  31:Src/stm32f4xx_hal_msp.c **** /* USER CODE END TD */
  32:Src/stm32f4xx_hal_msp.c **** 
  33:Src/stm32f4xx_hal_msp.c **** /* Private define ------------------------------------------------------------*/
  34:Src/stm32f4xx_hal_msp.c **** /* USER CODE BEGIN Define */
  35:Src/stm32f4xx_hal_msp.c ****  
  36:Src/stm32f4xx_hal_msp.c **** /* USER CODE END Define */
  37:Src/stm32f4xx_hal_msp.c **** 
  38:Src/stm32f4xx_hal_msp.c **** /* Private macro -------------------------------------------------------------*/
  39:Src/stm32f4xx_hal_msp.c **** /* USER CODE BEGIN Macro */
  40:Src/stm32f4xx_hal_msp.c **** 
  41:Src/stm32f4xx_hal_msp.c **** /* USER CODE END Macro */
  42:Src/stm32f4xx_hal_msp.c **** 
  43:Src/stm32f4xx_hal_msp.c **** /* Private variables ---------------------------------------------------------*/
  44:Src/stm32f4xx_hal_msp.c **** /* USER CODE BEGIN PV */
  45:Src/stm32f4xx_hal_msp.c **** 
  46:Src/stm32f4xx_hal_msp.c **** /* USER CODE END PV */
  47:Src/stm32f4xx_hal_msp.c **** 
  48:Src/stm32f4xx_hal_msp.c **** /* Private function prototypes -----------------------------------------------*/
  49:Src/stm32f4xx_hal_msp.c **** /* USER CODE BEGIN PFP */
  50:Src/stm32f4xx_hal_msp.c **** 
  51:Src/stm32f4xx_hal_msp.c **** /* USER CODE END PFP */
  52:Src/stm32f4xx_hal_msp.c **** 
  53:Src/stm32f4xx_hal_msp.c **** /* External functions --------------------------------------------------------*/
  54:Src/stm32f4xx_hal_msp.c **** /* USER CODE BEGIN ExternalFunctions */
  55:Src/stm32f4xx_hal_msp.c **** 
  56:Src/stm32f4xx_hal_msp.c **** /* USER CODE END ExternalFunctions */
  57:Src/stm32f4xx_hal_msp.c **** 
  58:Src/stm32f4xx_hal_msp.c **** /* USER CODE BEGIN 0 */
  59:Src/stm32f4xx_hal_msp.c **** 
  60:Src/stm32f4xx_hal_msp.c **** /* USER CODE END 0 */
  61:Src/stm32f4xx_hal_msp.c **** /**
  62:Src/stm32f4xx_hal_msp.c ****   * Initializes the Global MSP.
  63:Src/stm32f4xx_hal_msp.c ****   */
  64:Src/stm32f4xx_hal_msp.c **** void HAL_MspInit(void)
  65:Src/stm32f4xx_hal_msp.c **** {
  29              		.loc 1 65 1 view -0
  30              		.cfi_startproc
  31              		@ args = 0, pretend = 0, frame = 8
  32              		@ frame_needed = 0, uses_anonymous_args = 0
  33              		@ link register save eliminated.
  34 0000 82B0     		sub	sp, sp, #8
  35              	.LCFI0:
  36              		.cfi_def_cfa_offset 8
  66:Src/stm32f4xx_hal_msp.c ****   /* USER CODE BEGIN MspInit 0 */
  67:Src/stm32f4xx_hal_msp.c **** 
  68:Src/stm32f4xx_hal_msp.c ****   /* USER CODE END MspInit 0 */
  69:Src/stm32f4xx_hal_msp.c **** 
  70:Src/stm32f4xx_hal_msp.c ****   __HAL_RCC_SYSCFG_CLK_ENABLE();
  37              		.loc 1 70 3 view .LVU1
  38              	.LBB2:
  39              		.loc 1 70 3 view .LVU2
  40 0002 0021     		movs	r1, #0
  41 0004 0091     		str	r1, [sp]
  42              		.loc 1 70 3 view .LVU3
  43 0006 0B4B     		ldr	r3, .L3
  44 0008 5A6C     		ldr	r2, [r3, #68]
  45 000a 42F48042 		orr	r2, r2, #16384
ARM GAS  /tmp/ccUTwZQr.s 			page 3


  46 000e 5A64     		str	r2, [r3, #68]
  47              		.loc 1 70 3 view .LVU4
  48 0010 5A6C     		ldr	r2, [r3, #68]
  49 0012 02F48042 		and	r2, r2, #16384
  50 0016 0092     		str	r2, [sp]
  51              		.loc 1 70 3 view .LVU5
  52 0018 009A     		ldr	r2, [sp]
  53              	.LBE2:
  54              		.loc 1 70 3 view .LVU6
  71:Src/stm32f4xx_hal_msp.c ****   __HAL_RCC_PWR_CLK_ENABLE();
  55              		.loc 1 71 3 view .LVU7
  56              	.LBB3:
  57              		.loc 1 71 3 view .LVU8
  58 001a 0191     		str	r1, [sp, #4]
  59              		.loc 1 71 3 view .LVU9
  60 001c 1A6C     		ldr	r2, [r3, #64]
  61 001e 42F08052 		orr	r2, r2, #268435456
  62 0022 1A64     		str	r2, [r3, #64]
  63              		.loc 1 71 3 view .LVU10
  64 0024 1B6C     		ldr	r3, [r3, #64]
  65 0026 03F08053 		and	r3, r3, #268435456
  66 002a 0193     		str	r3, [sp, #4]
  67              		.loc 1 71 3 view .LVU11
  68 002c 019B     		ldr	r3, [sp, #4]
  69              	.LBE3:
  70              		.loc 1 71 3 view .LVU12
  72:Src/stm32f4xx_hal_msp.c **** 
  73:Src/stm32f4xx_hal_msp.c ****   /* System interrupt init*/
  74:Src/stm32f4xx_hal_msp.c **** 
  75:Src/stm32f4xx_hal_msp.c ****   /* USER CODE BEGIN MspInit 1 */
  76:Src/stm32f4xx_hal_msp.c **** 
  77:Src/stm32f4xx_hal_msp.c ****   /* USER CODE END MspInit 1 */
  78:Src/stm32f4xx_hal_msp.c **** }
  71              		.loc 1 78 1 is_stmt 0 view .LVU13
  72 002e 02B0     		add	sp, sp, #8
  73              	.LCFI1:
  74              		.cfi_def_cfa_offset 0
  75              		@ sp needed
  76 0030 7047     		bx	lr
  77              	.L4:
  78 0032 00BF     		.align	2
  79              	.L3:
  80 0034 00380240 		.word	1073887232
  81              		.cfi_endproc
  82              	.LFE130:
  84              		.section	.text.HAL_ADC_MspInit,"ax",%progbits
  85              		.align	1
  86              		.global	HAL_ADC_MspInit
  87              		.syntax unified
  88              		.thumb
  89              		.thumb_func
  90              		.fpu fpv4-sp-d16
  92              	HAL_ADC_MspInit:
  93              	.LVL0:
  94              	.LFB131:
  79:Src/stm32f4xx_hal_msp.c **** 
  80:Src/stm32f4xx_hal_msp.c **** /**
ARM GAS  /tmp/ccUTwZQr.s 			page 4


  81:Src/stm32f4xx_hal_msp.c **** * @brief ADC MSP Initialization
  82:Src/stm32f4xx_hal_msp.c **** * This function configures the hardware resources used in this example
  83:Src/stm32f4xx_hal_msp.c **** * @param hadc: ADC handle pointer
  84:Src/stm32f4xx_hal_msp.c **** * @retval None
  85:Src/stm32f4xx_hal_msp.c **** */
  86:Src/stm32f4xx_hal_msp.c **** void HAL_ADC_MspInit(ADC_HandleTypeDef* hadc)
  87:Src/stm32f4xx_hal_msp.c **** {
  95              		.loc 1 87 1 is_stmt 1 view -0
  96              		.cfi_startproc
  97              		@ args = 0, pretend = 0, frame = 32
  98              		@ frame_needed = 0, uses_anonymous_args = 0
  99              		.loc 1 87 1 is_stmt 0 view .LVU15
 100 0000 10B5     		push	{r4, lr}
 101              	.LCFI2:
 102              		.cfi_def_cfa_offset 8
 103              		.cfi_offset 4, -8
 104              		.cfi_offset 14, -4
 105 0002 88B0     		sub	sp, sp, #32
 106              	.LCFI3:
 107              		.cfi_def_cfa_offset 40
  88:Src/stm32f4xx_hal_msp.c ****   GPIO_InitTypeDef GPIO_InitStruct = {0};
 108              		.loc 1 88 3 is_stmt 1 view .LVU16
 109              		.loc 1 88 20 is_stmt 0 view .LVU17
 110 0004 0023     		movs	r3, #0
 111 0006 0393     		str	r3, [sp, #12]
 112 0008 0493     		str	r3, [sp, #16]
 113 000a 0593     		str	r3, [sp, #20]
 114 000c 0693     		str	r3, [sp, #24]
 115 000e 0793     		str	r3, [sp, #28]
  89:Src/stm32f4xx_hal_msp.c ****   if(hadc->Instance==ADC1)
 116              		.loc 1 89 3 is_stmt 1 view .LVU18
 117              		.loc 1 89 10 is_stmt 0 view .LVU19
 118 0010 0268     		ldr	r2, [r0]
 119              		.loc 1 89 5 view .LVU20
 120 0012 03F18043 		add	r3, r3, #1073741824
 121 0016 03F59033 		add	r3, r3, #73728
 122 001a 9A42     		cmp	r2, r3
 123 001c 01D0     		beq	.L8
 124              	.LVL1:
 125              	.L5:
  90:Src/stm32f4xx_hal_msp.c ****   {
  91:Src/stm32f4xx_hal_msp.c ****   /* USER CODE BEGIN ADC1_MspInit 0 */
  92:Src/stm32f4xx_hal_msp.c **** 
  93:Src/stm32f4xx_hal_msp.c ****   /* USER CODE END ADC1_MspInit 0 */
  94:Src/stm32f4xx_hal_msp.c ****     /* Peripheral clock enable */
  95:Src/stm32f4xx_hal_msp.c ****     __HAL_RCC_ADC1_CLK_ENABLE();
  96:Src/stm32f4xx_hal_msp.c ****   
  97:Src/stm32f4xx_hal_msp.c ****     __HAL_RCC_GPIOA_CLK_ENABLE();
  98:Src/stm32f4xx_hal_msp.c ****     /**ADC1 GPIO Configuration    
  99:Src/stm32f4xx_hal_msp.c ****     PA0-WKUP     ------> ADC1_IN0 
 100:Src/stm32f4xx_hal_msp.c ****     */
 101:Src/stm32f4xx_hal_msp.c ****     GPIO_InitStruct.Pin = GPIO_PIN_0;
 102:Src/stm32f4xx_hal_msp.c ****     GPIO_InitStruct.Mode = GPIO_MODE_ANALOG;
 103:Src/stm32f4xx_hal_msp.c ****     GPIO_InitStruct.Pull = GPIO_NOPULL;
 104:Src/stm32f4xx_hal_msp.c ****     HAL_GPIO_Init(GPIOA, &GPIO_InitStruct);
 105:Src/stm32f4xx_hal_msp.c **** 
 106:Src/stm32f4xx_hal_msp.c ****     /* ADC1 interrupt Init */
ARM GAS  /tmp/ccUTwZQr.s 			page 5


 107:Src/stm32f4xx_hal_msp.c ****     HAL_NVIC_SetPriority(ADC_IRQn, 0, 0);
 108:Src/stm32f4xx_hal_msp.c ****     HAL_NVIC_EnableIRQ(ADC_IRQn);
 109:Src/stm32f4xx_hal_msp.c ****   /* USER CODE BEGIN ADC1_MspInit 1 */
 110:Src/stm32f4xx_hal_msp.c **** 
 111:Src/stm32f4xx_hal_msp.c ****   /* USER CODE END ADC1_MspInit 1 */
 112:Src/stm32f4xx_hal_msp.c ****   }
 113:Src/stm32f4xx_hal_msp.c **** 
 114:Src/stm32f4xx_hal_msp.c **** }
 126              		.loc 1 114 1 view .LVU21
 127 001e 08B0     		add	sp, sp, #32
 128              	.LCFI4:
 129              		.cfi_remember_state
 130              		.cfi_def_cfa_offset 8
 131              		@ sp needed
 132 0020 10BD     		pop	{r4, pc}
 133              	.LVL2:
 134              	.L8:
 135              	.LCFI5:
 136              		.cfi_restore_state
  95:Src/stm32f4xx_hal_msp.c ****   
 137              		.loc 1 95 5 is_stmt 1 view .LVU22
 138              	.LBB4:
  95:Src/stm32f4xx_hal_msp.c ****   
 139              		.loc 1 95 5 view .LVU23
 140 0022 0024     		movs	r4, #0
 141 0024 0194     		str	r4, [sp, #4]
  95:Src/stm32f4xx_hal_msp.c ****   
 142              		.loc 1 95 5 view .LVU24
 143 0026 03F58C33 		add	r3, r3, #71680
 144 002a 5A6C     		ldr	r2, [r3, #68]
 145 002c 42F48072 		orr	r2, r2, #256
 146 0030 5A64     		str	r2, [r3, #68]
  95:Src/stm32f4xx_hal_msp.c ****   
 147              		.loc 1 95 5 view .LVU25
 148 0032 5A6C     		ldr	r2, [r3, #68]
 149 0034 02F48072 		and	r2, r2, #256
 150 0038 0192     		str	r2, [sp, #4]
  95:Src/stm32f4xx_hal_msp.c ****   
 151              		.loc 1 95 5 view .LVU26
 152 003a 019A     		ldr	r2, [sp, #4]
 153              	.LBE4:
  95:Src/stm32f4xx_hal_msp.c ****   
 154              		.loc 1 95 5 view .LVU27
  97:Src/stm32f4xx_hal_msp.c ****     /**ADC1 GPIO Configuration    
 155              		.loc 1 97 5 view .LVU28
 156              	.LBB5:
  97:Src/stm32f4xx_hal_msp.c ****     /**ADC1 GPIO Configuration    
 157              		.loc 1 97 5 view .LVU29
 158 003c 0294     		str	r4, [sp, #8]
  97:Src/stm32f4xx_hal_msp.c ****     /**ADC1 GPIO Configuration    
 159              		.loc 1 97 5 view .LVU30
 160 003e 1A6B     		ldr	r2, [r3, #48]
 161 0040 42F00102 		orr	r2, r2, #1
 162 0044 1A63     		str	r2, [r3, #48]
  97:Src/stm32f4xx_hal_msp.c ****     /**ADC1 GPIO Configuration    
 163              		.loc 1 97 5 view .LVU31
 164 0046 1B6B     		ldr	r3, [r3, #48]
ARM GAS  /tmp/ccUTwZQr.s 			page 6


 165 0048 03F00103 		and	r3, r3, #1
 166 004c 0293     		str	r3, [sp, #8]
  97:Src/stm32f4xx_hal_msp.c ****     /**ADC1 GPIO Configuration    
 167              		.loc 1 97 5 view .LVU32
 168 004e 029B     		ldr	r3, [sp, #8]
 169              	.LBE5:
  97:Src/stm32f4xx_hal_msp.c ****     /**ADC1 GPIO Configuration    
 170              		.loc 1 97 5 view .LVU33
 101:Src/stm32f4xx_hal_msp.c ****     GPIO_InitStruct.Mode = GPIO_MODE_ANALOG;
 171              		.loc 1 101 5 view .LVU34
 101:Src/stm32f4xx_hal_msp.c ****     GPIO_InitStruct.Mode = GPIO_MODE_ANALOG;
 172              		.loc 1 101 25 is_stmt 0 view .LVU35
 173 0050 0123     		movs	r3, #1
 174 0052 0393     		str	r3, [sp, #12]
 102:Src/stm32f4xx_hal_msp.c ****     GPIO_InitStruct.Pull = GPIO_NOPULL;
 175              		.loc 1 102 5 is_stmt 1 view .LVU36
 102:Src/stm32f4xx_hal_msp.c ****     GPIO_InitStruct.Pull = GPIO_NOPULL;
 176              		.loc 1 102 26 is_stmt 0 view .LVU37
 177 0054 0323     		movs	r3, #3
 178 0056 0493     		str	r3, [sp, #16]
 103:Src/stm32f4xx_hal_msp.c ****     HAL_GPIO_Init(GPIOA, &GPIO_InitStruct);
 179              		.loc 1 103 5 is_stmt 1 view .LVU38
 103:Src/stm32f4xx_hal_msp.c ****     HAL_GPIO_Init(GPIOA, &GPIO_InitStruct);
 180              		.loc 1 103 26 is_stmt 0 view .LVU39
 181 0058 0594     		str	r4, [sp, #20]
 104:Src/stm32f4xx_hal_msp.c **** 
 182              		.loc 1 104 5 is_stmt 1 view .LVU40
 183 005a 03A9     		add	r1, sp, #12
 184 005c 0548     		ldr	r0, .L9
 185              	.LVL3:
 104:Src/stm32f4xx_hal_msp.c **** 
 186              		.loc 1 104 5 is_stmt 0 view .LVU41
 187 005e FFF7FEFF 		bl	HAL_GPIO_Init
 188              	.LVL4:
 107:Src/stm32f4xx_hal_msp.c ****     HAL_NVIC_EnableIRQ(ADC_IRQn);
 189              		.loc 1 107 5 is_stmt 1 view .LVU42
 190 0062 2246     		mov	r2, r4
 191 0064 2146     		mov	r1, r4
 192 0066 1220     		movs	r0, #18
 193 0068 FFF7FEFF 		bl	HAL_NVIC_SetPriority
 194              	.LVL5:
 108:Src/stm32f4xx_hal_msp.c ****   /* USER CODE BEGIN ADC1_MspInit 1 */
 195              		.loc 1 108 5 view .LVU43
 196 006c 1220     		movs	r0, #18
 197 006e FFF7FEFF 		bl	HAL_NVIC_EnableIRQ
 198              	.LVL6:
 199              		.loc 1 114 1 is_stmt 0 view .LVU44
 200 0072 D4E7     		b	.L5
 201              	.L10:
 202              		.align	2
 203              	.L9:
 204 0074 00000240 		.word	1073872896
 205              		.cfi_endproc
 206              	.LFE131:
 208              		.section	.text.HAL_ADC_MspDeInit,"ax",%progbits
 209              		.align	1
 210              		.global	HAL_ADC_MspDeInit
ARM GAS  /tmp/ccUTwZQr.s 			page 7


 211              		.syntax unified
 212              		.thumb
 213              		.thumb_func
 214              		.fpu fpv4-sp-d16
 216              	HAL_ADC_MspDeInit:
 217              	.LVL7:
 218              	.LFB132:
 115:Src/stm32f4xx_hal_msp.c **** 
 116:Src/stm32f4xx_hal_msp.c **** /**
 117:Src/stm32f4xx_hal_msp.c **** * @brief ADC MSP De-Initialization
 118:Src/stm32f4xx_hal_msp.c **** * This function freeze the hardware resources used in this example
 119:Src/stm32f4xx_hal_msp.c **** * @param hadc: ADC handle pointer
 120:Src/stm32f4xx_hal_msp.c **** * @retval None
 121:Src/stm32f4xx_hal_msp.c **** */
 122:Src/stm32f4xx_hal_msp.c **** void HAL_ADC_MspDeInit(ADC_HandleTypeDef* hadc)
 123:Src/stm32f4xx_hal_msp.c **** {
 219              		.loc 1 123 1 is_stmt 1 view -0
 220              		.cfi_startproc
 221              		@ args = 0, pretend = 0, frame = 0
 222              		@ frame_needed = 0, uses_anonymous_args = 0
 223              		.loc 1 123 1 is_stmt 0 view .LVU46
 224 0000 08B5     		push	{r3, lr}
 225              	.LCFI6:
 226              		.cfi_def_cfa_offset 8
 227              		.cfi_offset 3, -8
 228              		.cfi_offset 14, -4
 124:Src/stm32f4xx_hal_msp.c ****   if(hadc->Instance==ADC1)
 229              		.loc 1 124 3 is_stmt 1 view .LVU47
 230              		.loc 1 124 10 is_stmt 0 view .LVU48
 231 0002 0268     		ldr	r2, [r0]
 232              		.loc 1 124 5 view .LVU49
 233 0004 084B     		ldr	r3, .L15
 234 0006 9A42     		cmp	r2, r3
 235 0008 00D0     		beq	.L14
 236              	.LVL8:
 237              	.L11:
 125:Src/stm32f4xx_hal_msp.c ****   {
 126:Src/stm32f4xx_hal_msp.c ****   /* USER CODE BEGIN ADC1_MspDeInit 0 */
 127:Src/stm32f4xx_hal_msp.c **** 
 128:Src/stm32f4xx_hal_msp.c ****   /* USER CODE END ADC1_MspDeInit 0 */
 129:Src/stm32f4xx_hal_msp.c ****     /* Peripheral clock disable */
 130:Src/stm32f4xx_hal_msp.c ****     __HAL_RCC_ADC1_CLK_DISABLE();
 131:Src/stm32f4xx_hal_msp.c ****   
 132:Src/stm32f4xx_hal_msp.c ****     /**ADC1 GPIO Configuration    
 133:Src/stm32f4xx_hal_msp.c ****     PA0-WKUP     ------> ADC1_IN0 
 134:Src/stm32f4xx_hal_msp.c ****     */
 135:Src/stm32f4xx_hal_msp.c ****     HAL_GPIO_DeInit(GPIOA, GPIO_PIN_0);
 136:Src/stm32f4xx_hal_msp.c **** 
 137:Src/stm32f4xx_hal_msp.c ****     /* ADC1 interrupt DeInit */
 138:Src/stm32f4xx_hal_msp.c ****     HAL_NVIC_DisableIRQ(ADC_IRQn);
 139:Src/stm32f4xx_hal_msp.c ****   /* USER CODE BEGIN ADC1_MspDeInit 1 */
 140:Src/stm32f4xx_hal_msp.c **** 
 141:Src/stm32f4xx_hal_msp.c ****   /* USER CODE END ADC1_MspDeInit 1 */
 142:Src/stm32f4xx_hal_msp.c ****   }
 143:Src/stm32f4xx_hal_msp.c **** 
 144:Src/stm32f4xx_hal_msp.c **** }
 238              		.loc 1 144 1 view .LVU50
ARM GAS  /tmp/ccUTwZQr.s 			page 8


 239 000a 08BD     		pop	{r3, pc}
 240              	.LVL9:
 241              	.L14:
 130:Src/stm32f4xx_hal_msp.c ****   
 242              		.loc 1 130 5 is_stmt 1 view .LVU51
 243 000c 074A     		ldr	r2, .L15+4
 244 000e 536C     		ldr	r3, [r2, #68]
 245 0010 23F48073 		bic	r3, r3, #256
 246 0014 5364     		str	r3, [r2, #68]
 135:Src/stm32f4xx_hal_msp.c **** 
 247              		.loc 1 135 5 view .LVU52
 248 0016 0121     		movs	r1, #1
 249 0018 0548     		ldr	r0, .L15+8
 250              	.LVL10:
 135:Src/stm32f4xx_hal_msp.c **** 
 251              		.loc 1 135 5 is_stmt 0 view .LVU53
 252 001a FFF7FEFF 		bl	HAL_GPIO_DeInit
 253              	.LVL11:
 138:Src/stm32f4xx_hal_msp.c ****   /* USER CODE BEGIN ADC1_MspDeInit 1 */
 254              		.loc 1 138 5 is_stmt 1 view .LVU54
 255 001e 1220     		movs	r0, #18
 256 0020 FFF7FEFF 		bl	HAL_NVIC_DisableIRQ
 257              	.LVL12:
 258              		.loc 1 144 1 is_stmt 0 view .LVU55
 259 0024 F1E7     		b	.L11
 260              	.L16:
 261 0026 00BF     		.align	2
 262              	.L15:
 263 0028 00200140 		.word	1073815552
 264 002c 00380240 		.word	1073887232
 265 0030 00000240 		.word	1073872896
 266              		.cfi_endproc
 267              	.LFE132:
 269              		.section	.text.HAL_TIM_Base_MspInit,"ax",%progbits
 270              		.align	1
 271              		.global	HAL_TIM_Base_MspInit
 272              		.syntax unified
 273              		.thumb
 274              		.thumb_func
 275              		.fpu fpv4-sp-d16
 277              	HAL_TIM_Base_MspInit:
 278              	.LVL13:
 279              	.LFB133:
 145:Src/stm32f4xx_hal_msp.c **** 
 146:Src/stm32f4xx_hal_msp.c **** /**
 147:Src/stm32f4xx_hal_msp.c **** * @brief TIM_Base MSP Initialization
 148:Src/stm32f4xx_hal_msp.c **** * This function configures the hardware resources used in this example
 149:Src/stm32f4xx_hal_msp.c **** * @param htim_base: TIM_Base handle pointer
 150:Src/stm32f4xx_hal_msp.c **** * @retval None
 151:Src/stm32f4xx_hal_msp.c **** */
 152:Src/stm32f4xx_hal_msp.c **** void HAL_TIM_Base_MspInit(TIM_HandleTypeDef* htim_base)
 153:Src/stm32f4xx_hal_msp.c **** {
 280              		.loc 1 153 1 is_stmt 1 view -0
 281              		.cfi_startproc
 282              		@ args = 0, pretend = 0, frame = 8
 283              		@ frame_needed = 0, uses_anonymous_args = 0
 154:Src/stm32f4xx_hal_msp.c ****   if(htim_base->Instance==TIM2)
ARM GAS  /tmp/ccUTwZQr.s 			page 9


 284              		.loc 1 154 3 view .LVU57
 285              		.loc 1 154 15 is_stmt 0 view .LVU58
 286 0000 0368     		ldr	r3, [r0]
 287              		.loc 1 154 5 view .LVU59
 288 0002 B3F1804F 		cmp	r3, #1073741824
 289 0006 00D0     		beq	.L23
 290 0008 7047     		bx	lr
 291              	.L23:
 153:Src/stm32f4xx_hal_msp.c ****   if(htim_base->Instance==TIM2)
 292              		.loc 1 153 1 view .LVU60
 293 000a 00B5     		push	{lr}
 294              	.LCFI7:
 295              		.cfi_def_cfa_offset 4
 296              		.cfi_offset 14, -4
 297 000c 83B0     		sub	sp, sp, #12
 298              	.LCFI8:
 299              		.cfi_def_cfa_offset 16
 155:Src/stm32f4xx_hal_msp.c ****   {
 156:Src/stm32f4xx_hal_msp.c ****   /* USER CODE BEGIN TIM2_MspInit 0 */
 157:Src/stm32f4xx_hal_msp.c **** 
 158:Src/stm32f4xx_hal_msp.c ****   /* USER CODE END TIM2_MspInit 0 */
 159:Src/stm32f4xx_hal_msp.c ****     /* Peripheral clock enable */
 160:Src/stm32f4xx_hal_msp.c ****     __HAL_RCC_TIM2_CLK_ENABLE();
 300              		.loc 1 160 5 is_stmt 1 view .LVU61
 301              	.LBB6:
 302              		.loc 1 160 5 view .LVU62
 303 000e 0021     		movs	r1, #0
 304 0010 0191     		str	r1, [sp, #4]
 305              		.loc 1 160 5 view .LVU63
 306 0012 03F50E33 		add	r3, r3, #145408
 307 0016 1A6C     		ldr	r2, [r3, #64]
 308 0018 42F00102 		orr	r2, r2, #1
 309 001c 1A64     		str	r2, [r3, #64]
 310              		.loc 1 160 5 view .LVU64
 311 001e 1B6C     		ldr	r3, [r3, #64]
 312 0020 03F00103 		and	r3, r3, #1
 313 0024 0193     		str	r3, [sp, #4]
 314              		.loc 1 160 5 view .LVU65
 315 0026 019B     		ldr	r3, [sp, #4]
 316              	.LBE6:
 317              		.loc 1 160 5 view .LVU66
 161:Src/stm32f4xx_hal_msp.c ****     /* TIM2 interrupt Init */
 162:Src/stm32f4xx_hal_msp.c ****     HAL_NVIC_SetPriority(TIM2_IRQn, 0, 0);
 318              		.loc 1 162 5 view .LVU67
 319 0028 0A46     		mov	r2, r1
 320 002a 1C20     		movs	r0, #28
 321              	.LVL14:
 322              		.loc 1 162 5 is_stmt 0 view .LVU68
 323 002c FFF7FEFF 		bl	HAL_NVIC_SetPriority
 324              	.LVL15:
 163:Src/stm32f4xx_hal_msp.c ****     HAL_NVIC_EnableIRQ(TIM2_IRQn);
 325              		.loc 1 163 5 is_stmt 1 view .LVU69
 326 0030 1C20     		movs	r0, #28
 327 0032 FFF7FEFF 		bl	HAL_NVIC_EnableIRQ
 328              	.LVL16:
 164:Src/stm32f4xx_hal_msp.c ****   /* USER CODE BEGIN TIM2_MspInit 1 */
 165:Src/stm32f4xx_hal_msp.c **** 
ARM GAS  /tmp/ccUTwZQr.s 			page 10


 166:Src/stm32f4xx_hal_msp.c ****   /* USER CODE END TIM2_MspInit 1 */
 167:Src/stm32f4xx_hal_msp.c ****   }
 168:Src/stm32f4xx_hal_msp.c **** 
 169:Src/stm32f4xx_hal_msp.c **** }
 329              		.loc 1 169 1 is_stmt 0 view .LVU70
 330 0036 03B0     		add	sp, sp, #12
 331              	.LCFI9:
 332              		.cfi_def_cfa_offset 4
 333              		@ sp needed
 334 0038 5DF804FB 		ldr	pc, [sp], #4
 335              		.cfi_endproc
 336              	.LFE133:
 338              		.section	.text.HAL_TIM_Base_MspDeInit,"ax",%progbits
 339              		.align	1
 340              		.global	HAL_TIM_Base_MspDeInit
 341              		.syntax unified
 342              		.thumb
 343              		.thumb_func
 344              		.fpu fpv4-sp-d16
 346              	HAL_TIM_Base_MspDeInit:
 347              	.LVL17:
 348              	.LFB134:
 170:Src/stm32f4xx_hal_msp.c **** 
 171:Src/stm32f4xx_hal_msp.c **** /**
 172:Src/stm32f4xx_hal_msp.c **** * @brief TIM_Base MSP De-Initialization
 173:Src/stm32f4xx_hal_msp.c **** * This function freeze the hardware resources used in this example
 174:Src/stm32f4xx_hal_msp.c **** * @param htim_base: TIM_Base handle pointer
 175:Src/stm32f4xx_hal_msp.c **** * @retval None
 176:Src/stm32f4xx_hal_msp.c **** */
 177:Src/stm32f4xx_hal_msp.c **** void HAL_TIM_Base_MspDeInit(TIM_HandleTypeDef* htim_base)
 178:Src/stm32f4xx_hal_msp.c **** {
 349              		.loc 1 178 1 is_stmt 1 view -0
 350              		.cfi_startproc
 351              		@ args = 0, pretend = 0, frame = 0
 352              		@ frame_needed = 0, uses_anonymous_args = 0
 353              		.loc 1 178 1 is_stmt 0 view .LVU72
 354 0000 08B5     		push	{r3, lr}
 355              	.LCFI10:
 356              		.cfi_def_cfa_offset 8
 357              		.cfi_offset 3, -8
 358              		.cfi_offset 14, -4
 179:Src/stm32f4xx_hal_msp.c ****   if(htim_base->Instance==TIM2)
 359              		.loc 1 179 3 is_stmt 1 view .LVU73
 360              		.loc 1 179 15 is_stmt 0 view .LVU74
 361 0002 0368     		ldr	r3, [r0]
 362              		.loc 1 179 5 view .LVU75
 363 0004 B3F1804F 		cmp	r3, #1073741824
 364 0008 00D0     		beq	.L27
 365              	.LVL18:
 366              	.L24:
 180:Src/stm32f4xx_hal_msp.c ****   {
 181:Src/stm32f4xx_hal_msp.c ****   /* USER CODE BEGIN TIM2_MspDeInit 0 */
 182:Src/stm32f4xx_hal_msp.c **** 
 183:Src/stm32f4xx_hal_msp.c ****   /* USER CODE END TIM2_MspDeInit 0 */
 184:Src/stm32f4xx_hal_msp.c ****     /* Peripheral clock disable */
 185:Src/stm32f4xx_hal_msp.c ****     __HAL_RCC_TIM2_CLK_DISABLE();
 186:Src/stm32f4xx_hal_msp.c **** 
ARM GAS  /tmp/ccUTwZQr.s 			page 11


 187:Src/stm32f4xx_hal_msp.c ****     /* TIM2 interrupt DeInit */
 188:Src/stm32f4xx_hal_msp.c ****     HAL_NVIC_DisableIRQ(TIM2_IRQn);
 189:Src/stm32f4xx_hal_msp.c ****   /* USER CODE BEGIN TIM2_MspDeInit 1 */
 190:Src/stm32f4xx_hal_msp.c **** 
 191:Src/stm32f4xx_hal_msp.c ****   /* USER CODE END TIM2_MspDeInit 1 */
 192:Src/stm32f4xx_hal_msp.c ****   }
 193:Src/stm32f4xx_hal_msp.c **** 
 194:Src/stm32f4xx_hal_msp.c **** }
 367              		.loc 1 194 1 view .LVU76
 368 000a 08BD     		pop	{r3, pc}
 369              	.LVL19:
 370              	.L27:
 185:Src/stm32f4xx_hal_msp.c **** 
 371              		.loc 1 185 5 is_stmt 1 view .LVU77
 372 000c 044A     		ldr	r2, .L28
 373 000e 136C     		ldr	r3, [r2, #64]
 374 0010 23F00103 		bic	r3, r3, #1
 375 0014 1364     		str	r3, [r2, #64]
 188:Src/stm32f4xx_hal_msp.c ****   /* USER CODE BEGIN TIM2_MspDeInit 1 */
 376              		.loc 1 188 5 view .LVU78
 377 0016 1C20     		movs	r0, #28
 378              	.LVL20:
 188:Src/stm32f4xx_hal_msp.c ****   /* USER CODE BEGIN TIM2_MspDeInit 1 */
 379              		.loc 1 188 5 is_stmt 0 view .LVU79
 380 0018 FFF7FEFF 		bl	HAL_NVIC_DisableIRQ
 381              	.LVL21:
 382              		.loc 1 194 1 view .LVU80
 383 001c F5E7     		b	.L24
 384              	.L29:
 385 001e 00BF     		.align	2
 386              	.L28:
 387 0020 00380240 		.word	1073887232
 388              		.cfi_endproc
 389              	.LFE134:
 391              		.section	.text.HAL_UART_MspInit,"ax",%progbits
 392              		.align	1
 393              		.global	HAL_UART_MspInit
 394              		.syntax unified
 395              		.thumb
 396              		.thumb_func
 397              		.fpu fpv4-sp-d16
 399              	HAL_UART_MspInit:
 400              	.LVL22:
 401              	.LFB135:
 195:Src/stm32f4xx_hal_msp.c **** 
 196:Src/stm32f4xx_hal_msp.c **** /**
 197:Src/stm32f4xx_hal_msp.c **** * @brief UART MSP Initialization
 198:Src/stm32f4xx_hal_msp.c **** * This function configures the hardware resources used in this example
 199:Src/stm32f4xx_hal_msp.c **** * @param huart: UART handle pointer
 200:Src/stm32f4xx_hal_msp.c **** * @retval None
 201:Src/stm32f4xx_hal_msp.c **** */
 202:Src/stm32f4xx_hal_msp.c **** void HAL_UART_MspInit(UART_HandleTypeDef* huart)
 203:Src/stm32f4xx_hal_msp.c **** {
 402              		.loc 1 203 1 is_stmt 1 view -0
 403              		.cfi_startproc
 404              		@ args = 0, pretend = 0, frame = 32
 405              		@ frame_needed = 0, uses_anonymous_args = 0
ARM GAS  /tmp/ccUTwZQr.s 			page 12


 406              		.loc 1 203 1 is_stmt 0 view .LVU82
 407 0000 00B5     		push	{lr}
 408              	.LCFI11:
 409              		.cfi_def_cfa_offset 4
 410              		.cfi_offset 14, -4
 411 0002 89B0     		sub	sp, sp, #36
 412              	.LCFI12:
 413              		.cfi_def_cfa_offset 40
 204:Src/stm32f4xx_hal_msp.c ****   GPIO_InitTypeDef GPIO_InitStruct = {0};
 414              		.loc 1 204 3 is_stmt 1 view .LVU83
 415              		.loc 1 204 20 is_stmt 0 view .LVU84
 416 0004 0023     		movs	r3, #0
 417 0006 0393     		str	r3, [sp, #12]
 418 0008 0493     		str	r3, [sp, #16]
 419 000a 0593     		str	r3, [sp, #20]
 420 000c 0693     		str	r3, [sp, #24]
 421 000e 0793     		str	r3, [sp, #28]
 205:Src/stm32f4xx_hal_msp.c ****   if(huart->Instance==USART2)
 422              		.loc 1 205 3 is_stmt 1 view .LVU85
 423              		.loc 1 205 11 is_stmt 0 view .LVU86
 424 0010 0268     		ldr	r2, [r0]
 425              		.loc 1 205 5 view .LVU87
 426 0012 154B     		ldr	r3, .L34
 427 0014 9A42     		cmp	r2, r3
 428 0016 02D0     		beq	.L33
 429              	.LVL23:
 430              	.L30:
 206:Src/stm32f4xx_hal_msp.c ****   {
 207:Src/stm32f4xx_hal_msp.c ****   /* USER CODE BEGIN USART2_MspInit 0 */
 208:Src/stm32f4xx_hal_msp.c **** 
 209:Src/stm32f4xx_hal_msp.c ****   /* USER CODE END USART2_MspInit 0 */
 210:Src/stm32f4xx_hal_msp.c ****     /* Peripheral clock enable */
 211:Src/stm32f4xx_hal_msp.c ****     __HAL_RCC_USART2_CLK_ENABLE();
 212:Src/stm32f4xx_hal_msp.c ****   
 213:Src/stm32f4xx_hal_msp.c ****     __HAL_RCC_GPIOA_CLK_ENABLE();
 214:Src/stm32f4xx_hal_msp.c ****     /**USART2 GPIO Configuration    
 215:Src/stm32f4xx_hal_msp.c ****     PA2     ------> USART2_TX
 216:Src/stm32f4xx_hal_msp.c ****     PA3     ------> USART2_RX 
 217:Src/stm32f4xx_hal_msp.c ****     */
 218:Src/stm32f4xx_hal_msp.c ****     GPIO_InitStruct.Pin = GPIO_PIN_2|GPIO_PIN_3;
 219:Src/stm32f4xx_hal_msp.c ****     GPIO_InitStruct.Mode = GPIO_MODE_AF_PP;
 220:Src/stm32f4xx_hal_msp.c ****     GPIO_InitStruct.Pull = GPIO_NOPULL;
 221:Src/stm32f4xx_hal_msp.c ****     GPIO_InitStruct.Speed = GPIO_SPEED_FREQ_VERY_HIGH;
 222:Src/stm32f4xx_hal_msp.c ****     GPIO_InitStruct.Alternate = GPIO_AF7_USART2;
 223:Src/stm32f4xx_hal_msp.c ****     HAL_GPIO_Init(GPIOA, &GPIO_InitStruct);
 224:Src/stm32f4xx_hal_msp.c **** 
 225:Src/stm32f4xx_hal_msp.c ****   /* USER CODE BEGIN USART2_MspInit 1 */
 226:Src/stm32f4xx_hal_msp.c **** 
 227:Src/stm32f4xx_hal_msp.c ****   /* USER CODE END USART2_MspInit 1 */
 228:Src/stm32f4xx_hal_msp.c ****   }
 229:Src/stm32f4xx_hal_msp.c **** 
 230:Src/stm32f4xx_hal_msp.c **** }
 431              		.loc 1 230 1 view .LVU88
 432 0018 09B0     		add	sp, sp, #36
 433              	.LCFI13:
 434              		.cfi_remember_state
 435              		.cfi_def_cfa_offset 4
ARM GAS  /tmp/ccUTwZQr.s 			page 13


 436              		@ sp needed
 437 001a 5DF804FB 		ldr	pc, [sp], #4
 438              	.LVL24:
 439              	.L33:
 440              	.LCFI14:
 441              		.cfi_restore_state
 211:Src/stm32f4xx_hal_msp.c ****   
 442              		.loc 1 211 5 is_stmt 1 view .LVU89
 443              	.LBB7:
 211:Src/stm32f4xx_hal_msp.c ****   
 444              		.loc 1 211 5 view .LVU90
 445 001e 0022     		movs	r2, #0
 446 0020 0192     		str	r2, [sp, #4]
 211:Src/stm32f4xx_hal_msp.c ****   
 447              		.loc 1 211 5 view .LVU91
 448 0022 03F5FA33 		add	r3, r3, #128000
 449 0026 196C     		ldr	r1, [r3, #64]
 450 0028 41F40031 		orr	r1, r1, #131072
 451 002c 1964     		str	r1, [r3, #64]
 211:Src/stm32f4xx_hal_msp.c ****   
 452              		.loc 1 211 5 view .LVU92
 453 002e 196C     		ldr	r1, [r3, #64]
 454 0030 01F40031 		and	r1, r1, #131072
 455 0034 0191     		str	r1, [sp, #4]
 211:Src/stm32f4xx_hal_msp.c ****   
 456              		.loc 1 211 5 view .LVU93
 457 0036 0199     		ldr	r1, [sp, #4]
 458              	.LBE7:
 211:Src/stm32f4xx_hal_msp.c ****   
 459              		.loc 1 211 5 view .LVU94
 213:Src/stm32f4xx_hal_msp.c ****     /**USART2 GPIO Configuration    
 460              		.loc 1 213 5 view .LVU95
 461              	.LBB8:
 213:Src/stm32f4xx_hal_msp.c ****     /**USART2 GPIO Configuration    
 462              		.loc 1 213 5 view .LVU96
 463 0038 0292     		str	r2, [sp, #8]
 213:Src/stm32f4xx_hal_msp.c ****     /**USART2 GPIO Configuration    
 464              		.loc 1 213 5 view .LVU97
 465 003a 196B     		ldr	r1, [r3, #48]
 466 003c 41F00101 		orr	r1, r1, #1
 467 0040 1963     		str	r1, [r3, #48]
 213:Src/stm32f4xx_hal_msp.c ****     /**USART2 GPIO Configuration    
 468              		.loc 1 213 5 view .LVU98
 469 0042 1B6B     		ldr	r3, [r3, #48]
 470 0044 03F00103 		and	r3, r3, #1
 471 0048 0293     		str	r3, [sp, #8]
 213:Src/stm32f4xx_hal_msp.c ****     /**USART2 GPIO Configuration    
 472              		.loc 1 213 5 view .LVU99
 473 004a 029B     		ldr	r3, [sp, #8]
 474              	.LBE8:
 213:Src/stm32f4xx_hal_msp.c ****     /**USART2 GPIO Configuration    
 475              		.loc 1 213 5 view .LVU100
 218:Src/stm32f4xx_hal_msp.c ****     GPIO_InitStruct.Mode = GPIO_MODE_AF_PP;
 476              		.loc 1 218 5 view .LVU101
 218:Src/stm32f4xx_hal_msp.c ****     GPIO_InitStruct.Mode = GPIO_MODE_AF_PP;
 477              		.loc 1 218 25 is_stmt 0 view .LVU102
 478 004c 0C23     		movs	r3, #12
ARM GAS  /tmp/ccUTwZQr.s 			page 14


 479 004e 0393     		str	r3, [sp, #12]
 219:Src/stm32f4xx_hal_msp.c ****     GPIO_InitStruct.Pull = GPIO_NOPULL;
 480              		.loc 1 219 5 is_stmt 1 view .LVU103
 219:Src/stm32f4xx_hal_msp.c ****     GPIO_InitStruct.Pull = GPIO_NOPULL;
 481              		.loc 1 219 26 is_stmt 0 view .LVU104
 482 0050 0223     		movs	r3, #2
 483 0052 0493     		str	r3, [sp, #16]
 220:Src/stm32f4xx_hal_msp.c ****     GPIO_InitStruct.Speed = GPIO_SPEED_FREQ_VERY_HIGH;
 484              		.loc 1 220 5 is_stmt 1 view .LVU105
 220:Src/stm32f4xx_hal_msp.c ****     GPIO_InitStruct.Speed = GPIO_SPEED_FREQ_VERY_HIGH;
 485              		.loc 1 220 26 is_stmt 0 view .LVU106
 486 0054 0592     		str	r2, [sp, #20]
 221:Src/stm32f4xx_hal_msp.c ****     GPIO_InitStruct.Alternate = GPIO_AF7_USART2;
 487              		.loc 1 221 5 is_stmt 1 view .LVU107
 221:Src/stm32f4xx_hal_msp.c ****     GPIO_InitStruct.Alternate = GPIO_AF7_USART2;
 488              		.loc 1 221 27 is_stmt 0 view .LVU108
 489 0056 0323     		movs	r3, #3
 490 0058 0693     		str	r3, [sp, #24]
 222:Src/stm32f4xx_hal_msp.c ****     HAL_GPIO_Init(GPIOA, &GPIO_InitStruct);
 491              		.loc 1 222 5 is_stmt 1 view .LVU109
 222:Src/stm32f4xx_hal_msp.c ****     HAL_GPIO_Init(GPIOA, &GPIO_InitStruct);
 492              		.loc 1 222 31 is_stmt 0 view .LVU110
 493 005a 0723     		movs	r3, #7
 494 005c 0793     		str	r3, [sp, #28]
 223:Src/stm32f4xx_hal_msp.c **** 
 495              		.loc 1 223 5 is_stmt 1 view .LVU111
 496 005e 03A9     		add	r1, sp, #12
 497 0060 0248     		ldr	r0, .L34+4
 498              	.LVL25:
 223:Src/stm32f4xx_hal_msp.c **** 
 499              		.loc 1 223 5 is_stmt 0 view .LVU112
 500 0062 FFF7FEFF 		bl	HAL_GPIO_Init
 501              	.LVL26:
 502              		.loc 1 230 1 view .LVU113
 503 0066 D7E7     		b	.L30
 504              	.L35:
 505              		.align	2
 506              	.L34:
 507 0068 00440040 		.word	1073759232
 508 006c 00000240 		.word	1073872896
 509              		.cfi_endproc
 510              	.LFE135:
 512              		.section	.text.HAL_UART_MspDeInit,"ax",%progbits
 513              		.align	1
 514              		.global	HAL_UART_MspDeInit
 515              		.syntax unified
 516              		.thumb
 517              		.thumb_func
 518              		.fpu fpv4-sp-d16
 520              	HAL_UART_MspDeInit:
 521              	.LVL27:
 522              	.LFB136:
 231:Src/stm32f4xx_hal_msp.c **** 
 232:Src/stm32f4xx_hal_msp.c **** /**
 233:Src/stm32f4xx_hal_msp.c **** * @brief UART MSP De-Initialization
 234:Src/stm32f4xx_hal_msp.c **** * This function freeze the hardware resources used in this example
 235:Src/stm32f4xx_hal_msp.c **** * @param huart: UART handle pointer
ARM GAS  /tmp/ccUTwZQr.s 			page 15


 236:Src/stm32f4xx_hal_msp.c **** * @retval None
 237:Src/stm32f4xx_hal_msp.c **** */
 238:Src/stm32f4xx_hal_msp.c **** void HAL_UART_MspDeInit(UART_HandleTypeDef* huart)
 239:Src/stm32f4xx_hal_msp.c **** {
 523              		.loc 1 239 1 is_stmt 1 view -0
 524              		.cfi_startproc
 525              		@ args = 0, pretend = 0, frame = 0
 526              		@ frame_needed = 0, uses_anonymous_args = 0
 527              		.loc 1 239 1 is_stmt 0 view .LVU115
 528 0000 08B5     		push	{r3, lr}
 529              	.LCFI15:
 530              		.cfi_def_cfa_offset 8
 531              		.cfi_offset 3, -8
 532              		.cfi_offset 14, -4
 240:Src/stm32f4xx_hal_msp.c ****   if(huart->Instance==USART2)
 533              		.loc 1 240 3 is_stmt 1 view .LVU116
 534              		.loc 1 240 11 is_stmt 0 view .LVU117
 535 0002 0268     		ldr	r2, [r0]
 536              		.loc 1 240 5 view .LVU118
 537 0004 064B     		ldr	r3, .L40
 538 0006 9A42     		cmp	r2, r3
 539 0008 00D0     		beq	.L39
 540              	.LVL28:
 541              	.L36:
 241:Src/stm32f4xx_hal_msp.c ****   {
 242:Src/stm32f4xx_hal_msp.c ****   /* USER CODE BEGIN USART2_MspDeInit 0 */
 243:Src/stm32f4xx_hal_msp.c **** 
 244:Src/stm32f4xx_hal_msp.c ****   /* USER CODE END USART2_MspDeInit 0 */
 245:Src/stm32f4xx_hal_msp.c ****     /* Peripheral clock disable */
 246:Src/stm32f4xx_hal_msp.c ****     __HAL_RCC_USART2_CLK_DISABLE();
 247:Src/stm32f4xx_hal_msp.c ****   
 248:Src/stm32f4xx_hal_msp.c ****     /**USART2 GPIO Configuration    
 249:Src/stm32f4xx_hal_msp.c ****     PA2     ------> USART2_TX
 250:Src/stm32f4xx_hal_msp.c ****     PA3     ------> USART2_RX 
 251:Src/stm32f4xx_hal_msp.c ****     */
 252:Src/stm32f4xx_hal_msp.c ****     HAL_GPIO_DeInit(GPIOA, GPIO_PIN_2|GPIO_PIN_3);
 253:Src/stm32f4xx_hal_msp.c **** 
 254:Src/stm32f4xx_hal_msp.c ****   /* USER CODE BEGIN USART2_MspDeInit 1 */
 255:Src/stm32f4xx_hal_msp.c **** 
 256:Src/stm32f4xx_hal_msp.c ****   /* USER CODE END USART2_MspDeInit 1 */
 257:Src/stm32f4xx_hal_msp.c ****   }
 258:Src/stm32f4xx_hal_msp.c **** 
 259:Src/stm32f4xx_hal_msp.c **** }
 542              		.loc 1 259 1 view .LVU119
 543 000a 08BD     		pop	{r3, pc}
 544              	.LVL29:
 545              	.L39:
 246:Src/stm32f4xx_hal_msp.c ****   
 546              		.loc 1 246 5 is_stmt 1 view .LVU120
 547 000c 054A     		ldr	r2, .L40+4
 548 000e 136C     		ldr	r3, [r2, #64]
 549 0010 23F40033 		bic	r3, r3, #131072
 550 0014 1364     		str	r3, [r2, #64]
 252:Src/stm32f4xx_hal_msp.c **** 
 551              		.loc 1 252 5 view .LVU121
 552 0016 0C21     		movs	r1, #12
 553 0018 0348     		ldr	r0, .L40+8
ARM GAS  /tmp/ccUTwZQr.s 			page 16


 554              	.LVL30:
 252:Src/stm32f4xx_hal_msp.c **** 
 555              		.loc 1 252 5 is_stmt 0 view .LVU122
 556 001a FFF7FEFF 		bl	HAL_GPIO_DeInit
 557              	.LVL31:
 558              		.loc 1 259 1 view .LVU123
 559 001e F4E7     		b	.L36
 560              	.L41:
 561              		.align	2
 562              	.L40:
 563 0020 00440040 		.word	1073759232
 564 0024 00380240 		.word	1073887232
 565 0028 00000240 		.word	1073872896
 566              		.cfi_endproc
 567              	.LFE136:
 569              		.comm	htim2,64,4
 570              		.comm	huart2,64,4
 571              		.comm	ADCValue,2,2
 572              		.text
 573              	.Letext0:
 574              		.file 2 "/home/garnet/gcc-arm-none-eabi-9-2019-q4-major/lib/gcc/arm-none-eabi/9.2.1/include/stdint
 575              		.file 3 "Drivers/CMSIS/Include/core_cm4.h"
 576              		.file 4 "Drivers/CMSIS/Device/ST/STM32F4xx/Include/system_stm32f4xx.h"
 577              		.file 5 "Drivers/CMSIS/Device/ST/STM32F4xx/Include/stm32f401xe.h"
 578              		.file 6 "Drivers/CMSIS/Device/ST/STM32F4xx/Include/stm32f4xx.h"
 579              		.file 7 "Drivers/STM32F4xx_HAL_Driver/Inc/stm32f4xx_hal_def.h"
 580              		.file 8 "Drivers/STM32F4xx_HAL_Driver/Inc/stm32f4xx_hal_gpio.h"
 581              		.file 9 "Drivers/STM32F4xx_HAL_Driver/Inc/stm32f4xx_hal_dma.h"
 582              		.file 10 "Drivers/STM32F4xx_HAL_Driver/Inc/stm32f4xx_hal_adc.h"
 583              		.file 11 "Drivers/STM32F4xx_HAL_Driver/Inc/stm32f4xx_hal_tim.h"
 584              		.file 12 "Drivers/STM32F4xx_HAL_Driver/Inc/stm32f4xx_hal_uart.h"
 585              		.file 13 "Drivers/STM32F4xx_HAL_Driver/Inc/stm32f4xx_hal.h"
 586              		.file 14 "Inc/main.h"
 587              		.file 15 "Drivers/STM32F4xx_HAL_Driver/Inc/stm32f4xx_hal_cortex.h"
ARM GAS  /tmp/ccUTwZQr.s 			page 17


DEFINED SYMBOLS
                            *ABS*:0000000000000000 stm32f4xx_hal_msp.c
     /tmp/ccUTwZQr.s:18     .text.HAL_MspInit:0000000000000000 $t
     /tmp/ccUTwZQr.s:26     .text.HAL_MspInit:0000000000000000 HAL_MspInit
     /tmp/ccUTwZQr.s:80     .text.HAL_MspInit:0000000000000034 $d
     /tmp/ccUTwZQr.s:85     .text.HAL_ADC_MspInit:0000000000000000 $t
     /tmp/ccUTwZQr.s:92     .text.HAL_ADC_MspInit:0000000000000000 HAL_ADC_MspInit
     /tmp/ccUTwZQr.s:204    .text.HAL_ADC_MspInit:0000000000000074 $d
     /tmp/ccUTwZQr.s:209    .text.HAL_ADC_MspDeInit:0000000000000000 $t
     /tmp/ccUTwZQr.s:216    .text.HAL_ADC_MspDeInit:0000000000000000 HAL_ADC_MspDeInit
     /tmp/ccUTwZQr.s:263    .text.HAL_ADC_MspDeInit:0000000000000028 $d
     /tmp/ccUTwZQr.s:270    .text.HAL_TIM_Base_MspInit:0000000000000000 $t
     /tmp/ccUTwZQr.s:277    .text.HAL_TIM_Base_MspInit:0000000000000000 HAL_TIM_Base_MspInit
     /tmp/ccUTwZQr.s:339    .text.HAL_TIM_Base_MspDeInit:0000000000000000 $t
     /tmp/ccUTwZQr.s:346    .text.HAL_TIM_Base_MspDeInit:0000000000000000 HAL_TIM_Base_MspDeInit
     /tmp/ccUTwZQr.s:387    .text.HAL_TIM_Base_MspDeInit:0000000000000020 $d
     /tmp/ccUTwZQr.s:392    .text.HAL_UART_MspInit:0000000000000000 $t
     /tmp/ccUTwZQr.s:399    .text.HAL_UART_MspInit:0000000000000000 HAL_UART_MspInit
     /tmp/ccUTwZQr.s:507    .text.HAL_UART_MspInit:0000000000000068 $d
     /tmp/ccUTwZQr.s:513    .text.HAL_UART_MspDeInit:0000000000000000 $t
     /tmp/ccUTwZQr.s:520    .text.HAL_UART_MspDeInit:0000000000000000 HAL_UART_MspDeInit
     /tmp/ccUTwZQr.s:563    .text.HAL_UART_MspDeInit:0000000000000020 $d
                            *COM*:0000000000000040 htim2
                            *COM*:0000000000000040 huart2
                            *COM*:0000000000000002 ADCValue

UNDEFINED SYMBOLS
HAL_GPIO_Init
HAL_NVIC_SetPriority
HAL_NVIC_EnableIRQ
HAL_GPIO_DeInit
HAL_NVIC_DisableIRQ
